<?xml version="1.0" encoding="UTF-8"?>
<coverage generated="1377142485">
  <project timestamp="1377142485">
    <file name="/home/travis/build/IcecaveStudios/collections/lib/Icecave/Collections/AssociativeInterface.php">
      <metrics loc="154" ncloc="31" classes="0" methods="0" coveredmethods="0" conditionals="0" coveredconditionals="0" statements="0" coveredstatements="0" elements="0" coveredelements="0"/>
    </file>
    <package name="Icecave\Collections">
      <file name="/home/travis/build/IcecaveStudios/collections/lib/Icecave/Collections/Collection.php">
        <class name="Collection" namespace="Icecave\Collections">
          <metrics methods="21" coveredmethods="21" conditionals="0" coveredconditionals="0" statements="210" coveredstatements="210" elements="231" coveredelements="231"/>
        </class>
        <line num="28" type="method" name="isEmpty" crap="2" count="5"/>
        <line num="30" type="stmt" count="5"/>
        <line num="32" type="stmt" count="5"/>
        <line num="33" type="stmt" count="2"/>
        <line num="36" type="stmt" count="3"/>
        <line num="46" type="method" name="size" crap="5" count="25"/>
        <line num="48" type="stmt" count="25"/>
        <line num="50" type="stmt" count="25"/>
        <line num="51" type="stmt" count="2"/>
        <line num="52" type="stmt" count="23"/>
        <line num="53" type="stmt" count="2"/>
        <line num="54" type="stmt" count="21"/>
        <line num="55" type="stmt" count="19"/>
        <line num="58" type="stmt" count="2"/>
        <line num="59" type="stmt" count="2"/>
        <line num="60" type="stmt" count="2"/>
        <line num="61" type="stmt" count="2"/>
        <line num="63" type="stmt" count="2"/>
        <line num="75" type="method" name="get" crap="2" count="10"/>
        <line num="77" type="stmt" count="10"/>
        <line num="79" type="stmt" count="10"/>
        <line num="80" type="stmt" count="10"/>
        <line num="81" type="stmt" count="5"/>
        <line num="84" type="stmt" count="5"/>
        <line num="96" type="method" name="tryGet" crap="5" count="30"/>
        <line num="98" type="stmt" count="30"/>
        <line num="100" type="stmt" count="30"/>
        <line num="101" type="stmt" count="6"/>
        <line num="102" type="stmt" count="24"/>
        <line num="103" type="stmt" count="6"/>
        <line num="104" type="stmt" count="3"/>
        <line num="106" type="stmt" count="3"/>
        <line num="109" type="stmt" count="3"/>
        <line num="112" type="stmt" count="18"/>
        <line num="113" type="stmt" count="18"/>
        <line num="115" type="stmt" count="18"/>
        <line num="116" type="stmt" count="9"/>
        <line num="118" type="stmt" count="9"/>
        <line num="121" type="stmt" count="18"/>
        <line num="123" type="stmt" count="18"/>
        <line num="135" type="method" name="getWithDefault" crap="2" count="10"/>
        <line num="137" type="stmt" count="10"/>
        <line num="139" type="stmt" count="10"/>
        <line num="140" type="stmt" count="10"/>
        <line num="141" type="stmt" count="5"/>
        <line num="144" type="stmt" count="5"/>
        <line num="155" type="method" name="hasKey" crap="6" count="5"/>
        <line num="157" type="stmt" count="5"/>
        <line num="159" type="stmt" count="5"/>
        <line num="160" type="stmt" count="1"/>
        <line num="161" type="stmt" count="4"/>
        <line num="162" type="stmt" count="1"/>
        <line num="163" type="stmt" count="3"/>
        <line num="164" type="stmt" count="1"/>
        <line num="167" type="stmt" count="2"/>
        <line num="168" type="stmt" count="2"/>
        <line num="170" type="stmt" count="2"/>
        <line num="172" type="stmt" count="2"/>
        <line num="183" type="method" name="contains" crap="3" count="5"/>
        <line num="185" type="stmt" count="5"/>
        <line num="187" type="stmt" count="5"/>
        <line num="188" type="stmt" count="2"/>
        <line num="189" type="stmt" count="3"/>
        <line num="190" type="stmt" count="1"/>
        <line num="193" type="stmt" count="2"/>
        <line num="194" type="stmt" count="2"/>
        <line num="196" type="stmt" count="2"/>
        <line num="198" type="stmt" count="2"/>
        <line num="208" type="method" name="keys" crap="5" count="5"/>
        <line num="210" type="stmt" count="5"/>
        <line num="212" type="stmt" count="5"/>
        <line num="213" type="stmt" count="1"/>
        <line num="214" type="stmt" count="4"/>
        <line num="215" type="stmt" count="1"/>
        <line num="216" type="stmt" count="3"/>
        <line num="217" type="stmt" count="1"/>
        <line num="220" type="stmt" count="2"/>
        <line num="221" type="stmt" count="2"/>
        <line num="222" type="stmt" count="2"/>
        <line num="223" type="stmt" count="2"/>
        <line num="225" type="stmt" count="2"/>
        <line num="235" type="method" name="values" crap="5" count="5"/>
        <line num="237" type="stmt" count="5"/>
        <line num="239" type="stmt" count="5"/>
        <line num="240" type="stmt" count="1"/>
        <line num="241" type="stmt" count="4"/>
        <line num="242" type="stmt" count="1"/>
        <line num="243" type="stmt" count="3"/>
        <line num="244" type="stmt" count="1"/>
        <line num="247" type="stmt" count="2"/>
        <line num="248" type="stmt" count="2"/>
        <line num="249" type="stmt" count="2"/>
        <line num="250" type="stmt" count="2"/>
        <line num="252" type="stmt" count="2"/>
        <line num="264" type="method" name="elements" crap="2" count="5"/>
        <line num="266" type="stmt" count="5"/>
        <line num="268" type="stmt" count="5"/>
        <line num="269" type="stmt" count="1"/>
        <line num="272" type="stmt" count="4"/>
        <line num="274" type="stmt" count="4"/>
        <line num="275" type="stmt" count="4"/>
        <line num="277" type="stmt" count="4"/>
        <line num="278" type="stmt" count="4"/>
        <line num="279" type="stmt" count="4"/>
        <line num="281" type="stmt" count="4"/>
        <line num="296" type="method" name="map" crap="1" count="15"/>
        <line num="298" type="stmt" count="15"/>
        <line num="300" type="stmt" count="15"/>
        <line num="301" type="stmt" count="15"/>
        <line num="303" type="stmt" count="15"/>
        <line num="304" type="stmt" count="15"/>
        <line num="305" type="stmt" count="15"/>
        <line num="306" type="stmt" count="15"/>
        <line num="308" type="stmt" count="15"/>
        <line num="323" type="method" name="filter" crap="2" count="15"/>
        <line num="325" type="stmt" count="15"/>
        <line num="327" type="stmt" count="15"/>
        <line num="328" type="stmt" count="15"/>
        <line num="330" type="stmt" count="15"/>
        <line num="331" type="stmt" count="15"/>
        <line num="332" type="stmt" count="15"/>
        <line num="333" type="stmt" count="15"/>
        <line num="334" type="stmt" count="15"/>
        <line num="336" type="stmt" count="15"/>
        <line num="347" type="method" name="each" crap="1" count="39"/>
        <line num="349" type="stmt" count="39"/>
        <line num="351" type="stmt" count="39"/>
        <line num="352" type="stmt" count="39"/>
        <line num="354" type="stmt" count="39"/>
        <line num="356" type="stmt" count="39"/>
        <line num="358" type="stmt" count="39"/>
        <line num="359" type="stmt" count="39"/>
        <line num="371" type="method" name="all" crap="8" count="74"/>
        <line num="373" type="stmt" count="74"/>
        <line num="375" type="stmt" count="74"/>
        <line num="377" type="stmt" count="25"/>
        <line num="378" type="stmt" count="16"/>
        <line num="379" type="stmt" count="16"/>
        <line num="381" type="stmt" count="16"/>
        <line num="382" type="stmt" count="16"/>
        <line num="383" type="stmt" count="16"/>
        <line num="385" type="stmt" count="25"/>
        <line num="386" type="stmt" count="49"/>
        <line num="387" type="stmt" count="11"/>
        <line num="388" type="stmt" count="11"/>
        <line num="389" type="stmt" count="2"/>
        <line num="391" type="stmt" count="11"/>
        <line num="392" type="stmt" count="10"/>
        <line num="393" type="stmt" count="38"/>
        <line num="394" type="stmt" count="38"/>
        <line num="395" type="stmt" count="38"/>
        <line num="396" type="stmt" count="14"/>
        <line num="398" type="stmt" count="38"/>
        <line num="401" type="stmt" count="40"/>
        <line num="414" type="method" name="any" crap="1" count="27"/>
        <line num="416" type="stmt" count="27"/>
        <line num="418" type="stmt" count="27"/>
        <line num="419" type="stmt" count="27"/>
        <line num="421" type="stmt" count="27"/>
        <line num="423" type="stmt" count="27"/>
        <line num="433" type="method" name="isSequential" crap="2" count="5"/>
        <line num="435" type="stmt" count="5"/>
        <line num="437" type="stmt" count="5"/>
        <line num="438" type="stmt" count="2"/>
        <line num="441" type="stmt" count="3"/>
        <line num="443" type="stmt" count="3"/>
        <line num="444" type="stmt" count="3"/>
        <line num="446" type="stmt" count="3"/>
        <line num="448" type="stmt" count="3"/>
        <line num="458" type="method" name="iteratorTraits" crap="8" count="12"/>
        <line num="460" type="stmt" count="12"/>
        <line num="462" type="stmt" count="12"/>
        <line num="463" type="stmt" count="1"/>
        <line num="464" type="stmt" count="11"/>
        <line num="465" type="stmt" count="1"/>
        <line num="466" type="stmt" count="10"/>
        <line num="467" type="stmt" count="3"/>
        <line num="468" type="stmt" count="7"/>
        <line num="469" type="stmt" count="2"/>
        <line num="470" type="stmt" count="5"/>
        <line num="471" type="stmt" count="1"/>
        <line num="472" type="stmt" count="4"/>
        <line num="473" type="stmt" count="1"/>
        <line num="474" type="stmt" count="3"/>
        <line num="475" type="stmt" count="1"/>
        <line num="477" type="stmt" count="2"/>
        <line num="492" type="method" name="lowerBound" crap="4" count="23"/>
        <line num="494" type="stmt" count="23"/>
        <line num="496" type="stmt" count="23"/>
        <line num="497" type="stmt" count="6"/>
        <line num="498" type="stmt" count="6"/>
        <line num="500" type="stmt" count="23"/>
        <line num="502" type="stmt" count="23"/>
        <line num="503" type="stmt" count="23"/>
        <line num="504" type="stmt" count="23"/>
        <line num="506" type="stmt" count="23"/>
        <line num="507" type="stmt" count="15"/>
        <line num="508" type="stmt" count="15"/>
        <line num="509" type="stmt" count="15"/>
        <line num="510" type="stmt" count="18"/>
        <line num="512" type="stmt" count="23"/>
        <line num="514" type="stmt" count="23"/>
        <line num="528" type="method" name="upperBound" crap="4" count="12"/>
        <line num="530" type="stmt" count="12"/>
        <line num="532" type="stmt" count="12"/>
        <line num="533" type="stmt" count="6"/>
        <line num="534" type="stmt" count="6"/>
        <line num="536" type="stmt" count="12"/>
        <line num="538" type="stmt" count="12"/>
        <line num="539" type="stmt" count="12"/>
        <line num="540" type="stmt" count="12"/>
        <line num="542" type="stmt" count="12"/>
        <line num="543" type="stmt" count="10"/>
        <line num="544" type="stmt" count="10"/>
        <line num="545" type="stmt" count="10"/>
        <line num="546" type="stmt" count="7"/>
        <line num="548" type="stmt" count="12"/>
        <line num="550" type="stmt" count="12"/>
        <line num="567" type="method" name="binarySearch" crap="4" count="11"/>
        <line num="569" type="stmt" count="11"/>
        <line num="571" type="stmt" count="11"/>
        <line num="572" type="stmt" count="5"/>
        <line num="573" type="stmt" count="5"/>
        <line num="575" type="stmt" count="11"/>
        <line num="577" type="stmt" count="11"/>
        <line num="578" type="stmt" count="3"/>
        <line num="579" type="stmt" count="8"/>
        <line num="580" type="stmt" count="3"/>
        <line num="583" type="stmt" count="5"/>
        <line num="586" type="stmt" count="0"/>
        <metrics loc="585" ncloc="394" classes="1" methods="21" coveredmethods="21" conditionals="0" coveredconditionals="0" statements="209" coveredstatements="209" elements="230" coveredelements="230"/>
      </file>
      <file name="/home/travis/build/IcecaveStudios/collections/lib/Icecave/Collections/HashMap.php">
        <class name="HashMap" namespace="Icecave\Collections">
          <metrics methods="57" coveredmethods="57" conditionals="0" coveredconditionals="0" statements="341" coveredstatements="341" elements="398" coveredelements="398"/>
        </class>
        <line num="21" type="method" name="__construct" crap="4" count="11"/>
        <line num="23" type="stmt" count="11"/>
        <line num="25" type="stmt" count="11"/>
        <line num="26" type="stmt" count="4"/>
        <line num="27" type="stmt" count="4"/>
        <line num="29" type="stmt" count="11"/>
        <line num="30" type="stmt" count="11"/>
        <line num="32" type="stmt" count="11"/>
        <line num="33" type="stmt" count="1"/>
        <line num="34" type="stmt" count="1"/>
        <line num="35" type="stmt" count="1"/>
        <line num="36" type="stmt" count="1"/>
        <line num="37" type="stmt" count="11"/>
        <line num="50" type="method" name="size" crap="1" count="4"/>
        <line num="52" type="stmt" count="4"/>
        <line num="54" type="stmt" count="4"/>
        <line num="62" type="method" name="isEmpty" crap="1" count="4"/>
        <line num="64" type="stmt" count="4"/>
        <line num="66" type="stmt" count="4"/>
        <line num="77" type="method" name="__toString" crap="5" count="1"/>
        <line num="79" type="stmt" count="1"/>
        <line num="80" type="stmt" count="1"/>
        <line num="83" type="stmt" count="1"/>
        <line num="84" type="stmt" count="1"/>
        <line num="85" type="stmt" count="1"/>
        <line num="86" type="stmt" count="1"/>
        <line num="87" type="stmt" count="1"/>
        <line num="90" type="stmt" count="1"/>
        <line num="92" type="stmt" count="1"/>
        <line num="93" type="stmt" count="1"/>
        <line num="95" type="stmt" count="1"/>
        <line num="96" type="stmt" count="1"/>
        <line num="97" type="stmt" count="1"/>
        <line num="98" type="stmt" count="1"/>
        <line num="101" type="stmt" count="1"/>
        <line num="102" type="stmt" count="1"/>
        <line num="103" type="stmt" count="1"/>
        <line num="104" type="stmt" count="1"/>
        <line num="105" type="stmt" count="1"/>
        <line num="115" type="method" name="clear" crap="1" count="4"/>
        <line num="117" type="stmt" count="4"/>
        <line num="119" type="stmt" count="4"/>
        <line num="120" type="stmt" count="4"/>
        <line num="131" type="method" name="iteratorTraits" crap="1" count="1"/>
        <line num="133" type="stmt" count="1"/>
        <line num="135" type="stmt" count="1"/>
        <line num="147" type="method" name="elements" crap="1" count="6"/>
        <line num="149" type="stmt" count="6"/>
        <line num="151" type="stmt" count="6"/>
        <line num="161" type="method" name="contains" crap="3" count="1"/>
        <line num="163" type="stmt" count="1"/>
        <line num="165" type="stmt" count="1"/>
        <line num="166" type="stmt" count="1"/>
        <line num="167" type="stmt" count="1"/>
        <line num="168" type="stmt" count="1"/>
        <line num="170" type="stmt" count="1"/>
        <line num="172" type="stmt" count="1"/>
        <line num="185" type="method" name="filter" crap="4" count="2"/>
        <line num="187" type="stmt" count="2"/>
        <line num="189" type="stmt" count="2"/>
        <line num="190" type="stmt" count="1"/>
        <line num="191" type="stmt" count="1"/>
        <line num="192" type="stmt" count="1"/>
        <line num="193" type="stmt" count="1"/>
        <line num="195" type="stmt" count="2"/>
        <line num="197" type="stmt" count="2"/>
        <line num="198" type="stmt" count="2"/>
        <line num="199" type="stmt" count="2"/>
        <line num="200" type="stmt" count="2"/>
        <line num="201" type="stmt" count="2"/>
        <line num="202" type="stmt" count="2"/>
        <line num="204" type="stmt" count="2"/>
        <line num="220" type="method" name="map" crap="2" count="1"/>
        <line num="222" type="stmt" count="1"/>
        <line num="224" type="stmt" count="1"/>
        <line num="226" type="stmt" count="1"/>
        <line num="227" type="stmt" count="1"/>
        <line num="228" type="stmt" count="1"/>
        <line num="229" type="stmt" count="1"/>
        <line num="230" type="stmt" count="1"/>
        <line num="231" type="stmt" count="1"/>
        <line num="233" type="stmt" count="1"/>
        <line num="248" type="method" name="partition" crap="3" count="1"/>
        <line num="250" type="stmt" count="1"/>
        <line num="252" type="stmt" count="1"/>
        <line num="253" type="stmt" count="1"/>
        <line num="255" type="stmt" count="1"/>
        <line num="256" type="stmt" count="1"/>
        <line num="257" type="stmt" count="1"/>
        <line num="258" type="stmt" count="1"/>
        <line num="259" type="stmt" count="1"/>
        <line num="261" type="stmt" count="1"/>
        <line num="263" type="stmt" count="1"/>
        <line num="276" type="method" name="each" crap="2" count="1"/>
        <line num="278" type="stmt" count="1"/>
        <line num="280" type="stmt" count="1"/>
        <line num="281" type="stmt" count="1"/>
        <line num="282" type="stmt" count="1"/>
        <line num="283" type="stmt" count="1"/>
        <line num="297" type="method" name="all" crap="3" count="1"/>
        <line num="299" type="stmt" count="1"/>
        <line num="301" type="stmt" count="1"/>
        <line num="302" type="stmt" count="1"/>
        <line num="303" type="stmt" count="1"/>
        <line num="305" type="stmt" count="1"/>
        <line num="307" type="stmt" count="1"/>
        <line num="322" type="method" name="any" crap="3" count="1"/>
        <line num="324" type="stmt" count="1"/>
        <line num="326" type="stmt" count="1"/>
        <line num="327" type="stmt" count="1"/>
        <line num="328" type="stmt" count="1"/>
        <line num="330" type="stmt" count="1"/>
        <line num="332" type="stmt" count="1"/>
        <line num="347" type="method" name="filterInPlace" crap="4" count="2"/>
        <line num="349" type="stmt" count="2"/>
        <line num="351" type="stmt" count="2"/>
        <line num="352" type="stmt" count="1"/>
        <line num="353" type="stmt" count="1"/>
        <line num="354" type="stmt" count="1"/>
        <line num="355" type="stmt" count="1"/>
        <line num="357" type="stmt" count="2"/>
        <line num="358" type="stmt" count="2"/>
        <line num="359" type="stmt" count="2"/>
        <line num="360" type="stmt" count="2"/>
        <line num="361" type="stmt" count="2"/>
        <line num="362" type="stmt" count="2"/>
        <line num="363" type="stmt" count="2"/>
        <line num="375" type="method" name="mapInPlace" crap="2" count="1"/>
        <line num="377" type="stmt" count="1"/>
        <line num="379" type="stmt" count="1"/>
        <line num="380" type="stmt" count="1"/>
        <line num="381" type="stmt" count="1"/>
        <line num="382" type="stmt" count="1"/>
        <line num="395" type="method" name="hasKey" crap="1" count="6"/>
        <line num="397" type="stmt" count="6"/>
        <line num="399" type="stmt" count="6"/>
        <line num="410" type="method" name="get" crap="2" count="9"/>
        <line num="412" type="stmt" count="9"/>
        <line num="414" type="stmt" count="9"/>
        <line num="415" type="stmt" count="9"/>
        <line num="416" type="stmt" count="7"/>
        <line num="419" type="stmt" count="2"/>
        <line num="430" type="method" name="tryGet" crap="2" count="18"/>
        <line num="432" type="stmt" count="18"/>
        <line num="434" type="stmt" count="18"/>
        <line num="436" type="stmt" count="18"/>
        <line num="437" type="stmt" count="15"/>
        <line num="438" type="stmt" count="15"/>
        <line num="440" type="stmt" count="15"/>
        <line num="443" type="stmt" count="11"/>
        <line num="454" type="method" name="getWithDefault" crap="2" count="1"/>
        <line num="456" type="stmt" count="1"/>
        <line num="458" type="stmt" count="1"/>
        <line num="459" type="stmt" count="1"/>
        <line num="460" type="stmt" count="1"/>
        <line num="463" type="stmt" count="1"/>
        <line num="478" type="method" name="cascade" crap="1" count="2"/>
        <line num="480" type="stmt" count="2"/>
        <line num="482" type="stmt" count="2"/>
        <line num="494" type="method" name="cascadeWithDefault" crap="1" count="1"/>
        <line num="496" type="stmt" count="1"/>
        <line num="498" type="stmt" count="1"/>
        <line num="499" type="stmt" count="1"/>
        <line num="501" type="stmt" count="1"/>
        <line num="515" type="method" name="cascadeIterable" crap="3" count="3"/>
        <line num="517" type="stmt" count="3"/>
        <line num="519" type="stmt" count="3"/>
        <line num="520" type="stmt" count="3"/>
        <line num="521" type="stmt" count="3"/>
        <line num="522" type="stmt" count="2"/>
        <line num="524" type="stmt" count="3"/>
        <line num="526" type="stmt" count="1"/>
        <line num="540" type="method" name="cascadeIterableWithDefault" crap="3" count="2"/>
        <line num="542" type="stmt" count="2"/>
        <line num="544" type="stmt" count="2"/>
        <line num="545" type="stmt" count="2"/>
        <line num="546" type="stmt" count="2"/>
        <line num="547" type="stmt" count="2"/>
        <line num="549" type="stmt" count="2"/>
        <line num="551" type="stmt" count="2"/>
        <line num="561" type="method" name="keys" crap="2" count="1"/>
        <line num="563" type="stmt" count="1"/>
        <line num="565" type="stmt" count="1"/>
        <line num="566" type="stmt" count="1"/>
        <line num="567" type="stmt" count="1"/>
        <line num="568" type="stmt" count="1"/>
        <line num="569" type="stmt" count="1"/>
        <line num="571" type="stmt" count="1"/>
        <line num="581" type="method" name="values" crap="2" count="1"/>
        <line num="583" type="stmt" count="1"/>
        <line num="585" type="stmt" count="1"/>
        <line num="586" type="stmt" count="1"/>
        <line num="587" type="stmt" count="1"/>
        <line num="588" type="stmt" count="1"/>
        <line num="589" type="stmt" count="1"/>
        <line num="591" type="stmt" count="1"/>
        <line num="605" type="method" name="merge" crap="3" count="1"/>
        <line num="607" type="stmt" count="1"/>
        <line num="609" type="stmt" count="1"/>
        <line num="611" type="stmt" count="1"/>
        <line num="612" type="stmt" count="1"/>
        <line num="613" type="stmt" count="1"/>
        <line num="614" type="stmt" count="1"/>
        <line num="615" type="stmt" count="1"/>
        <line num="616" type="stmt" count="1"/>
        <line num="618" type="stmt" count="1"/>
        <line num="631" type="method" name="project" crap="1" count="1"/>
        <line num="633" type="stmt" count="1"/>
        <line num="635" type="stmt" count="1"/>
        <line num="647" type="method" name="projectIterable" crap="3" count="2"/>
        <line num="649" type="stmt" count="2"/>
        <line num="651" type="stmt" count="2"/>
        <line num="653" type="stmt" count="2"/>
        <line num="654" type="stmt" count="2"/>
        <line num="655" type="stmt" count="2"/>
        <line num="656" type="stmt" count="2"/>
        <line num="657" type="stmt" count="2"/>
        <line num="658" type="stmt" count="2"/>
        <line num="660" type="stmt" count="2"/>
        <line num="678" type="method" name="set" crap="1" count="71"/>
        <line num="680" type="stmt" count="71"/>
        <line num="682" type="stmt" count="71"/>
        <line num="683" type="stmt" count="71"/>
        <line num="684" type="stmt" count="71"/>
        <line num="700" type="method" name="add" crap="2" count="2"/>
        <line num="702" type="stmt" count="2"/>
        <line num="704" type="stmt" count="2"/>
        <line num="705" type="stmt" count="1"/>
        <line num="707" type="stmt" count="1"/>
        <line num="721" type="method" name="tryAdd" crap="2" count="3"/>
        <line num="723" type="stmt" count="3"/>
        <line num="725" type="stmt" count="3"/>
        <line num="726" type="stmt" count="3"/>
        <line num="727" type="stmt" count="2"/>
        <line num="730" type="stmt" count="2"/>
        <line num="732" type="stmt" count="2"/>
        <line num="750" type="method" name="replace" crap="2" count="2"/>
        <line num="752" type="stmt" count="2"/>
        <line num="754" type="stmt" count="2"/>
        <line num="755" type="stmt" count="2"/>
        <line num="756" type="stmt" count="1"/>
        <line num="759" type="stmt" count="1"/>
        <line num="775" type="method" name="tryReplace" crap="2" count="4"/>
        <line num="777" type="stmt" count="4"/>
        <line num="779" type="stmt" count="4"/>
        <line num="780" type="stmt" count="4"/>
        <line num="781" type="stmt" count="2"/>
        <line num="784" type="stmt" count="2"/>
        <line num="785" type="stmt" count="2"/>
        <line num="787" type="stmt" count="2"/>
        <line num="798" type="method" name="remove" crap="2" count="9"/>
        <line num="800" type="stmt" count="9"/>
        <line num="802" type="stmt" count="9"/>
        <line num="803" type="stmt" count="9"/>
        <line num="804" type="stmt" count="2"/>
        <line num="807" type="stmt" count="7"/>
        <line num="818" type="method" name="tryRemove" crap="2" count="17"/>
        <line num="820" type="stmt" count="17"/>
        <line num="822" type="stmt" count="17"/>
        <line num="823" type="stmt" count="17"/>
        <line num="824" type="stmt" count="5"/>
        <line num="827" type="stmt" count="13"/>
        <line num="828" type="stmt" count="13"/>
        <line num="829" type="stmt" count="13"/>
        <line num="831" type="stmt" count="13"/>
        <line num="842" type="method" name="mergeInPlace" crap="3" count="1"/>
        <line num="844" type="stmt" count="1"/>
        <line num="846" type="stmt" count="1"/>
        <line num="847" type="stmt" count="1"/>
        <line num="848" type="stmt" count="1"/>
        <line num="849" type="stmt" count="1"/>
        <line num="850" type="stmt" count="1"/>
        <line num="851" type="stmt" count="1"/>
        <line num="852" type="stmt" count="1"/>
        <line num="862" type="method" name="swap" crap="3" count="3"/>
        <line num="864" type="stmt" count="3"/>
        <line num="866" type="stmt" count="3"/>
        <line num="867" type="stmt" count="3"/>
        <line num="869" type="stmt" count="3"/>
        <line num="870" type="stmt" count="1"/>
        <line num="871" type="stmt" count="2"/>
        <line num="872" type="stmt" count="1"/>
        <line num="875" type="stmt" count="1"/>
        <line num="876" type="stmt" count="1"/>
        <line num="877" type="stmt" count="1"/>
        <line num="878" type="stmt" count="1"/>
        <line num="888" type="method" name="trySwap" crap="3" count="3"/>
        <line num="890" type="stmt" count="3"/>
        <line num="892" type="stmt" count="3"/>
        <line num="893" type="stmt" count="3"/>
        <line num="895" type="stmt" count="3"/>
        <line num="896" type="stmt" count="1"/>
        <line num="897" type="stmt" count="2"/>
        <line num="898" type="stmt" count="1"/>
        <line num="901" type="stmt" count="1"/>
        <line num="902" type="stmt" count="1"/>
        <line num="903" type="stmt" count="1"/>
        <line num="905" type="stmt" count="1"/>
        <line num="920" type="method" name="move" crap="1" count="6"/>
        <line num="922" type="stmt" count="6"/>
        <line num="924" type="stmt" count="6"/>
        <line num="925" type="stmt" count="5"/>
        <line num="926" type="stmt" count="5"/>
        <line num="940" type="method" name="tryMove" crap="2" count="6"/>
        <line num="942" type="stmt" count="6"/>
        <line num="944" type="stmt" count="6"/>
        <line num="945" type="stmt" count="6"/>
        <line num="946" type="stmt" count="5"/>
        <line num="948" type="stmt" count="5"/>
        <line num="951" type="stmt" count="1"/>
        <line num="969" type="method" name="rename" crap="3" count="4"/>
        <line num="971" type="stmt" count="4"/>
        <line num="973" type="stmt" count="4"/>
        <line num="974" type="stmt" count="4"/>
        <line num="976" type="stmt" count="4"/>
        <line num="977" type="stmt" count="1"/>
        <line num="978" type="stmt" count="3"/>
        <line num="979" type="stmt" count="1"/>
        <line num="982" type="stmt" count="2"/>
        <line num="983" type="stmt" count="2"/>
        <line num="984" type="stmt" count="2"/>
        <line num="985" type="stmt" count="2"/>
        <line num="987" type="stmt" count="2"/>
        <line num="988" type="stmt" count="2"/>
        <line num="1004" type="method" name="tryRename" crap="3" count="4"/>
        <line num="1006" type="stmt" count="4"/>
        <line num="1008" type="stmt" count="4"/>
        <line num="1009" type="stmt" count="4"/>
        <line num="1011" type="stmt" count="4"/>
        <line num="1012" type="stmt" count="1"/>
        <line num="1013" type="stmt" count="3"/>
        <line num="1014" type="stmt" count="1"/>
        <line num="1017" type="stmt" count="2"/>
        <line num="1018" type="stmt" count="2"/>
        <line num="1019" type="stmt" count="2"/>
        <line num="1020" type="stmt" count="2"/>
        <line num="1022" type="stmt" count="2"/>
        <line num="1024" type="stmt" count="2"/>
        <line num="1031" type="method" name="count" crap="1" count="1"/>
        <line num="1033" type="stmt" count="1"/>
        <line num="1035" type="stmt" count="1"/>
        <line num="1042" type="method" name="current" crap="1" count="2"/>
        <line num="1044" type="stmt" count="2"/>
        <line num="1046" type="stmt" count="2"/>
        <line num="1047" type="stmt" count="2"/>
        <line num="1049" type="stmt" count="2"/>
        <line num="1052" type="method" name="key" crap="1" count="2"/>
        <line num="1054" type="stmt" count="2"/>
        <line num="1056" type="stmt" count="2"/>
        <line num="1057" type="stmt" count="2"/>
        <line num="1059" type="stmt" count="2"/>
        <line num="1062" type="method" name="next" crap="1" count="2"/>
        <line num="1064" type="stmt" count="2"/>
        <line num="1066" type="stmt" count="2"/>
        <line num="1067" type="stmt" count="2"/>
        <line num="1069" type="method" name="rewind" crap="1" count="2"/>
        <line num="1071" type="stmt" count="2"/>
        <line num="1073" type="stmt" count="2"/>
        <line num="1074" type="stmt" count="2"/>
        <line num="1076" type="method" name="valid" crap="1" count="2"/>
        <line num="1078" type="stmt" count="2"/>
        <line num="1080" type="stmt" count="2"/>
        <line num="1094" type="method" name="offsetExists" crap="1" count="1"/>
        <line num="1096" type="stmt" count="1"/>
        <line num="1098" type="stmt" count="1"/>
        <line num="1109" type="method" name="offsetGet" crap="1" count="2"/>
        <line num="1111" type="stmt" count="2"/>
        <line num="1113" type="stmt" count="2"/>
        <line num="1124" type="method" name="offsetSet" crap="1" count="1"/>
        <line num="1126" type="stmt" count="1"/>
        <line num="1128" type="stmt" count="1"/>
        <line num="1129" type="stmt" count="1"/>
        <line num="1136" type="method" name="offsetUnset" crap="1" count="1"/>
        <line num="1138" type="stmt" count="1"/>
        <line num="1140" type="stmt" count="1"/>
        <line num="1141" type="stmt" count="1"/>
        <line num="1152" type="method" name="serialize" crap="1" count="2"/>
        <line num="1154" type="stmt" count="2"/>
        <line num="1156" type="stmt" count="2"/>
        <line num="1158" type="stmt" count="2"/>
        <line num="1159" type="stmt" count="2"/>
        <line num="1160" type="stmt" count="2"/>
        <line num="1161" type="stmt" count="2"/>
        <line num="1169" type="method" name="unserialize" crap="2" count="2"/>
        <line num="1171" type="stmt" count="2"/>
        <line num="1173" type="stmt" count="2"/>
        <line num="1175" type="stmt" count="2"/>
        <line num="1177" type="stmt" count="2"/>
        <line num="1178" type="stmt" count="1"/>
        <line num="1179" type="stmt" count="1"/>
        <line num="1180" type="stmt" count="2"/>
        <line num="1181" type="stmt" count="2"/>
        <line num="1192" type="method" name="generateHash" crap="1" count="80"/>
        <line num="1194" type="stmt" count="80"/>
        <metrics loc="1200" ncloc="675" classes="1" methods="57" coveredmethods="57" conditionals="0" coveredconditionals="0" statements="338" coveredstatements="338" elements="395" coveredelements="395"/>
      </file>
      <file name="/home/travis/build/IcecaveStudios/collections/lib/Icecave/Collections/HashSet.php">
        <class name="HashSet" namespace="Icecave\Collections">
          <metrics methods="46" coveredmethods="46" conditionals="0" coveredconditionals="0" statements="268" coveredstatements="268" elements="314" coveredelements="314"/>
        </class>
        <line num="23" type="method" name="__construct" crap="4" count="189"/>
        <line num="25" type="stmt" count="189"/>
        <line num="27" type="stmt" count="189"/>
        <line num="28" type="stmt" count="184"/>
        <line num="29" type="stmt" count="184"/>
        <line num="31" type="stmt" count="189"/>
        <line num="32" type="stmt" count="189"/>
        <line num="34" type="stmt" count="189"/>
        <line num="35" type="stmt" count="185"/>
        <line num="36" type="stmt" count="156"/>
        <line num="37" type="stmt" count="185"/>
        <line num="38" type="stmt" count="185"/>
        <line num="39" type="stmt" count="189"/>
        <line num="52" type="method" name="size" crap="1" count="178"/>
        <line num="54" type="stmt" count="178"/>
        <line num="56" type="stmt" count="178"/>
        <line num="64" type="method" name="isEmpty" crap="1" count="3"/>
        <line num="66" type="stmt" count="3"/>
        <line num="68" type="stmt" count="3"/>
        <line num="79" type="method" name="__toString" crap="3" count="1"/>
        <line num="81" type="stmt" count="1"/>
        <line num="82" type="stmt" count="1"/>
        <line num="83" type="stmt" count="1"/>
        <line num="84" type="stmt" count="1"/>
        <line num="85" type="stmt" count="1"/>
        <line num="86" type="stmt" count="1"/>
        <line num="87" type="stmt" count="1"/>
        <line num="88" type="stmt" count="1"/>
        <line num="91" type="stmt" count="1"/>
        <line num="92" type="stmt" count="1"/>
        <line num="93" type="stmt" count="1"/>
        <line num="94" type="stmt" count="1"/>
        <line num="95" type="stmt" count="1"/>
        <line num="96" type="stmt" count="1"/>
        <line num="97" type="stmt" count="1"/>
        <line num="99" type="stmt" count="1"/>
        <line num="100" type="stmt" count="1"/>
        <line num="101" type="stmt" count="1"/>
        <line num="111" type="method" name="clear" crap="1" count="4"/>
        <line num="113" type="stmt" count="4"/>
        <line num="115" type="stmt" count="4"/>
        <line num="116" type="stmt" count="4"/>
        <line num="127" type="method" name="iteratorTraits" crap="1" count="1"/>
        <line num="129" type="stmt" count="1"/>
        <line num="131" type="stmt" count="1"/>
        <line num="143" type="method" name="elements" crap="1" count="3"/>
        <line num="145" type="stmt" count="3"/>
        <line num="147" type="stmt" count="3"/>
        <line num="157" type="method" name="contains" crap="1" count="8"/>
        <line num="159" type="stmt" count="8"/>
        <line num="161" type="stmt" count="8"/>
        <line num="162" type="stmt" count="8"/>
        <line num="163" type="stmt" count="8"/>
        <line num="164" type="stmt" count="8"/>
        <line num="177" type="method" name="filter" crap="4" count="2"/>
        <line num="179" type="stmt" count="2"/>
        <line num="181" type="stmt" count="2"/>
        <line num="182" type="stmt" count="1"/>
        <line num="183" type="stmt" count="1"/>
        <line num="184" type="stmt" count="1"/>
        <line num="185" type="stmt" count="1"/>
        <line num="187" type="stmt" count="2"/>
        <line num="189" type="stmt" count="2"/>
        <line num="190" type="stmt" count="2"/>
        <line num="191" type="stmt" count="2"/>
        <line num="192" type="stmt" count="2"/>
        <line num="193" type="stmt" count="2"/>
        <line num="195" type="stmt" count="2"/>
        <line num="211" type="method" name="map" crap="1" count="1"/>
        <line num="213" type="stmt" count="1"/>
        <line num="215" type="stmt" count="1"/>
        <line num="216" type="stmt" count="1"/>
        <line num="217" type="stmt" count="1"/>
        <line num="218" type="stmt" count="1"/>
        <line num="220" type="stmt" count="1"/>
        <line num="232" type="method" name="partition" crap="3" count="1"/>
        <line num="234" type="stmt" count="1"/>
        <line num="236" type="stmt" count="1"/>
        <line num="237" type="stmt" count="1"/>
        <line num="239" type="stmt" count="1"/>
        <line num="240" type="stmt" count="1"/>
        <line num="241" type="stmt" count="1"/>
        <line num="242" type="stmt" count="1"/>
        <line num="243" type="stmt" count="1"/>
        <line num="245" type="stmt" count="1"/>
        <line num="247" type="stmt" count="1"/>
        <line num="257" type="method" name="each" crap="2" count="1"/>
        <line num="259" type="stmt" count="1"/>
        <line num="261" type="stmt" count="1"/>
        <line num="262" type="stmt" count="1"/>
        <line num="263" type="stmt" count="1"/>
        <line num="264" type="stmt" count="1"/>
        <line num="275" type="method" name="all" crap="3" count="1"/>
        <line num="277" type="stmt" count="1"/>
        <line num="279" type="stmt" count="1"/>
        <line num="280" type="stmt" count="1"/>
        <line num="281" type="stmt" count="1"/>
        <line num="283" type="stmt" count="1"/>
        <line num="285" type="stmt" count="1"/>
        <line num="297" type="method" name="any" crap="3" count="1"/>
        <line num="299" type="stmt" count="1"/>
        <line num="301" type="stmt" count="1"/>
        <line num="302" type="stmt" count="1"/>
        <line num="303" type="stmt" count="1"/>
        <line num="305" type="stmt" count="1"/>
        <line num="307" type="stmt" count="1"/>
        <line num="322" type="method" name="filterInPlace" crap="4" count="2"/>
        <line num="324" type="stmt" count="2"/>
        <line num="326" type="stmt" count="2"/>
        <line num="327" type="stmt" count="1"/>
        <line num="328" type="stmt" count="1"/>
        <line num="329" type="stmt" count="1"/>
        <line num="330" type="stmt" count="1"/>
        <line num="332" type="stmt" count="2"/>
        <line num="333" type="stmt" count="2"/>
        <line num="334" type="stmt" count="2"/>
        <line num="335" type="stmt" count="2"/>
        <line num="336" type="stmt" count="2"/>
        <line num="337" type="stmt" count="2"/>
        <line num="349" type="method" name="mapInPlace" crap="4" count="1"/>
        <line num="351" type="stmt" count="1"/>
        <line num="353" type="stmt" count="1"/>
        <line num="355" type="stmt" count="1"/>
        <line num="356" type="stmt" count="1"/>
        <line num="357" type="stmt" count="1"/>
        <line num="358" type="stmt" count="1"/>
        <line num="360" type="stmt" count="1"/>
        <line num="361" type="stmt" count="1"/>
        <line num="362" type="stmt" count="1"/>
        <line num="363" type="stmt" count="1"/>
        <line num="364" type="stmt" count="1"/>
        <line num="365" type="stmt" count="1"/>
        <line num="366" type="stmt" count="1"/>
        <line num="367" type="stmt" count="1"/>
        <line num="373" type="method" name="count" crap="1" count="1"/>
        <line num="375" type="stmt" count="1"/>
        <line num="377" type="stmt" count="1"/>
        <line num="384" type="method" name="getIterator" crap="1" count="1"/>
        <line num="386" type="stmt" count="1"/>
        <line num="388" type="stmt" count="1"/>
        <line num="389" type="stmt" count="1"/>
        <line num="390" type="stmt" count="1"/>
        <line num="402" type="method" name="serialize" crap="1" count="2"/>
        <line num="404" type="stmt" count="2"/>
        <line num="406" type="stmt" count="2"/>
        <line num="408" type="stmt" count="2"/>
        <line num="409" type="stmt" count="2"/>
        <line num="410" type="stmt" count="2"/>
        <line num="411" type="stmt" count="2"/>
        <line num="419" type="method" name="unserialize" crap="1" count="2"/>
        <line num="421" type="stmt" count="2"/>
        <line num="423" type="stmt" count="2"/>
        <line num="424" type="stmt" count="2"/>
        <line num="425" type="stmt" count="2"/>
        <line num="440" type="method" name="cascade" crap="1" count="2"/>
        <line num="442" type="stmt" count="2"/>
        <line num="444" type="stmt" count="2"/>
        <line num="456" type="method" name="cascadeWithDefault" crap="1" count="1"/>
        <line num="458" type="stmt" count="1"/>
        <line num="460" type="stmt" count="1"/>
        <line num="461" type="stmt" count="1"/>
        <line num="463" type="stmt" count="1"/>
        <line num="477" type="method" name="cascadeIterable" crap="3" count="3"/>
        <line num="479" type="stmt" count="3"/>
        <line num="481" type="stmt" count="3"/>
        <line num="482" type="stmt" count="3"/>
        <line num="483" type="stmt" count="2"/>
        <line num="485" type="stmt" count="3"/>
        <line num="487" type="stmt" count="1"/>
        <line num="501" type="method" name="cascadeIterableWithDefault" crap="3" count="2"/>
        <line num="503" type="stmt" count="2"/>
        <line num="505" type="stmt" count="2"/>
        <line num="506" type="stmt" count="2"/>
        <line num="507" type="stmt" count="2"/>
        <line num="509" type="stmt" count="2"/>
        <line num="511" type="stmt" count="2"/>
        <line num="521" type="method" name="add" crap="1" count="164"/>
        <line num="523" type="stmt" count="164"/>
        <line num="525" type="stmt" count="164"/>
        <line num="526" type="stmt" count="164"/>
        <line num="528" type="stmt" count="164"/>
        <line num="530" type="stmt" count="164"/>
        <line num="540" type="method" name="addMany" crap="2" count="204"/>
        <line num="542" type="stmt" count="204"/>
        <line num="544" type="stmt" count="204"/>
        <line num="545" type="stmt" count="176"/>
        <line num="546" type="stmt" count="176"/>
        <line num="547" type="stmt" count="204"/>
        <line num="548" type="stmt" count="204"/>
        <line num="557" type="method" name="remove" crap="1" count="2"/>
        <line num="559" type="stmt" count="2"/>
        <line num="561" type="stmt" count="2"/>
        <line num="562" type="stmt" count="2"/>
        <line num="564" type="stmt" count="2"/>
        <line num="566" type="stmt" count="2"/>
        <line num="576" type="method" name="removeMany" crap="2" count="1"/>
        <line num="578" type="stmt" count="1"/>
        <line num="580" type="stmt" count="1"/>
        <line num="581" type="stmt" count="1"/>
        <line num="582" type="stmt" count="1"/>
        <line num="583" type="stmt" count="1"/>
        <line num="584" type="stmt" count="1"/>
        <line num="593" type="method" name="isEqualSet" crap="4" count="14"/>
        <line num="595" type="stmt" count="14"/>
        <line num="597" type="stmt" count="14"/>
        <line num="599" type="stmt" count="13"/>
        <line num="600" type="stmt" count="7"/>
        <line num="603" type="stmt" count="6"/>
        <line num="604" type="stmt" count="5"/>
        <line num="605" type="stmt" count="4"/>
        <line num="607" type="stmt" count="4"/>
        <line num="609" type="stmt" count="2"/>
        <line num="619" type="method" name="isSuperSet" crap="4" count="27"/>
        <line num="621" type="stmt" count="27"/>
        <line num="623" type="stmt" count="27"/>
        <line num="625" type="stmt" count="26"/>
        <line num="626" type="stmt" count="7"/>
        <line num="629" type="stmt" count="19"/>
        <line num="630" type="stmt" count="15"/>
        <line num="631" type="stmt" count="11"/>
        <line num="633" type="stmt" count="11"/>
        <line num="635" type="stmt" count="8"/>
        <line num="645" type="method" name="isSubSet" crap="1" count="14"/>
        <line num="647" type="stmt" count="14"/>
        <line num="649" type="stmt" count="14"/>
        <line num="651" type="stmt" count="13"/>
        <line num="661" type="method" name="isProperSuperSet" crap="4" count="27"/>
        <line num="663" type="stmt" count="27"/>
        <line num="665" type="stmt" count="27"/>
        <line num="667" type="stmt" count="26"/>
        <line num="668" type="stmt" count="19"/>
        <line num="671" type="stmt" count="7"/>
        <line num="672" type="stmt" count="5"/>
        <line num="673" type="stmt" count="3"/>
        <line num="675" type="stmt" count="5"/>
        <line num="677" type="stmt" count="4"/>
        <line num="687" type="method" name="isProperSubSet" crap="1" count="14"/>
        <line num="689" type="stmt" count="14"/>
        <line num="691" type="stmt" count="14"/>
        <line num="693" type="stmt" count="13"/>
        <line num="703" type="method" name="isIntersecting" crap="3" count="14"/>
        <line num="705" type="stmt" count="14"/>
        <line num="707" type="stmt" count="14"/>
        <line num="709" type="stmt" count="13"/>
        <line num="710" type="stmt" count="12"/>
        <line num="711" type="stmt" count="6"/>
        <line num="713" type="stmt" count="10"/>
        <line num="715" type="stmt" count="7"/>
        <line num="725" type="method" name="union" crap="1" count="27"/>
        <line num="727" type="stmt" count="27"/>
        <line num="729" type="stmt" count="27"/>
        <line num="731" type="stmt" count="26"/>
        <line num="732" type="stmt" count="26"/>
        <line num="734" type="stmt" count="26"/>
        <line num="742" type="method" name="unionInPlace" crap="1" count="27"/>
        <line num="744" type="stmt" count="27"/>
        <line num="746" type="stmt" count="27"/>
        <line num="748" type="stmt" count="26"/>
        <line num="749" type="stmt" count="26"/>
        <line num="758" type="method" name="intersect" crap="1" count="40"/>
        <line num="760" type="stmt" count="40"/>
        <line num="762" type="stmt" count="40"/>
        <line num="764" type="stmt" count="39"/>
        <line num="765" type="stmt" count="39"/>
        <line num="767" type="stmt" count="39"/>
        <line num="775" type="method" name="intersectInPlace" crap="3" count="14"/>
        <line num="777" type="stmt" count="14"/>
        <line num="779" type="stmt" count="14"/>
        <line num="781" type="stmt" count="13"/>
        <line num="782" type="stmt" count="11"/>
        <line num="783" type="stmt" count="9"/>
        <line num="784" type="stmt" count="9"/>
        <line num="785" type="stmt" count="13"/>
        <line num="786" type="stmt" count="13"/>
        <line num="795" type="method" name="diff" crap="1" count="14"/>
        <line num="797" type="stmt" count="14"/>
        <line num="799" type="stmt" count="14"/>
        <line num="801" type="stmt" count="13"/>
        <line num="802" type="stmt" count="13"/>
        <line num="804" type="stmt" count="13"/>
        <line num="812" type="method" name="diffInPlace" crap="2" count="40"/>
        <line num="814" type="stmt" count="40"/>
        <line num="816" type="stmt" count="40"/>
        <line num="818" type="stmt" count="39"/>
        <line num="819" type="stmt" count="23"/>
        <line num="820" type="stmt" count="39"/>
        <line num="821" type="stmt" count="39"/>
        <line num="832" type="method" name="symmetricDiff" crap="1" count="14"/>
        <line num="834" type="stmt" count="14"/>
        <line num="836" type="stmt" count="14"/>
        <line num="838" type="stmt" count="13"/>
        <line num="839" type="stmt" count="13"/>
        <line num="840" type="stmt" count="13"/>
        <line num="841" type="stmt" count="13"/>
        <line num="843" type="stmt" count="13"/>
        <line num="853" type="method" name="symmetricDiffInPlace" crap="1" count="14"/>
        <line num="855" type="stmt" count="14"/>
        <line num="857" type="stmt" count="14"/>
        <line num="859" type="stmt" count="13"/>
        <line num="860" type="stmt" count="13"/>
        <line num="861" type="stmt" count="13"/>
        <line num="862" type="stmt" count="13"/>
        <line num="869" type="method" name="generateHash" crap="1" count="200"/>
        <line num="871" type="stmt" count="200"/>
        <line num="877" type="method" name="createSet" crap="1" count="69"/>
        <line num="879" type="stmt" count="69"/>
        <line num="885" type="method" name="assertCompatible" crap="2" count="196"/>
        <line num="887" type="stmt" count="196"/>
        <line num="888" type="stmt" count="14"/>
        <line num="890" type="stmt" count="182"/>
        <metrics loc="895" ncloc="536" classes="1" methods="46" coveredmethods="46" conditionals="0" coveredconditionals="0" statements="265" coveredstatements="265" elements="311" coveredelements="311"/>
      </file>
      <file name="/home/travis/build/IcecaveStudios/collections/lib/Icecave/Collections/LinkedList.php">
        <class name="LinkedList" namespace="Icecave\Collections">
          <metrics methods="69" coveredmethods="69" conditionals="0" coveredconditionals="0" statements="525" coveredstatements="525" elements="594" coveredelements="594"/>
        </class>
        <line num="19" type="method" name="__construct" crap="2" count="137"/>
        <line num="21" type="stmt" count="137"/>
        <line num="23" type="stmt" count="137"/>
        <line num="25" type="stmt" count="137"/>
        <line num="26" type="stmt" count="4"/>
        <line num="27" type="stmt" count="4"/>
        <line num="28" type="stmt" count="137"/>
        <line num="30" type="method" name="__clone" crap="4" count="3"/>
        <line num="32" type="stmt" count="3"/>
        <line num="34" type="stmt" count="3"/>
        <line num="35" type="stmt" count="3"/>
        <line num="37" type="stmt" count="3"/>
        <line num="40" type="stmt" count="3"/>
        <line num="43" type="stmt" count="3"/>
        <line num="44" type="stmt" count="3"/>
        <line num="47" type="stmt" count="3"/>
        <line num="48" type="stmt" count="3"/>
        <line num="52" type="stmt" count="3"/>
        <line num="53" type="stmt" count="1"/>
        <line num="54" type="stmt" count="1"/>
        <line num="56" type="stmt" count="3"/>
        <line num="57" type="stmt" count="3"/>
        <line num="58" type="stmt" count="3"/>
        <line num="60" type="stmt" count="3"/>
        <line num="61" type="stmt" count="3"/>
        <line num="74" type="method" name="size" crap="1" count="137"/>
        <line num="76" type="stmt" count="137"/>
        <line num="78" type="stmt" count="137"/>
        <line num="86" type="method" name="isEmpty" crap="1" count="46"/>
        <line num="88" type="stmt" count="46"/>
        <line num="90" type="stmt" count="46"/>
        <line num="101" type="method" name="__toString" crap="3" count="1"/>
        <line num="103" type="stmt" count="1"/>
        <line num="104" type="stmt" count="1"/>
        <line num="107" type="stmt" count="1"/>
        <line num="108" type="stmt" count="1"/>
        <line num="109" type="stmt" count="1"/>
        <line num="111" type="stmt" count="1"/>
        <line num="112" type="stmt" count="1"/>
        <line num="113" type="stmt" count="1"/>
        <line num="114" type="stmt" count="1"/>
        <line num="117" type="stmt" count="1"/>
        <line num="118" type="stmt" count="1"/>
        <line num="119" type="stmt" count="1"/>
        <line num="120" type="stmt" count="1"/>
        <line num="121" type="stmt" count="1"/>
        <line num="131" type="method" name="clear" crap="1" count="137"/>
        <line num="133" type="stmt" count="137"/>
        <line num="135" type="stmt" count="137"/>
        <line num="136" type="stmt" count="137"/>
        <line num="137" type="stmt" count="137"/>
        <line num="139" type="stmt" count="137"/>
        <line num="140" type="stmt" count="137"/>
        <line num="141" type="stmt" count="137"/>
        <line num="152" type="method" name="iteratorTraits" crap="1" count="1"/>
        <line num="154" type="stmt" count="1"/>
        <line num="156" type="stmt" count="1"/>
        <line num="168" type="method" name="elements" crap="2" count="137"/>
        <line num="170" type="stmt" count="137"/>
        <line num="172" type="stmt" count="137"/>
        <line num="174" type="stmt" count="137"/>
        <line num="175" type="stmt" count="104"/>
        <line num="176" type="stmt" count="104"/>
        <line num="178" type="stmt" count="137"/>
        <line num="188" type="method" name="contains" crap="3" count="1"/>
        <line num="190" type="stmt" count="1"/>
        <line num="192" type="stmt" count="1"/>
        <line num="193" type="stmt" count="1"/>
        <line num="194" type="stmt" count="1"/>
        <line num="196" type="stmt" count="1"/>
        <line num="198" type="stmt" count="1"/>
        <line num="208" type="method" name="filter" crap="4" count="2"/>
        <line num="210" type="stmt" count="2"/>
        <line num="212" type="stmt" count="2"/>
        <line num="213" type="stmt" count="1"/>
        <line num="214" type="stmt" count="1"/>
        <line num="215" type="stmt" count="1"/>
        <line num="216" type="stmt" count="1"/>
        <line num="218" type="stmt" count="2"/>
        <line num="220" type="stmt" count="2"/>
        <line num="221" type="stmt" count="2"/>
        <line num="222" type="stmt" count="2"/>
        <line num="223" type="stmt" count="2"/>
        <line num="224" type="stmt" count="2"/>
        <line num="226" type="stmt" count="2"/>
        <line num="239" type="method" name="map" crap="2" count="2"/>
        <line num="241" type="stmt" count="2"/>
        <line num="243" type="stmt" count="2"/>
        <line num="245" type="stmt" count="2"/>
        <line num="246" type="stmt" count="2"/>
        <line num="247" type="stmt" count="2"/>
        <line num="249" type="stmt" count="2"/>
        <line num="261" type="method" name="partition" crap="3" count="1"/>
        <line num="263" type="stmt" count="1"/>
        <line num="265" type="stmt" count="1"/>
        <line num="266" type="stmt" count="1"/>
        <line num="268" type="stmt" count="1"/>
        <line num="269" type="stmt" count="1"/>
        <line num="270" type="stmt" count="1"/>
        <line num="271" type="stmt" count="1"/>
        <line num="272" type="stmt" count="1"/>
        <line num="274" type="stmt" count="1"/>
        <line num="276" type="stmt" count="1"/>
        <line num="286" type="method" name="each" crap="2" count="1"/>
        <line num="288" type="stmt" count="1"/>
        <line num="290" type="stmt" count="1"/>
        <line num="291" type="stmt" count="1"/>
        <line num="292" type="stmt" count="1"/>
        <line num="293" type="stmt" count="1"/>
        <line num="304" type="method" name="all" crap="3" count="1"/>
        <line num="306" type="stmt" count="1"/>
        <line num="308" type="stmt" count="1"/>
        <line num="309" type="stmt" count="1"/>
        <line num="310" type="stmt" count="1"/>
        <line num="312" type="stmt" count="1"/>
        <line num="314" type="stmt" count="1"/>
        <line num="326" type="method" name="any" crap="3" count="1"/>
        <line num="328" type="stmt" count="1"/>
        <line num="330" type="stmt" count="1"/>
        <line num="331" type="stmt" count="1"/>
        <line num="332" type="stmt" count="1"/>
        <line num="334" type="stmt" count="1"/>
        <line num="336" type="stmt" count="1"/>
        <line num="348" type="method" name="filterInPlace" crap="5" count="2"/>
        <line num="350" type="stmt" count="2"/>
        <line num="352" type="stmt" count="2"/>
        <line num="353" type="stmt" count="1"/>
        <line num="354" type="stmt" count="1"/>
        <line num="355" type="stmt" count="1"/>
        <line num="356" type="stmt" count="1"/>
        <line num="358" type="stmt" count="2"/>
        <line num="359" type="stmt" count="2"/>
        <line num="361" type="stmt" count="2"/>
        <line num="364" type="stmt" count="2"/>
        <line num="365" type="stmt" count="2"/>
        <line num="367" type="stmt" count="2"/>
        <line num="368" type="stmt" count="1"/>
        <line num="369" type="stmt" count="1"/>
        <line num="371" type="stmt" count="1"/>
        <line num="372" type="stmt" count="2"/>
        <line num="373" type="stmt" count="2"/>
        <line num="376" type="stmt" count="2"/>
        <line num="377" type="stmt" count="2"/>
        <line num="379" type="stmt" count="2"/>
        <line num="380" type="stmt" count="2"/>
        <line num="389" type="method" name="mapInPlace" crap="2" count="1"/>
        <line num="391" type="stmt" count="1"/>
        <line num="393" type="stmt" count="1"/>
        <line num="394" type="stmt" count="1"/>
        <line num="395" type="stmt" count="1"/>
        <line num="396" type="stmt" count="1"/>
        <line num="408" type="method" name="front" crap="2" count="2"/>
        <line num="410" type="stmt" count="2"/>
        <line num="412" type="stmt" count="2"/>
        <line num="413" type="stmt" count="1"/>
        <line num="416" type="stmt" count="1"/>
        <line num="426" type="method" name="tryFront" crap="2" count="2"/>
        <line num="428" type="stmt" count="2"/>
        <line num="430" type="stmt" count="2"/>
        <line num="431" type="stmt" count="1"/>
        <line num="434" type="stmt" count="1"/>
        <line num="436" type="stmt" count="1"/>
        <line num="445" type="method" name="back" crap="2" count="2"/>
        <line num="447" type="stmt" count="2"/>
        <line num="449" type="stmt" count="2"/>
        <line num="450" type="stmt" count="1"/>
        <line num="453" type="stmt" count="1"/>
        <line num="463" type="method" name="tryBack" crap="2" count="2"/>
        <line num="465" type="stmt" count="2"/>
        <line num="467" type="stmt" count="2"/>
        <line num="468" type="stmt" count="1"/>
        <line num="471" type="stmt" count="1"/>
        <line num="473" type="stmt" count="1"/>
        <line num="483" type="method" name="sort" crap="1" count="2"/>
        <line num="485" type="stmt" count="2"/>
        <line num="487" type="stmt" count="2"/>
        <line num="488" type="stmt" count="2"/>
        <line num="490" type="stmt" count="2"/>
        <line num="500" type="method" name="reverse" crap="2" count="1"/>
        <line num="502" type="stmt" count="1"/>
        <line num="504" type="stmt" count="1"/>
        <line num="506" type="stmt" count="1"/>
        <line num="507" type="stmt" count="1"/>
        <line num="508" type="stmt" count="1"/>
        <line num="510" type="stmt" count="1"/>
        <line num="521" type="method" name="join" crap="2" count="1"/>
        <line num="523" type="stmt" count="1"/>
        <line num="525" type="stmt" count="1"/>
        <line num="526" type="stmt" count="1"/>
        <line num="528" type="stmt" count="1"/>
        <line num="529" type="stmt" count="1"/>
        <line num="530" type="stmt" count="1"/>
        <line num="532" type="stmt" count="1"/>
        <line num="546" type="method" name="sortInPlace" crap="17" count="6"/>
        <line num="548" type="stmt" count="6"/>
        <line num="550" type="stmt" count="6"/>
        <line num="551" type="stmt" count="2"/>
        <line num="554" type="stmt" count="4"/>
        <line num="555" type="stmt" count="2"/>
        <line num="556" type="stmt" count="2"/>
        <line num="557" type="stmt" count="2"/>
        <line num="558" type="stmt" count="2"/>
        <line num="559" type="stmt" count="2"/>
        <line num="561" type="stmt" count="1"/>
        <line num="563" type="stmt" count="2"/>
        <line num="564" type="stmt" count="2"/>
        <line num="566" type="stmt" count="4"/>
        <line num="568" type="stmt" count="4"/>
        <line num="569" type="stmt" count="4"/>
        <line num="570" type="stmt" count="4"/>
        <line num="573" type="stmt" count="4"/>
        <line num="574" type="stmt" count="4"/>
        <line num="575" type="stmt" count="4"/>
        <line num="577" type="stmt" count="4"/>
        <line num="579" type="stmt" count="4"/>
        <line num="580" type="stmt" count="4"/>
        <line num="582" type="stmt" count="4"/>
        <line num="584" type="stmt" count="4"/>
        <line num="585" type="stmt" count="4"/>
        <line num="586" type="stmt" count="4"/>
        <line num="588" type="stmt" count="4"/>
        <line num="590" type="stmt" count="4"/>
        <line num="591" type="stmt" count="4"/>
        <line num="592" type="stmt" count="4"/>
        <line num="593" type="stmt" count="4"/>
        <line num="594" type="stmt" count="4"/>
        <line num="595" type="stmt" count="4"/>
        <line num="596" type="stmt" count="4"/>
        <line num="597" type="stmt" count="4"/>
        <line num="598" type="stmt" count="4"/>
        <line num="599" type="stmt" count="4"/>
        <line num="600" type="stmt" count="4"/>
        <line num="601" type="stmt" count="4"/>
        <line num="602" type="stmt" count="4"/>
        <line num="603" type="stmt" count="4"/>
        <line num="604" type="stmt" count="4"/>
        <line num="605" type="stmt" count="4"/>
        <line num="606" type="stmt" count="4"/>
        <line num="609" type="stmt" count="4"/>
        <line num="610" type="stmt" count="4"/>
        <line num="611" type="stmt" count="4"/>
        <line num="612" type="stmt" count="4"/>
        <line num="615" type="stmt" count="4"/>
        <line num="616" type="stmt" count="4"/>
        <line num="618" type="stmt" count="4"/>
        <line num="619" type="stmt" count="4"/>
        <line num="621" type="stmt" count="4"/>
        <line num="622" type="stmt" count="4"/>
        <line num="624" type="stmt" count="4"/>
        <line num="626" type="stmt" count="4"/>
        <line num="627" type="stmt" count="4"/>
        <line num="628" type="stmt" count="4"/>
        <line num="629" type="stmt" count="4"/>
        <line num="634" type="method" name="reverseInPlace" crap="2" count="1"/>
        <line num="636" type="stmt" count="1"/>
        <line num="638" type="stmt" count="1"/>
        <line num="639" type="stmt" count="1"/>
        <line num="641" type="stmt" count="1"/>
        <line num="642" type="stmt" count="1"/>
        <line num="643" type="stmt" count="1"/>
        <line num="644" type="stmt" count="1"/>
        <line num="645" type="stmt" count="1"/>
        <line num="646" type="stmt" count="1"/>
        <line num="648" type="stmt" count="1"/>
        <line num="649" type="stmt" count="1"/>
        <line num="650" type="stmt" count="1"/>
        <line num="651" type="stmt" count="1"/>
        <line num="659" type="method" name="append" crap="2" count="100"/>
        <line num="661" type="stmt" count="100"/>
        <line num="663" type="stmt" count="100"/>
        <line num="664" type="stmt" count="100"/>
        <line num="665" type="stmt" count="100"/>
        <line num="666" type="stmt" count="100"/>
        <line num="673" type="method" name="pushFront" crap="2" count="2"/>
        <line num="675" type="stmt" count="2"/>
        <line num="677" type="stmt" count="2"/>
        <line num="679" type="stmt" count="2"/>
        <line num="680" type="stmt" count="2"/>
        <line num="681" type="stmt" count="2"/>
        <line num="682" type="stmt" count="2"/>
        <line num="690" type="method" name="popFront" crap="3" count="4"/>
        <line num="692" type="stmt" count="4"/>
        <line num="694" type="stmt" count="4"/>
        <line num="695" type="stmt" count="1"/>
        <line num="698" type="stmt" count="3"/>
        <line num="699" type="stmt" count="3"/>
        <line num="701" type="stmt" count="3"/>
        <line num="702" type="stmt" count="1"/>
        <line num="703" type="stmt" count="1"/>
        <line num="705" type="stmt" count="3"/>
        <line num="715" type="method" name="tryPopFront" crap="2" count="2"/>
        <line num="717" type="stmt" count="2"/>
        <line num="719" type="stmt" count="2"/>
        <line num="720" type="stmt" count="1"/>
        <line num="723" type="stmt" count="1"/>
        <line num="725" type="stmt" count="1"/>
        <line num="733" type="method" name="pushBack" crap="2" count="17"/>
        <line num="735" type="stmt" count="17"/>
        <line num="737" type="stmt" count="17"/>
        <line num="739" type="stmt" count="17"/>
        <line num="740" type="stmt" count="17"/>
        <line num="741" type="stmt" count="17"/>
        <line num="742" type="stmt" count="14"/>
        <line num="745" type="stmt" count="17"/>
        <line num="746" type="stmt" count="17"/>
        <line num="754" type="method" name="popBack" crap="3" count="5"/>
        <line num="756" type="stmt" count="5"/>
        <line num="758" type="stmt" count="5"/>
        <line num="759" type="stmt" count="1"/>
        <line num="762" type="stmt" count="4"/>
        <line num="764" type="stmt" count="4"/>
        <line num="765" type="stmt" count="1"/>
        <line num="766" type="stmt" count="1"/>
        <line num="767" type="stmt" count="1"/>
        <line num="768" type="stmt" count="3"/>
        <line num="769" type="stmt" count="3"/>
        <line num="772" type="stmt" count="4"/>
        <line num="782" type="method" name="tryPopBack" crap="2" count="2"/>
        <line num="784" type="stmt" count="2"/>
        <line num="786" type="stmt" count="2"/>
        <line num="787" type="stmt" count="1"/>
        <line num="790" type="stmt" count="1"/>
        <line num="792" type="stmt" count="1"/>
        <line num="801" type="method" name="resize" crap="3" count="3"/>
        <line num="803" type="stmt" count="3"/>
        <line num="805" type="stmt" count="3"/>
        <line num="806" type="stmt" count="1"/>
        <line num="807" type="stmt" count="1"/>
        <line num="808" type="stmt" count="2"/>
        <line num="809" type="stmt" count="2"/>
        <line num="810" type="stmt" count="2"/>
        <line num="812" type="stmt" count="3"/>
        <line num="826" type="method" name="get" crap="1" count="3"/>
        <line num="828" type="stmt" count="3"/>
        <line num="830" type="stmt" count="3"/>
        <line num="832" type="stmt" count="2"/>
        <line num="846" type="method" name="slice" crap="2" count="9"/>
        <line num="848" type="stmt" count="9"/>
        <line num="850" type="stmt" count="9"/>
        <line num="852" type="stmt" count="9"/>
        <line num="854" type="stmt" count="9"/>
        <line num="855" type="stmt" count="2"/>
        <line num="856" type="stmt" count="2"/>
        <line num="857" type="stmt" count="7"/>
        <line num="858" type="stmt" count="7"/>
        <line num="861" type="stmt" count="9"/>
        <line num="862" type="stmt" count="9"/>
        <line num="864" type="stmt" count="9"/>
        <line num="880" type="method" name="range" crap="1" count="3"/>
        <line num="882" type="stmt" count="3"/>
        <line num="884" type="stmt" count="3"/>
        <line num="885" type="stmt" count="3"/>
        <line num="887" type="stmt" count="3"/>
        <line num="902" type="method" name="indexOf" crap="1" count="6"/>
        <line num="904" type="stmt" count="6"/>
        <line num="907" type="stmt" count="5"/>
        <line num="908" type="stmt" count="6"/>
        <line num="910" type="stmt" count="6"/>
        <line num="925" type="method" name="indexOfLast" crap="1" count="6"/>
        <line num="927" type="stmt" count="6"/>
        <line num="930" type="stmt" count="5"/>
        <line num="931" type="stmt" count="6"/>
        <line num="933" type="stmt" count="6"/>
        <line num="948" type="method" name="find" crap="5" count="12"/>
        <line num="950" type="stmt" count="12"/>
        <line num="952" type="stmt" count="12"/>
        <line num="953" type="stmt" count="2"/>
        <line num="956" type="stmt" count="10"/>
        <line num="957" type="stmt" count="10"/>
        <line num="959" type="stmt" count="10"/>
        <line num="961" type="stmt" count="10"/>
        <line num="962" type="stmt" count="10"/>
        <line num="963" type="stmt" count="6"/>
        <line num="966" type="stmt" count="8"/>
        <line num="967" type="stmt" count="8"/>
        <line num="968" type="stmt" count="8"/>
        <line num="970" type="stmt" count="4"/>
        <line num="985" type="method" name="findLast" crap="5" count="12"/>
        <line num="987" type="stmt" count="12"/>
        <line num="989" type="stmt" count="12"/>
        <line num="990" type="stmt" count="2"/>
        <line num="993" type="stmt" count="10"/>
        <line num="994" type="stmt" count="10"/>
        <line num="996" type="stmt" count="10"/>
        <line num="998" type="stmt" count="10"/>
        <line num="1000" type="stmt" count="10"/>
        <line num="1001" type="stmt" count="10"/>
        <line num="1002" type="stmt" count="6"/>
        <line num="1003" type="stmt" count="6"/>
        <line num="1005" type="stmt" count="10"/>
        <line num="1006" type="stmt" count="10"/>
        <line num="1007" type="stmt" count="10"/>
        <line num="1009" type="stmt" count="10"/>
        <line num="1024" type="method" name="set" crap="1" count="3"/>
        <line num="1026" type="stmt" count="3"/>
        <line num="1028" type="stmt" count="3"/>
        <line num="1030" type="stmt" count="2"/>
        <line num="1031" type="stmt" count="2"/>
        <line num="1041" type="method" name="insert" crap="1" count="4"/>
        <line num="1043" type="stmt" count="4"/>
        <line num="1045" type="stmt" count="4"/>
        <line num="1046" type="stmt" count="3"/>
        <line num="1054" type="method" name="insertMany" crap="1" count="104"/>
        <line num="1056" type="stmt" count="104"/>
        <line num="1058" type="stmt" count="104"/>
        <line num="1060" type="stmt" count="102"/>
        <line num="1062" type="stmt" count="102"/>
        <line num="1063" type="stmt" count="102"/>
        <line num="1077" type="method" name="insertRange" crap="1" count="2"/>
        <line num="1079" type="stmt" count="2"/>
        <line num="1081" type="stmt" count="2"/>
        <line num="1082" type="stmt" count="2"/>
        <line num="1083" type="stmt" count="2"/>
        <line num="1085" type="stmt" count="2"/>
        <line num="1086" type="stmt" count="2"/>
        <line num="1087" type="stmt" count="2"/>
        <line num="1089" type="stmt" count="2"/>
        <line num="1091" type="stmt" count="2"/>
        <line num="1092" type="stmt" count="2"/>
        <line num="1103" type="method" name="remove" crap="1" count="3"/>
        <line num="1105" type="stmt" count="3"/>
        <line num="1107" type="stmt" count="3"/>
        <line num="1108" type="stmt" count="2"/>
        <line num="1118" type="method" name="removeMany" crap="4" count="20"/>
        <line num="1120" type="stmt" count="20"/>
        <line num="1122" type="stmt" count="20"/>
        <line num="1125" type="stmt" count="19"/>
        <line num="1126" type="stmt" count="14"/>
        <line num="1127" type="stmt" count="14"/>
        <line num="1128" type="stmt" count="14"/>
        <line num="1129" type="stmt" count="14"/>
        <line num="1132" type="stmt" count="19"/>
        <line num="1133" type="stmt" count="1"/>
        <line num="1136" type="stmt" count="1"/>
        <line num="1137" type="stmt" count="4"/>
        <line num="1138" type="stmt" count="4"/>
        <line num="1139" type="stmt" count="4"/>
        <line num="1140" type="stmt" count="4"/>
        <line num="1142" type="stmt" count="19"/>
        <line num="1154" type="method" name="removeRange" crap="1" count="12"/>
        <line num="1156" type="stmt" count="12"/>
        <line num="1158" type="stmt" count="12"/>
        <line num="1159" type="stmt" count="10"/>
        <line num="1161" type="stmt" count="10"/>
        <line num="1162" type="stmt" count="10"/>
        <line num="1171" type="method" name="replace" crap="1" count="4"/>
        <line num="1173" type="stmt" count="4"/>
        <line num="1175" type="stmt" count="4"/>
        <line num="1177" type="stmt" count="3"/>
        <line num="1178" type="stmt" count="3"/>
        <line num="1179" type="stmt" count="3"/>
        <line num="1190" type="method" name="replaceRange" crap="1" count="5"/>
        <line num="1192" type="stmt" count="5"/>
        <line num="1194" type="stmt" count="5"/>
        <line num="1196" type="stmt" count="4"/>
        <line num="1197" type="stmt" count="4"/>
        <line num="1198" type="stmt" count="4"/>
        <line num="1208" type="method" name="swap" crap="1" count="4"/>
        <line num="1210" type="stmt" count="4"/>
        <line num="1212" type="stmt" count="4"/>
        <line num="1213" type="stmt" count="3"/>
        <line num="1215" type="stmt" count="2"/>
        <line num="1216" type="stmt" count="2"/>
        <line num="1226" type="method" name="trySwap" crap="7" count="4"/>
        <line num="1228" type="stmt" count="4"/>
        <line num="1230" type="stmt" count="4"/>
        <line num="1231" type="stmt" count="1"/>
        <line num="1232" type="stmt" count="1"/>
        <line num="1234" type="stmt" count="4"/>
        <line num="1235" type="stmt" count="1"/>
        <line num="1236" type="stmt" count="1"/>
        <line num="1238" type="stmt" count="4"/>
        <line num="1239" type="stmt" count="1"/>
        <line num="1242" type="stmt" count="3"/>
        <line num="1243" type="stmt" count="1"/>
        <line num="1246" type="stmt" count="2"/>
        <line num="1248" type="stmt" count="2"/>
        <line num="1255" type="method" name="count" crap="1" count="1"/>
        <line num="1257" type="stmt" count="1"/>
        <line num="1259" type="stmt" count="1"/>
        <line num="1266" type="method" name="current" crap="1" count="2"/>
        <line num="1268" type="stmt" count="2"/>
        <line num="1270" type="stmt" count="2"/>
        <line num="1273" type="method" name="key" crap="1" count="1"/>
        <line num="1275" type="stmt" count="1"/>
        <line num="1277" type="stmt" count="1"/>
        <line num="1280" type="method" name="next" crap="1" count="2"/>
        <line num="1282" type="stmt" count="2"/>
        <line num="1284" type="stmt" count="2"/>
        <line num="1285" type="stmt" count="2"/>
        <line num="1286" type="stmt" count="2"/>
        <line num="1288" type="method" name="rewind" crap="1" count="6"/>
        <line num="1290" type="stmt" count="6"/>
        <line num="1292" type="stmt" count="6"/>
        <line num="1293" type="stmt" count="6"/>
        <line num="1294" type="stmt" count="6"/>
        <line num="1296" type="method" name="valid" crap="1" count="1"/>
        <line num="1298" type="stmt" count="1"/>
        <line num="1300" type="stmt" count="1"/>
        <line num="1312" type="method" name="serialize" crap="1" count="1"/>
        <line num="1314" type="stmt" count="1"/>
        <line num="1316" type="stmt" count="1"/>
        <line num="1318" type="stmt" count="1"/>
        <line num="1319" type="stmt" count="1"/>
        <line num="1320" type="stmt" count="1"/>
        <line num="1321" type="stmt" count="1"/>
        <line num="1329" type="method" name="unserialize" crap="1" count="1"/>
        <line num="1331" type="stmt" count="1"/>
        <line num="1333" type="stmt" count="1"/>
        <line num="1334" type="stmt" count="1"/>
        <line num="1335" type="stmt" count="1"/>
        <line num="1336" type="stmt" count="1"/>
        <line num="1346" type="method" name="doSwap" crap="1" count="4"/>
        <line num="1348" type="stmt" count="4"/>
        <line num="1349" type="stmt" count="4"/>
        <line num="1351" type="stmt" count="4"/>
        <line num="1352" type="stmt" count="4"/>
        <line num="1354" type="stmt" count="4"/>
        <line num="1355" type="stmt" count="4"/>
        <line num="1356" type="stmt" count="4"/>
        <line num="1357" type="stmt" count="4"/>
        <line num="1363" type="method" name="validateIndex" crap="6" count="113"/>
        <line num="1365" type="stmt" count="113"/>
        <line num="1366" type="stmt" count="65"/>
        <line num="1367" type="stmt" count="65"/>
        <line num="1369" type="stmt" count="113"/>
        <line num="1370" type="stmt" count="12"/>
        <line num="1371" type="stmt" count="113"/>
        <line num="1372" type="stmt" count="13"/>
        <line num="1373" type="stmt" count="13"/>
        <line num="1375" type="stmt" count="113"/>
        <line num="1376" type="stmt" count="11"/>
        <line num="1378" type="stmt" count="103"/>
        <line num="1384" type="method" name="createNode" crap="1" count="111"/>
        <line num="1386" type="stmt" count="111"/>
        <line num="1387" type="stmt" count="111"/>
        <line num="1388" type="stmt" count="111"/>
        <line num="1390" type="stmt" count="111"/>
        <line num="1396" type="method" name="nodeAt" crap="1" count="64"/>
        <line num="1398" type="stmt" count="64"/>
        <line num="1405" type="method" name="nodeFrom" crap="3" count="65"/>
        <line num="1407" type="stmt" count="65"/>
        <line num="1408" type="stmt" count="49"/>
        <line num="1409" type="stmt" count="49"/>
        <line num="1411" type="stmt" count="65"/>
        <line num="1419" type="method" name="cloneNodes" crap="4" count="12"/>
        <line num="1421" type="stmt" count="12"/>
        <line num="1422" type="stmt" count="12"/>
        <line num="1423" type="stmt" count="12"/>
        <line num="1425" type="stmt" count="12"/>
        <line num="1426" type="stmt" count="9"/>
        <line num="1427" type="stmt" count="9"/>
        <line num="1428" type="stmt" count="9"/>
        <line num="1429" type="stmt" count="9"/>
        <line num="1430" type="stmt" count="9"/>
        <line num="1432" type="stmt" count="9"/>
        <line num="1433" type="stmt" count="9"/>
        <line num="1434" type="stmt" count="9"/>
        <line num="1436" type="stmt" count="12"/>
        <line num="1442" type="method" name="createNodes" crap="3" count="102"/>
[...]
        <line num="1424" type="stmt" count="114"/>
        <line num="1425" type="stmt" count="114"/>
        <line num="1427" type="stmt" count="114"/>
        <line num="1428" type="stmt" count="16"/>
        <line num="1429" type="stmt" count="16"/>
        <line num="1430" type="stmt" count="114"/>
        <line num="1437" type="method" name="clamp" crap="4" count="29"/>
        <line num="1439" type="stmt" count="29"/>
        <line num="1440" type="stmt" count="3"/>
        <line num="1441" type="stmt" count="27"/>
        <line num="1442" type="stmt" count="3"/>
        <line num="1443" type="stmt" count="24"/>
        <line num="1444" type="stmt" count="3"/>
        <line num="1446" type="stmt" count="21"/>
        <line num="1455" type="method" name="expand" crap="3" count="130"/>
        <line num="1457" type="stmt" count="130"/>
        <line num="1458" type="stmt" count="130"/>
        <line num="1460" type="stmt" count="130"/>
        <line num="1461" type="stmt" count="120"/>
        <line num="1462" type="stmt" count="120"/>
        <line num="1463" type="stmt" count="43"/>
        <line num="1464" type="stmt" count="43"/>
        <line num="1465" type="stmt" count="30"/>
        <line num="1466" type="stmt" count="30"/>
        <line num="1469" type="stmt" count="130"/>
        <line num="1471" type="stmt" count="130"/>
        <metrics loc="1477" ncloc="924" classes="1" methods="74" coveredmethods="74" conditionals="0" coveredconditionals="0" statements="496" coveredstatements="496" elements="570" coveredelements="570"/>
      </file>
    </package>
    <file name="/home/travis/build/IcecaveStudios/collections/lib/Icecave/Collections/CollectionInterface.php">
      <metrics loc="34" ncloc="11" classes="0" methods="0" coveredmethods="0" conditionals="0" coveredconditionals="0" statements="0" coveredstatements="0" elements="0" coveredelements="0"/>
    </file>
    <file name="/home/travis/build/IcecaveStudios/collections/lib/Icecave/Collections/Exception/CollectionExceptionInterface.php">
      <metrics loc="9" ncloc="6" classes="0" methods="0" coveredmethods="0" conditionals="0" coveredconditionals="0" statements="0" coveredstatements="0" elements="0" coveredelements="0"/>
    </file>
    <package name="Icecave\Collections\Exception">
      <file name="/home/travis/build/IcecaveStudios/collections/lib/Icecave/Collections/Exception/DuplicateKeyException.php">
        <class name="DuplicateKeyException" namespace="Icecave\Collections\Exception">
          <metrics methods="1" coveredmethods="1" conditionals="0" coveredconditionals="0" statements="3" coveredstatements="3" elements="4" coveredelements="4"/>
        </class>
        <line num="18" type="method" name="__construct" crap="1" count="1"/>
        <line num="20" type="stmt" count="1"/>
        <line num="22" type="stmt" count="1"/>
        <line num="23" type="stmt" count="1"/>
        <metrics loc="24" ncloc="17" classes="1" methods="1" coveredmethods="1" conditionals="0" coveredconditionals="0" statements="3" coveredstatements="3" elements="4" coveredelements="4"/>
      </file>
      <file name="/home/travis/build/IcecaveStudios/collections/lib/Icecave/Collections/Exception/EmptyCollectionException.php">
        <class name="EmptyCollectionException" namespace="Icecave\Collections\Exception">
          <metrics methods="1" coveredmethods="1" conditionals="0" coveredconditionals="0" statements="3" coveredstatements="3" elements="4" coveredelements="4"/>
        </class>
        <line num="16" type="method" name="__construct" crap="1" count="1"/>
        <line num="18" type="stmt" count="1"/>
        <line num="20" type="stmt" count="1"/>
        <line num="21" type="stmt" count="1"/>
        <line num="23" type="stmt" count="0"/>
        <metrics loc="22" ncloc="16" classes="1" methods="1" coveredmethods="1" conditionals="0" coveredconditionals="0" statements="3" coveredstatements="3" elements="4" coveredelements="4"/>
      </file>
      <file name="/home/travis/build/IcecaveStudios/collections/lib/Icecave/Collections/Exception/IndexException.php">
        <class name="IndexException" namespace="Icecave\Collections\Exception">
          <metrics methods="1" coveredmethods="1" conditionals="0" coveredconditionals="0" statements="3" coveredstatements="3" elements="4" coveredelements="4"/>
        </class>
        <line num="17" type="method" name="__construct" crap="1" count="1"/>
        <line num="19" type="stmt" count="1"/>
        <line num="21" type="stmt" count="1"/>
        <line num="22" type="stmt" count="1"/>
        <line num="24" type="stmt" count="0"/>
        <metrics loc="23" ncloc="16" classes="1" methods="1" coveredmethods="1" conditionals="0" coveredconditionals="0" statements="3" coveredstatements="3" elements="4" coveredelements="4"/>
      </file>
      <file name="/home/travis/build/IcecaveStudios/collections/lib/Icecave/Collections/Exception/UnknownKeyException.php">
        <class name="UnknownKeyException" namespace="Icecave\Collections\Exception">
          <metrics methods="1" coveredmethods="1" conditionals="0" coveredconditionals="0" statements="3" coveredstatements="3" elements="4" coveredelements="4"/>
        </class>
        <line num="18" type="method" name="__construct" crap="1" count="1"/>
        <line num="20" type="stmt" count="1"/>
        <line num="22" type="stmt" count="1"/>
        <line num="23" type="stmt" count="1"/>
        <metrics loc="24" ncloc="17" classes="1" methods="1" coveredmethods="1" conditionals="0" coveredconditionals="0" statements="3" coveredstatements="3" elements="4" coveredelements="4"/>
      </file>
    </package>
    <file name="/home/travis/build/IcecaveStudios/collections/lib/Icecave/Collections/IterableInterface.php">
      <metrics loc="95" ncloc="23" classes="0" methods="0" coveredmethods="0" conditionals="0" coveredconditionals="0" statements="0" coveredstatements="0" elements="0" coveredelements="0"/>
    </file>
    <package name="Icecave\Collections\Iterator">
      <file name="/home/travis/build/IcecaveStudios/collections/lib/Icecave/Collections/Iterator/AssociativeIterator.php">
        <class name="AssociativeIterator" namespace="Icecave\Collections\Iterator">
          <metrics methods="7" coveredmethods="7" conditionals="0" coveredconditionals="0" statements="20" coveredstatements="20" elements="27" coveredelements="27"/>
        </class>
        <line num="19" type="method" name="__construct" crap="1" count="2"/>
        <line num="21" type="stmt" count="2"/>
        <line num="23" type="stmt" count="2"/>
        <line num="24" type="stmt" count="2"/>
        <line num="25" type="stmt" count="2"/>
        <line num="32" type="method" name="collection" crap="1" count="1"/>
        <line num="34" type="stmt" count="1"/>
        <line num="36" type="stmt" count="1"/>
        <line num="44" type="method" name="current" crap="1" count="1"/>
        <line num="46" type="stmt" count="1"/>
        <line num="48" type="stmt" count="1"/>
        <line num="56" type="method" name="key" crap="1" count="1"/>
        <line num="58" type="stmt" count="1"/>
        <line num="60" type="stmt" count="1"/>
        <line num="62" type="stmt" count="1"/>
        <line num="68" type="method" name="next" crap="1" count="1"/>
        <line num="70" type="stmt" count="1"/>
        <line num="72" type="stmt" count="1"/>
        <line num="73" type="stmt" count="1"/>
        <line num="78" type="method" name="rewind" crap="1" count="1"/>
        <line num="80" type="stmt" count="1"/>
        <line num="82" type="stmt" count="1"/>
        <line num="83" type="stmt" count="1"/>
        <line num="90" type="method" name="valid" crap="2" count="1"/>
        <line num="92" type="stmt" count="1"/>
        <line num="94" type="stmt" count="1"/>
        <line num="95" type="stmt" count="1"/>
        <line num="102" type="stmt" count="0"/>
        <metrics loc="101" ncloc="66" classes="1" methods="7" coveredmethods="7" conditionals="0" coveredconditionals="0" statements="20" coveredstatements="20" elements="27" coveredelements="27"/>
      </file>
      <file name="/home/travis/build/IcecaveStudios/collections/lib/Icecave/Collections/Iterator/RandomAccessIterator.php">
        <class name="RandomAccessIterator" namespace="Icecave\Collections\Iterator">
          <metrics methods="7" coveredmethods="7" conditionals="0" coveredconditionals="0" statements="18" coveredstatements="18" elements="25" coveredelements="25"/>
        </class>
        <line num="19" type="method" name="__construct" crap="1" count="2"/>
        <line num="21" type="stmt" count="2"/>
        <line num="23" type="stmt" count="2"/>
        <line num="24" type="stmt" count="2"/>
        <line num="25" type="stmt" count="2"/>
        <line num="32" type="method" name="collection" crap="1" count="1"/>
        <line num="34" type="stmt" count="1"/>
        <line num="36" type="stmt" count="1"/>
        <line num="44" type="method" name="current" crap="1" count="1"/>
        <line num="46" type="stmt" count="1"/>
        <line num="48" type="stmt" count="1"/>
        <line num="56" type="method" name="key" crap="1" count="1"/>
        <line num="58" type="stmt" count="1"/>
        <line num="60" type="stmt" count="1"/>
        <line num="66" type="method" name="next" crap="1" count="1"/>
        <line num="68" type="stmt" count="1"/>
        <line num="70" type="stmt" count="1"/>
        <line num="71" type="stmt" count="1"/>
        <line num="76" type="method" name="rewind" crap="1" count="1"/>
        <line num="78" type="stmt" count="1"/>
        <line num="80" type="stmt" count="1"/>
        <line num="81" type="stmt" count="1"/>
        <line num="88" type="method" name="valid" crap="1" count="1"/>
        <line num="90" type="stmt" count="1"/>
        <line num="92" type="stmt" count="1"/>
        <line num="99" type="stmt" count="0"/>
        <metrics loc="98" ncloc="63" classes="1" methods="7" coveredmethods="7" conditionals="0" coveredconditionals="0" statements="18" coveredstatements="18" elements="25" coveredelements="25"/>
      </file>
      <file name="/home/travis/build/IcecaveStudios/collections/lib/Icecave/Collections/Iterator/SequentialKeyIterator.php">
        <class name="SequentialKeyIterator" namespace="Icecave\Collections\Iterator">
          <metrics methods="4" coveredmethods="4" conditionals="0" coveredconditionals="0" statements="14" coveredstatements="14" elements="18" coveredelements="18"/>
        </class>
        <line num="18" type="method" name="__construct" crap="1" count="1"/>
        <line num="20" type="stmt" count="1"/>
        <line num="22" type="stmt" count="1"/>
        <line num="24" type="stmt" count="1"/>
        <line num="25" type="stmt" count="1"/>
        <line num="32" type="method" name="key" crap="1" count="1"/>
        <line num="34" type="stmt" count="1"/>
        <line num="36" type="stmt" count="1"/>
        <line num="42" type="method" name="next" crap="1" count="1"/>
        <line num="44" type="stmt" count="1"/>
        <line num="46" type="stmt" count="1"/>
        <line num="47" type="stmt" count="1"/>
        <line num="48" type="stmt" count="1"/>
        <line num="53" type="method" name="rewind" crap="1" count="1"/>
        <line num="55" type="stmt" count="1"/>
        <line num="57" type="stmt" count="1"/>
        <line num="58" type="stmt" count="1"/>
        <line num="59" type="stmt" count="1"/>
        <line num="64" type="stmt" count="0"/>
        <metrics loc="63" ncloc="44" classes="1" methods="4" coveredmethods="4" conditionals="0" coveredconditionals="0" statements="14" coveredstatements="14" elements="18" coveredelements="18"/>
      </file>
      <file name="/home/travis/build/IcecaveStudios/collections/lib/Icecave/Collections/Iterator/Traits.php">
        <class name="Traits" namespace="Icecave\Collections\Iterator">
          <metrics methods="1" coveredmethods="1" conditionals="0" coveredconditionals="0" statements="4" coveredstatements="4" elements="5" coveredelements="5"/>
        </class>
        <line num="15" type="method" name="__construct" crap="1" count="1"/>
        <line num="19" type="stmt" count="1"/>
        <line num="21" type="stmt" count="1"/>
        <line num="22" type="stmt" count="1"/>
        <line num="23" type="stmt" count="1"/>
        <metrics loc="33" ncloc="20" classes="1" methods="1" coveredmethods="1" conditionals="0" coveredconditionals="0" statements="4" coveredstatements="4" elements="5" coveredelements="5"/>
      </file>
    </package>
    <file name="/home/travis/build/IcecaveStudios/collections/lib/Icecave/Collections/Iterator/TraitsProviderInterface.php">
      <metrics loc="12" ncloc="7" classes="0" methods="0" coveredmethods="0" conditionals="0" coveredconditionals="0" statements="0" coveredstatements="0" elements="0" coveredelements="0"/>
    </file>
    <file name="/home/travis/build/IcecaveStudios/collections/lib/Icecave/Collections/MutableAssociativeInterface.php">
      <metrics loc="199" ncloc="33" classes="0" methods="0" coveredmethods="0" conditionals="0" coveredconditionals="0" statements="0" coveredstatements="0" elements="0" coveredelements="0"/>
    </file>
    <file name="/home/travis/build/IcecaveStudios/collections/lib/Icecave/Collections/MutableCollectionInterface.php">
      <metrics loc="13" ncloc="7" classes="0" methods="0" coveredmethods="0" conditionals="0" coveredconditionals="0" statements="0" coveredstatements="0" elements="0" coveredelements="0"/>
    </file>
    <file name="/home/travis/build/IcecaveStudios/collections/lib/Icecave/Collections/MutableIterableInterface.php">
      <metrics loc="24" ncloc="9" classes="0" methods="0" coveredmethods="0" conditionals="0" coveredconditionals="0" statements="0" coveredstatements="0" elements="0" coveredelements="0"/>
    </file>
    <file name="/home/travis/build/IcecaveStudios/collections/lib/Icecave/Collections/MutableRandomAccessInterface.php">
      <metrics loc="129" ncloc="27" classes="0" methods="0" coveredmethods="0" conditionals="0" coveredconditionals="0" statements="0" coveredstatements="0" elements="0" coveredelements="0"/>
    </file>
    <file name="/home/travis/build/IcecaveStudios/collections/lib/Icecave/Collections/MutableSequenceInterface.php">
      <metrics loc="86" ncloc="25" classes="0" methods="0" coveredmethods="0" conditionals="0" coveredconditionals="0" statements="0" coveredstatements="0" elements="0" coveredelements="0"/>
    </file>
    <file name="/home/travis/build/IcecaveStudios/collections/lib/Icecave/Collections/QueuedAccessInterface.php">
      <line num="50" type="stmt" count="0"/>
      <metrics loc="49" ncloc="15" classes="0" methods="0" coveredmethods="0" conditionals="0" coveredconditionals="0" statements="0" coveredstatements="0" elements="0" coveredelements="0"/>
    </file>
    <file name="/home/travis/build/IcecaveStudios/collections/lib/Icecave/Collections/RandomAccessInterface.php">
      <metrics loc="102" ncloc="19" classes="0" methods="0" coveredmethods="0" conditionals="0" coveredconditionals="0" statements="0" coveredstatements="0" elements="0" coveredelements="0"/>
    </file>
    <file name="/home/travis/build/IcecaveStudios/collections/lib/Icecave/Collections/SequenceInterface.php">
      <metrics loc="72" ncloc="19" classes="0" methods="0" coveredmethods="0" conditionals="0" coveredconditionals="0" statements="0" coveredstatements="0" elements="0" coveredelements="0"/>
    </file>
    <package name="Icecave\Collections\Utility">
      <file name="/home/travis/build/IcecaveStudios/collections/lib/Icecave/Collections/Utility/AssociativeKeyGenerator.php">
        <class name="AssociativeKeyGenerator" namespace="Icecave\Collections\Utility">
          <metrics methods="4" coveredmethods="4" conditionals="0" coveredconditionals="0" statements="41" coveredstatements="41" elements="45" coveredelements="45"/>
        </class>
        <line num="17" type="method" name="__construct" crap="1" count="13"/>
        <line num="19" type="stmt" count="13"/>
        <line num="21" type="stmt" count="13"/>
        <line num="22" type="stmt" count="13"/>
        <line num="23" type="stmt" count="13"/>
        <line num="32" type="method" name="__invoke" crap="1" count="1"/>
        <line num="34" type="stmt" count="1"/>
        <line num="36" type="stmt" count="1"/>
        <line num="46" type="method" name="generate" crap="9" count="13"/>
        <line num="48" type="stmt" count="13"/>
        <line num="50" type="stmt" count="13"/>
        <line num="51" type="stmt" count="13"/>
        <line num="52" type="stmt" count="1"/>
        <line num="53" type="stmt" count="12"/>
        <line num="54" type="stmt" count="5"/>
        <line num="55" type="stmt" count="11"/>
        <line num="56" type="stmt" count="1"/>
        <line num="57" type="stmt" count="10"/>
        <line num="58" type="stmt" count="3"/>
        <line num="59" type="stmt" count="8"/>
        <line num="60" type="stmt" count="1"/>
        <line num="61" type="stmt" count="7"/>
        <line num="62" type="stmt" count="1"/>
        <line num="63" type="stmt" count="6"/>
        <line num="64" type="stmt" count="2"/>
        <line num="65" type="stmt" count="5"/>
        <line num="67" type="stmt" count="5"/>
        <line num="77" type="method" name="generateForArray" crap="6" count="5"/>
        <line num="79" type="stmt" count="5"/>
        <line num="81" type="stmt" count="5"/>
        <line num="82" type="stmt" count="1"/>
        <line num="85" type="stmt" count="4"/>
        <line num="86" type="stmt" count="4"/>
        <line num="87" type="stmt" count="4"/>
        <line num="88" type="stmt" count="4"/>
        <line num="90" type="stmt" count="4"/>
        <line num="91" type="stmt" count="4"/>
        <line num="92" type="stmt" count="4"/>
        <line num="94" type="stmt" count="4"/>
        <line num="95" type="stmt" count="1"/>
        <line num="96" type="stmt" count="1"/>
        <line num="97" type="stmt" count="4"/>
        <line num="99" type="stmt" count="4"/>
        <line num="100" type="stmt" count="1"/>
        <line num="103" type="stmt" count="3"/>
        <metrics loc="109" ncloc="79" classes="1" methods="4" coveredmethods="4" conditionals="0" coveredconditionals="0" statements="41" coveredstatements="41" elements="45" coveredelements="45"/>
      </file>
      <file name="/home/travis/build/IcecaveStudios/collections/lib/Icecave/Collections/Utility/ObjectIdentityComparator.php">
        <class name="ObjectIdentityComparator" namespace="Icecave\Collections\Utility">
          <metrics methods="2" coveredmethods="2" conditionals="0" coveredconditionals="0" statements="12" coveredstatements="12" elements="14" coveredelements="14"/>
        </class>
        <line num="20" type="method" name="compareObject" crap="3" count="3"/>
        <line num="22" type="stmt" count="3"/>
        <line num="24" type="stmt" count="3"/>
        <line num="25" type="stmt" count="1"/>
        <line num="28" type="stmt" count="2"/>
        <line num="29" type="stmt" count="2"/>
        <line num="30" type="stmt" count="1"/>
        <line num="33" type="stmt" count="1"/>
        <line num="34" type="stmt" count="1"/>
        <line num="35" type="stmt" count="1"/>
        <line num="36" type="stmt" count="1"/>
        <line num="45" type="method" name="__invoke" crap="1" count="3"/>
        <line num="47" type="stmt" count="3"/>
        <line num="49" type="stmt" count="3"/>
        <metrics loc="51" ncloc="34" classes="1" methods="2" coveredmethods="2" conditionals="0" coveredconditionals="0" statements="12" coveredstatements="12" elements="14" coveredelements="14"/>
      </file>
    </package>
    <metrics files="33" loc="10590" ncloc="6009" classes="20" methods="438" coveredmethods="438" conditionals="0" coveredconditionals="0" statements="3030" coveredstatements="3030" elements="3468" coveredelements="3468"/>
  </project>
</coverage>
