<?xml version="1.0" encoding="UTF-8"?>
<testsuites>
  <testsuite name="" tests="565" assertions="1295" failures="0" errors="0" time="3.207920">
    <testsuite name="Icecave\Collections\AssociativeKeyGeneratorTest" file="/home/travis/build/IcecaveStudios/collections/test/suite/Icecave/Collections/AssociativeKeyGeneratorTest.php" namespace="Icecave\Collections" fullPackage="Icecave.Collections" tests="13" assertions="15" failures="0" errors="0" time="0.045599">
      <testcase name="testBoolean" class="Icecave\Collections\AssociativeKeyGeneratorTest" file="/home/travis/build/IcecaveStudios/collections/test/suite/Icecave/Collections/AssociativeKeyGeneratorTest.php" line="13" assertions="2" time="0.005892"/>
      <testcase name="testInteger" class="Icecave\Collections\AssociativeKeyGeneratorTest" file="/home/travis/build/IcecaveStudios/collections/test/suite/Icecave/Collections/AssociativeKeyGeneratorTest.php" line="19" assertions="1" time="0.003217"/>
      <testcase name="testDouble" class="Icecave\Collections\AssociativeKeyGeneratorTest" file="/home/travis/build/IcecaveStudios/collections/test/suite/Icecave/Collections/AssociativeKeyGeneratorTest.php" line="24" assertions="1" time="0.002972"/>
      <testcase name="testString" class="Icecave\Collections\AssociativeKeyGeneratorTest" file="/home/travis/build/IcecaveStudios/collections/test/suite/Icecave/Collections/AssociativeKeyGeneratorTest.php" line="29" assertions="1" time="0.002985"/>
      <testcase name="testResource" class="Icecave\Collections\AssociativeKeyGeneratorTest" file="/home/travis/build/IcecaveStudios/collections/test/suite/Icecave/Collections/AssociativeKeyGeneratorTest.php" line="34" assertions="1" time="0.003773"/>
      <testcase name="testNull" class="Icecave\Collections\AssociativeKeyGeneratorTest" file="/home/travis/build/IcecaveStudios/collections/test/suite/Icecave/Collections/AssociativeKeyGeneratorTest.php" line="40" assertions="1" time="0.003050"/>
      <testcase name="testObject" class="Icecave\Collections\AssociativeKeyGeneratorTest" file="/home/travis/build/IcecaveStudios/collections/test/suite/Icecave/Collections/AssociativeKeyGeneratorTest.php" line="45" assertions="1" time="0.003020"/>
      <testcase name="testArray" class="Icecave\Collections\AssociativeKeyGeneratorTest" file="/home/travis/build/IcecaveStudios/collections/test/suite/Icecave/Collections/AssociativeKeyGeneratorTest.php" line="52" assertions="1" time="0.003399"/>
      <testcase name="testEmptyArray" class="Icecave\Collections\AssociativeKeyGeneratorTest" file="/home/travis/build/IcecaveStudios/collections/test/suite/Icecave/Collections/AssociativeKeyGeneratorTest.php" line="57" assertions="1" time="0.003173"/>
      <testcase name="testArrayInternalImplementation" class="Icecave\Collections\AssociativeKeyGeneratorTest" file="/home/travis/build/IcecaveStudios/collections/test/suite/Icecave/Collections/AssociativeKeyGeneratorTest.php" line="62" assertions="1" time="0.003500"/>
      <testcase name="testArrayInternalImplementationWithAssociativeArray" class="Icecave\Collections\AssociativeKeyGeneratorTest" file="/home/travis/build/IcecaveStudios/collections/test/suite/Icecave/Collections/AssociativeKeyGeneratorTest.php" line="70" assertions="1" time="0.003637"/>
      <testcase name="testInvoke" class="Icecave\Collections\AssociativeKeyGeneratorTest" file="/home/travis/build/IcecaveStudios/collections/test/suite/Icecave/Collections/AssociativeKeyGeneratorTest.php" line="82" assertions="1" time="0.003131"/>
      <testcase name="testAlternativeImplementations" class="Icecave\Collections\AssociativeKeyGeneratorTest" file="/home/travis/build/IcecaveStudios/collections/test/suite/Icecave/Collections/AssociativeKeyGeneratorTest.php" line="87" assertions="2" time="0.003850"/>
    </testsuite>
    <testsuite name="Icecave\Collections\CollectionTest" file="/home/travis/build/IcecaveStudios/collections/test/suite/Icecave/Collections/CollectionTest.php" namespace="Icecave\Collections" fullPackage="Icecave.Collections" tests="127" assertions="315" failures="0" errors="0" time="1.140058">
      <testsuite name="Icecave\Collections\CollectionTest::testIsEmpty" tests="5" assertions="10" failures="0" errors="0" time="0.038867">
        <testcase name="testIsEmpty with data set #0" assertions="2" time="0.009163"/>
        <testcase name="testIsEmpty with data set #1" assertions="2" time="0.005912"/>
        <testcase name="testIsEmpty with data set #2" assertions="2" time="0.005898"/>
        <testcase name="testIsEmpty with data set #3" assertions="2" time="0.005911"/>
        <testcase name="testIsEmpty with data set #4" assertions="2" time="0.011983"/>
      </testsuite>
      <testsuite name="Icecave\Collections\CollectionTest::testSize" tests="5" assertions="10" failures="0" errors="0" time="0.035107">
        <testcase name="testSize with data set #0" assertions="2" time="0.005840"/>
        <testcase name="testSize with data set #1" assertions="2" time="0.005842"/>
        <testcase name="testSize with data set #2" assertions="2" time="0.005861"/>
        <testcase name="testSize with data set #3" assertions="2" time="0.005696"/>
        <testcase name="testSize with data set #4" assertions="2" time="0.011868"/>
      </testsuite>
      <testsuite name="Icecave\Collections\CollectionTest::testGet" tests="5" assertions="10" failures="0" errors="0" time="0.035464">
        <testcase name="testGet with data set #0" assertions="2" time="0.005874"/>
        <testcase name="testGet with data set #1" assertions="2" time="0.006345"/>
        <testcase name="testGet with data set #2" assertions="2" time="0.006188"/>
        <testcase name="testGet with data set #3" assertions="2" time="0.006239"/>
        <testcase name="testGet with data set #4" assertions="2" time="0.010818"/>
      </testsuite>
      <testsuite name="Icecave\Collections\CollectionTest::testGetFailure" tests="5" assertions="15" failures="0" errors="0" time="0.044520">
        <testcase name="testGetFailure with data set #0" assertions="3" time="0.008974"/>
        <testcase name="testGetFailure with data set #1" assertions="3" time="0.007018"/>
        <testcase name="testGetFailure with data set #2" assertions="3" time="0.006783"/>
        <testcase name="testGetFailure with data set #3" assertions="3" time="0.006961"/>
        <testcase name="testGetFailure with data set #4" assertions="3" time="0.014784"/>
      </testsuite>
      <testsuite name="Icecave\Collections\CollectionTest::testTryGet" tests="5" assertions="15" failures="0" errors="0" time="0.036615">
        <testcase name="testTryGet with data set #0" assertions="3" time="0.006493"/>
        <testcase name="testTryGet with data set #1" assertions="3" time="0.006575"/>
        <testcase name="testTryGet with data set #2" assertions="3" time="0.006231"/>
        <testcase name="testTryGet with data set #3" assertions="3" time="0.006386"/>
        <testcase name="testTryGet with data set #4" assertions="3" time="0.010930"/>
      </testsuite>
      <testsuite name="Icecave\Collections\CollectionTest::testTryGetFailure" tests="5" assertions="15" failures="0" errors="0" time="0.040458">
        <testcase name="testTryGetFailure with data set #0" assertions="3" time="0.006560"/>
        <testcase name="testTryGetFailure with data set #1" assertions="3" time="0.006754"/>
        <testcase name="testTryGetFailure with data set #2" assertions="3" time="0.006276"/>
        <testcase name="testTryGetFailure with data set #3" assertions="3" time="0.006495"/>
        <testcase name="testTryGetFailure with data set #4" assertions="3" time="0.014373"/>
      </testsuite>
      <testsuite name="Icecave\Collections\CollectionTest::testGetWithDefault" tests="5" assertions="10" failures="0" errors="0" time="0.035919">
        <testcase name="testGetWithDefault with data set #0" assertions="2" time="0.006016"/>
        <testcase name="testGetWithDefault with data set #1" assertions="2" time="0.006474"/>
        <testcase name="testGetWithDefault with data set #2" assertions="2" time="0.006272"/>
        <testcase name="testGetWithDefault with data set #3" assertions="2" time="0.006368"/>
        <testcase name="testGetWithDefault with data set #4" assertions="2" time="0.010789"/>
      </testsuite>
      <testsuite name="Icecave\Collections\CollectionTest::testGetWithDefaultFailure" tests="5" assertions="10" failures="0" errors="0" time="0.039516">
        <testcase name="testGetWithDefaultFailure with data set #0" assertions="2" time="0.006021"/>
        <testcase name="testGetWithDefaultFailure with data set #1" assertions="2" time="0.006520"/>
        <testcase name="testGetWithDefaultFailure with data set #2" assertions="2" time="0.006241"/>
        <testcase name="testGetWithDefaultFailure with data set #3" assertions="2" time="0.006416"/>
        <testcase name="testGetWithDefaultFailure with data set #4" assertions="2" time="0.014318"/>
      </testsuite>
      <testsuite name="Icecave\Collections\CollectionTest::testHasKey" tests="5" assertions="20" failures="0" errors="0" time="0.057573">
        <testcase name="testHasKey with data set #0" assertions="4" time="0.006481"/>
        <testcase name="testHasKey with data set #1" assertions="4" time="0.006536"/>
        <testcase name="testHasKey with data set #2" assertions="4" time="0.006885"/>
        <testcase name="testHasKey with data set #3" assertions="4" time="0.007542"/>
        <testcase name="testHasKey with data set #4" assertions="4" time="0.030129"/>
      </testsuite>
      <testsuite name="Icecave\Collections\CollectionTest::testContains" tests="5" assertions="15" failures="0" errors="0" time="0.045731">
        <testcase name="testContains with data set #0" assertions="3" time="0.006093"/>
        <testcase name="testContains with data set #1" assertions="3" time="0.006907"/>
        <testcase name="testContains with data set #2" assertions="3" time="0.006266"/>
        <testcase name="testContains with data set #3" assertions="3" time="0.006818"/>
        <testcase name="testContains with data set #4" assertions="3" time="0.019647"/>
      </testsuite>
      <testsuite name="Icecave\Collections\CollectionTest::testKeys" tests="5" assertions="10" failures="0" errors="0" time="0.037601">
        <testcase name="testKeys with data set #0" assertions="2" time="0.005867"/>
        <testcase name="testKeys with data set #1" assertions="2" time="0.005957"/>
        <testcase name="testKeys with data set #2" assertions="2" time="0.005960"/>
        <testcase name="testKeys with data set #3" assertions="2" time="0.005923"/>
        <testcase name="testKeys with data set #4" assertions="2" time="0.013894"/>
      </testsuite>
      <testsuite name="Icecave\Collections\CollectionTest::testValues" tests="5" assertions="10" failures="0" errors="0" time="0.035906">
        <testcase name="testValues with data set #0" assertions="2" time="0.005971"/>
        <testcase name="testValues with data set #1" assertions="2" time="0.005866"/>
        <testcase name="testValues with data set #2" assertions="2" time="0.005977"/>
        <testcase name="testValues with data set #3" assertions="2" time="0.005923"/>
        <testcase name="testValues with data set #4" assertions="2" time="0.012169"/>
      </testsuite>
      <testsuite name="Icecave\Collections\CollectionTest::testElements" tests="5" assertions="10" failures="0" errors="0" time="0.039350">
        <testcase name="testElements with data set #0" assertions="2" time="0.006306"/>
        <testcase name="testElements with data set #1" assertions="2" time="0.006483"/>
        <testcase name="testElements with data set #2" assertions="2" time="0.005997"/>
        <testcase name="testElements with data set #3" assertions="2" time="0.006295"/>
        <testcase name="testElements with data set #4" assertions="2" time="0.014269"/>
      </testsuite>
      <testsuite name="Icecave\Collections\CollectionTest::testMap" tests="5" assertions="10" failures="0" errors="0" time="0.040324">
        <testcase name="testMap with data set #0" assertions="2" time="0.006338"/>
        <testcase name="testMap with data set #1" assertions="2" time="0.006663"/>
        <testcase name="testMap with data set #2" assertions="2" time="0.006503"/>
        <testcase name="testMap with data set #3" assertions="2" time="0.006452"/>
        <testcase name="testMap with data set #4" assertions="2" time="0.014368"/>
      </testsuite>
      <testsuite name="Icecave\Collections\CollectionTest::testMapWithArrayAccess" tests="5" assertions="15" failures="0" errors="0" time="0.105853">
        <testcase name="testMapWithArrayAccess with data set #0" assertions="3" time="0.026866"/>
        <testcase name="testMapWithArrayAccess with data set #1" assertions="3" time="0.017705"/>
        <testcase name="testMapWithArrayAccess with data set #2" assertions="3" time="0.017600"/>
        <testcase name="testMapWithArrayAccess with data set #3" assertions="3" time="0.017501"/>
        <testcase name="testMapWithArrayAccess with data set #4" assertions="3" time="0.026181"/>
      </testsuite>
      <testsuite name="Icecave\Collections\CollectionTest::testMapWithExplicitArray" tests="5" assertions="15" failures="0" errors="0" time="0.041345">
        <testcase name="testMapWithExplicitArray with data set #0" assertions="3" time="0.006552"/>
        <testcase name="testMapWithExplicitArray with data set #1" assertions="3" time="0.006798"/>
        <testcase name="testMapWithExplicitArray with data set #2" assertions="3" time="0.006769"/>
        <testcase name="testMapWithExplicitArray with data set #3" assertions="3" time="0.006615"/>
        <testcase name="testMapWithExplicitArray with data set #4" assertions="3" time="0.014611"/>
      </testsuite>
      <testsuite name="Icecave\Collections\CollectionTest::testFiltered" tests="5" assertions="10" failures="0" errors="0" time="0.040339">
        <testcase name="testFiltered with data set #0" assertions="2" time="0.006227"/>
        <testcase name="testFiltered with data set #1" assertions="2" time="0.006585"/>
        <testcase name="testFiltered with data set #2" assertions="2" time="0.006492"/>
        <testcase name="testFiltered with data set #3" assertions="2" time="0.006560"/>
        <testcase name="testFiltered with data set #4" assertions="2" time="0.014475"/>
      </testsuite>
      <testsuite name="Icecave\Collections\CollectionTest::testFilteredWithArrayAccess" tests="5" assertions="15" failures="0" errors="0" time="0.084757">
        <testcase name="testFilteredWithArrayAccess with data set #0" assertions="3" time="0.015194"/>
        <testcase name="testFilteredWithArrayAccess with data set #1" assertions="3" time="0.015350"/>
        <testcase name="testFilteredWithArrayAccess with data set #2" assertions="3" time="0.015283"/>
        <testcase name="testFilteredWithArrayAccess with data set #3" assertions="3" time="0.015340"/>
        <testcase name="testFilteredWithArrayAccess with data set #4" assertions="3" time="0.023590"/>
      </testsuite>
      <testsuite name="Icecave\Collections\CollectionTest::testFilteredWithExplicitArray" tests="5" assertions="15" failures="0" errors="0" time="0.042107">
        <testcase name="testFilteredWithExplicitArray with data set #0" assertions="3" time="0.006571"/>
        <testcase name="testFilteredWithExplicitArray with data set #1" assertions="3" time="0.007364"/>
        <testcase name="testFilteredWithExplicitArray with data set #2" assertions="3" time="0.006731"/>
        <testcase name="testFilteredWithExplicitArray with data set #3" assertions="3" time="0.006577"/>
        <testcase name="testFilteredWithExplicitArray with data set #4" assertions="3" time="0.014864"/>
      </testsuite>
      <testsuite name="Icecave\Collections\CollectionTest::testEach" tests="5" assertions="10" failures="0" errors="0" time="0.039948">
        <testcase name="testEach with data set #0" assertions="2" time="0.006308"/>
        <testcase name="testEach with data set #1" assertions="2" time="0.006543"/>
        <testcase name="testEach with data set #2" assertions="2" time="0.006348"/>
        <testcase name="testEach with data set #3" assertions="2" time="0.006327"/>
        <testcase name="testEach with data set #4" assertions="2" time="0.014422"/>
      </testsuite>
      <testsuite name="Icecave\Collections\CollectionTest::testAll" tests="5" assertions="15" failures="0" errors="0" time="0.042734">
        <testcase name="testAll with data set #0" assertions="3" time="0.006241"/>
        <testcase name="testAll with data set #1" assertions="3" time="0.006729"/>
        <testcase name="testAll with data set #2" assertions="3" time="0.006655"/>
        <testcase name="testAll with data set #3" assertions="3" time="0.006424"/>
        <testcase name="testAll with data set #4" assertions="3" time="0.016685"/>
      </testsuite>
      <testsuite name="Icecave\Collections\CollectionTest::testAny" tests="5" assertions="15" failures="0" errors="0" time="0.042597">
        <testcase name="testAny with data set #0" assertions="3" time="0.006684"/>
        <testcase name="testAny with data set #1" assertions="3" time="0.006731"/>
        <testcase name="testAny with data set #2" assertions="3" time="0.006715"/>
        <testcase name="testAny with data set #3" assertions="3" time="0.006714"/>
        <testcase name="testAny with data set #4" assertions="3" time="0.015753"/>
      </testsuite>
      <testsuite name="Icecave\Collections\CollectionTest::testIsSequential" tests="5" assertions="10" failures="0" errors="0" time="0.041149">
        <testcase name="testIsSequential with data set #0" assertions="2" time="0.006603"/>
        <testcase name="testIsSequential with data set #1" assertions="2" time="0.006607"/>
        <testcase name="testIsSequential with data set #2" assertions="2" time="0.006477"/>
        <testcase name="testIsSequential with data set #3" assertions="2" time="0.006822"/>
        <testcase name="testIsSequential with data set #4" assertions="2" time="0.014640"/>
      </testsuite>
      <testsuite name="Icecave\Collections\CollectionTest::testIteratorTraits" tests="11" assertions="22" failures="0" errors="0" time="0.086743">
        <testcase name="testIteratorTraits with data set #0" assertions="2" time="0.007790"/>
        <testcase name="testIteratorTraits with data set #1" assertions="2" time="0.007832"/>
        <testcase name="testIteratorTraits with data set #2" assertions="2" time="0.007910"/>
        <testcase name="testIteratorTraits with data set #3" assertions="2" time="0.007928"/>
        <testcase name="testIteratorTraits with data set #4" assertions="2" time="0.007902"/>
        <testcase name="testIteratorTraits with data set #5" assertions="2" time="0.007957"/>
        <testcase name="testIteratorTraits with data set #6" assertions="2" time="0.007866"/>
        <testcase name="testIteratorTraits with data set #7" assertions="2" time="0.007830"/>
        <testcase name="testIteratorTraits with data set #8" assertions="2" time="0.007877"/>
        <testcase name="testIteratorTraits with data set #9" assertions="2" time="0.007879"/>
        <testcase name="testIteratorTraits with data set #10" assertions="2" time="0.007972"/>
      </testsuite>
      <testcase name="testIteratorTraitsWithProvider" class="Icecave\Collections\CollectionTest" file="/home/travis/build/IcecaveStudios/collections/test/suite/Icecave/Collections/CollectionTest.php" line="394" assertions="3" time="0.009534"/>
    </testsuite>
    <testsuite name="Icecave\Collections\Exception\DuplicateKeyExceptionTest" file="/home/travis/build/IcecaveStudios/collections/test/suite/Icecave/Collections/Exception/DuplicateKeyExceptionTest.php" namespace="Icecave\Collections\Exception" fullPackage="Icecave.Collections.Exception" tests="1" assertions="2" failures="0" errors="0" time="0.004324">
      <testcase name="testException" class="Icecave\Collections\Exception\DuplicateKeyExceptionTest" file="/home/travis/build/IcecaveStudios/collections/test/suite/Icecave/Collections/Exception/DuplicateKeyExceptionTest.php" line="9" assertions="2" time="0.004324"/>
    </testsuite>
    <testsuite name="Icecave\Collections\Exception\EmptyCollectionExceptionTest" file="/home/travis/build/IcecaveStudios/collections/test/suite/Icecave/Collections/Exception/EmptyCollectionExceptionTest.php" namespace="Icecave\Collections\Exception" fullPackage="Icecave.Collections.Exception" tests="1" assertions="2" failures="0" errors="0" time="0.004186">
      <testcase name="testException" class="Icecave\Collections\Exception\EmptyCollectionExceptionTest" file="/home/travis/build/IcecaveStudios/collections/test/suite/Icecave/Collections/Exception/EmptyCollectionExceptionTest.php" line="9" assertions="2" time="0.004186"/>
    </testsuite>
    <testsuite name="Icecave\Collections\Exception\IndexExceptionTest" file="/home/travis/build/IcecaveStudios/collections/test/suite/Icecave/Collections/Exception/IndexExceptionTest.php" namespace="Icecave\Collections\Exception" fullPackage="Icecave.Collections.Exception" tests="1" assertions="2" failures="0" errors="0" time="0.004218">
      <testcase name="testException" class="Icecave\Collections\Exception\IndexExceptionTest" file="/home/travis/build/IcecaveStudios/collections/test/suite/Icecave/Collections/Exception/IndexExceptionTest.php" line="9" assertions="2" time="0.004218"/>
    </testsuite>
    <testsuite name="Icecave\Collections\Exception\UnknownKeyExceptionTest" file="/home/travis/build/IcecaveStudios/collections/test/suite/Icecave/Collections/Exception/UnknownKeyExceptionTest.php" namespace="Icecave\Collections\Exception" fullPackage="Icecave.Collections.Exception" tests="1" assertions="2" failures="0" errors="0" time="0.003558">
      <testcase name="testException" class="Icecave\Collections\Exception\UnknownKeyExceptionTest" file="/home/travis/build/IcecaveStudios/collections/test/suite/Icecave/Collections/Exception/UnknownKeyExceptionTest.php" line="9" assertions="2" time="0.003558"/>
    </testsuite>
    <testsuite name="Icecave\Collections\Iterator\AssociativeIteratorTest" file="/home/travis/build/IcecaveStudios/collections/test/suite/Icecave/Collections/Iterator/AssociativeIteratorTest.php" namespace="Icecave\Collections\Iterator" fullPackage="Icecave.Collections.Iterator" tests="2" assertions="2" failures="0" errors="0" time="0.012651">
      <testcase name="testIteration" class="Icecave\Collections\Iterator\AssociativeIteratorTest" file="/home/travis/build/IcecaveStudios/collections/test/suite/Icecave/Collections/Iterator/AssociativeIteratorTest.php" line="15" assertions="1" time="0.008454"/>
      <testcase name="testCollection" class="Icecave\Collections\Iterator\AssociativeIteratorTest" file="/home/travis/build/IcecaveStudios/collections/test/suite/Icecave/Collections/Iterator/AssociativeIteratorTest.php" line="26" assertions="1" time="0.004197"/>
    </testsuite>
    <testsuite name="Icecave\Collections\Iterator\RandomAccessIteratorTest" file="/home/travis/build/IcecaveStudios/collections/test/suite/Icecave/Collections/Iterator/RandomAccessIteratorTest.php" namespace="Icecave\Collections\Iterator" fullPackage="Icecave.Collections.Iterator" tests="2" assertions="2" failures="0" errors="0" time="0.008755">
      <testcase name="testIteration" class="Icecave\Collections\Iterator\RandomAccessIteratorTest" file="/home/travis/build/IcecaveStudios/collections/test/suite/Icecave/Collections/Iterator/RandomAccessIteratorTest.php" line="15" assertions="1" time="0.005400"/>
      <testcase name="testCollection" class="Icecave\Collections\Iterator\RandomAccessIteratorTest" file="/home/travis/build/IcecaveStudios/collections/test/suite/Icecave/Collections/Iterator/RandomAccessIteratorTest.php" line="26" assertions="1" time="0.003355"/>
    </testsuite>
    <testsuite name="Icecave\Collections\Iterator\SequentialKeyIteratorTest" file="/home/travis/build/IcecaveStudios/collections/test/suite/Icecave/Collections/Iterator/SequentialKeyIteratorTest.php" namespace="Icecave\Collections\Iterator" fullPackage="Icecave.Collections.Iterator" tests="1" assertions="1" failures="0" errors="0" time="0.004432">
      <testcase name="testIteration" class="Icecave\Collections\Iterator\SequentialKeyIteratorTest" file="/home/travis/build/IcecaveStudios/collections/test/suite/Icecave/Collections/Iterator/SequentialKeyIteratorTest.php" line="15" assertions="1" time="0.004432"/>
    </testsuite>
    <testsuite name="Icecave\Collections\Iterator\TraitsTest" file="/home/travis/build/IcecaveStudios/collections/test/suite/Icecave/Collections/Iterator/TraitsTest.php" namespace="Icecave\Collections\Iterator" fullPackage="Icecave.Collections.Iterator" tests="1" assertions="2" failures="0" errors="0" time="0.003468">
      <testcase name="testConstructor" class="Icecave\Collections\Iterator\TraitsTest" file="/home/travis/build/IcecaveStudios/collections/test/suite/Icecave/Collections/Iterator/TraitsTest.php" line="8" assertions="2" time="0.003468"/>
    </testsuite>
    <testsuite name="Icecave\Collections\LinkedListTest" file="/home/travis/build/IcecaveStudios/collections/test/suite/Icecave/Collections/LinkedListTest.php" namespace="Icecave\Collections" fullPackage="Icecave.Collections" tests="119" assertions="414" failures="0" errors="0" time="0.616270">
      <testcase name="testConstructor" class="Icecave\Collections\LinkedListTest" file="/home/travis/build/IcecaveStudios/collections/test/suite/Icecave/Collections/LinkedListTest.php" line="30" assertions="3" time="0.012625"/>
      <testcase name="testConstructorWithArray" class="Icecave\Collections\LinkedListTest" file="/home/travis/build/IcecaveStudios/collections/test/suite/Icecave/Collections/LinkedListTest.php" line="35" assertions="3" time="0.004815"/>
      <testcase name="testClone" class="Icecave\Collections\LinkedListTest" file="/home/travis/build/IcecaveStudios/collections/test/suite/Icecave/Collections/LinkedListTest.php" line="41" assertions="6" time="0.005384"/>
      <testcase name="testSerialization" class="Icecave\Collections\LinkedListTest" file="/home/travis/build/IcecaveStudios/collections/test/suite/Icecave/Collections/LinkedListTest.php" line="62" assertions="3" time="0.005395"/>
      <testcase name="testSize" class="Icecave\Collections\LinkedListTest" file="/home/travis/build/IcecaveStudios/collections/test/suite/Icecave/Collections/LinkedListTest.php" line="78" assertions="5" time="0.004880"/>
      <testcase name="testIsEmpty" class="Icecave\Collections\LinkedListTest" file="/home/travis/build/IcecaveStudios/collections/test/suite/Icecave/Collections/LinkedListTest.php" line="93" assertions="5" time="0.004784"/>
      <testcase name="testToString" class="Icecave\Collections\LinkedListTest" file="/home/travis/build/IcecaveStudios/collections/test/suite/Icecave/Collections/LinkedListTest.php" line="106" assertions="5" time="0.008213"/>
      <testcase name="testClear" class="Icecave\Collections\LinkedListTest" file="/home/travis/build/IcecaveStudios/collections/test/suite/Icecave/Collections/LinkedListTest.php" line="125" assertions="3" time="0.004507"/>
      <testcase name="testIteratorTraits" class="Icecave\Collections\LinkedListTest" file="/home/travis/build/IcecaveStudios/collections/test/suite/Icecave/Collections/LinkedListTest.php" line="138" assertions="3" time="0.006513"/>
      <testcase name="testElements" class="Icecave\Collections\LinkedListTest" file="/home/travis/build/IcecaveStudios/collections/test/suite/Icecave/Collections/LinkedListTest.php" line="147" assertions="4" time="0.004746"/>
      <testcase name="testContains" class="Icecave\Collections\LinkedListTest" file="/home/travis/build/IcecaveStudios/collections/test/suite/Icecave/Collections/LinkedListTest.php" line="158" assertions="4" time="0.004650"/>
      <testcase name="testFiltered" class="Icecave\Collections\LinkedListTest" file="/home/travis/build/IcecaveStudios/collections/test/suite/Icecave/Collections/LinkedListTest.php" line="168" assertions="4" time="0.006309"/>
      <testcase name="testFilteredWithPredicate" class="Icecave\Collections\LinkedListTest" file="/home/travis/build/IcecaveStudios/collections/test/suite/Icecave/Collections/LinkedListTest.php" line="178" assertions="4" time="0.005535"/>
      <testcase name="testMap" class="Icecave\Collections\LinkedListTest" file="/home/travis/build/IcecaveStudios/collections/test/suite/Icecave/Collections/LinkedListTest.php" line="192" assertions="4" time="0.005329"/>
      <testcase name="testPartition" class="Icecave\Collections\LinkedListTest" file="/home/travis/build/IcecaveStudios/collections/test/suite/Icecave/Collections/LinkedListTest.php" line="206" assertions="8" time="0.006376"/>
      <testcase name="testEach" class="Icecave\Collections\LinkedListTest" file="/home/travis/build/IcecaveStudios/collections/test/suite/Icecave/Collections/LinkedListTest.php" line="228" assertions="3" time="0.004750"/>
      <testcase name="testAll" class="Icecave\Collections\LinkedListTest" file="/home/travis/build/IcecaveStudios/collections/test/suite/Icecave/Collections/LinkedListTest.php" line="248" assertions="4" time="0.004989"/>
      <testcase name="testAny" class="Icecave\Collections\LinkedListTest" file="/home/travis/build/IcecaveStudios/collections/test/suite/Icecave/Collections/LinkedListTest.php" line="269" assertions="4" time="0.005054"/>
      <testcase name="testFilter" class="Icecave\Collections\LinkedListTest" file="/home/travis/build/IcecaveStudios/collections/test/suite/Icecave/Collections/LinkedListTest.php" line="294" assertions="3" time="0.004900"/>
      <testcase name="testFilterWithPredicate" class="Icecave\Collections\LinkedListTest" file="/home/travis/build/IcecaveStudios/collections/test/suite/Icecave/Collections/LinkedListTest.php" line="303" assertions="3" time="0.004889"/>
      <testcase name="testApply" class="Icecave\Collections\LinkedListTest" file="/home/travis/build/IcecaveStudios/collections/test/suite/Icecave/Collections/LinkedListTest.php" line="316" assertions="3" time="0.004763"/>
      <testcase name="testFront" class="Icecave\Collections\LinkedListTest" file="/home/travis/build/IcecaveStudios/collections/test/suite/Icecave/Collections/LinkedListTest.php" line="333" assertions="3" time="0.004684"/>
      <testcase name="testFrontWithEmptyCollection" class="Icecave\Collections\LinkedListTest" file="/home/travis/build/IcecaveStudios/collections/test/suite/Icecave/Collections/LinkedListTest.php" line="340" assertions="3" time="0.004752"/>
      <testcase name="testTryFront" class="Icecave\Collections\LinkedListTest" file="/home/travis/build/IcecaveStudios/collections/test/suite/Icecave/Collections/LinkedListTest.php" line="346" assertions="4" time="0.004793"/>
      <testcase name="testTryFrontWithEmptyCollection" class="Icecave\Collections\LinkedListTest" file="/home/travis/build/IcecaveStudios/collections/test/suite/Icecave/Collections/LinkedListTest.php" line="355" assertions="4" time="0.004460"/>
      <testcase name="testBack" class="Icecave\Collections\LinkedListTest" file="/home/travis/build/IcecaveStudios/collections/test/suite/Icecave/Collections/LinkedListTest.php" line="362" assertions="3" time="0.004966"/>
      <testcase name="testBackWithEmptyCollection" class="Icecave\Collections\LinkedListTest" file="/home/travis/build/IcecaveStudios/collections/test/suite/Icecave/Collections/LinkedListTest.php" line="368" assertions="3" time="0.004679"/>
      <testcase name="testTryBack" class="Icecave\Collections\LinkedListTest" file="/home/travis/build/IcecaveStudios/collections/test/suite/Icecave/Collections/LinkedListTest.php" line="374" assertions="4" time="0.004812"/>
      <testcase name="testTryBackWithEmptyCollection" class="Icecave\Collections\LinkedListTest" file="/home/travis/build/IcecaveStudios/collections/test/suite/Icecave/Collections/LinkedListTest.php" line="383" assertions="4" time="0.004423"/>
      <testcase name="testSorted" class="Icecave\Collections\LinkedListTest" file="/home/travis/build/IcecaveStudios/collections/test/suite/Icecave/Collections/LinkedListTest.php" line="390" assertions="5" time="0.006053"/>
      <testcase name="testSortedWithComparator" class="Icecave\Collections\LinkedListTest" file="/home/travis/build/IcecaveStudios/collections/test/suite/Icecave/Collections/LinkedListTest.php" line="403" assertions="5" time="0.005746"/>
      <testcase name="testReversed" class="Icecave\Collections\LinkedListTest" file="/home/travis/build/IcecaveStudios/collections/test/suite/Icecave/Collections/LinkedListTest.php" line="420" assertions="4" time="0.005629"/>
      <testcase name="testJoin" class="Icecave\Collections\LinkedListTest" file="/home/travis/build/IcecaveStudios/collections/test/suite/Icecave/Collections/LinkedListTest.php" line="430" assertions="4" time="0.005899"/>
      <testcase name="testSort" class="Icecave\Collections\LinkedListTest" file="/home/travis/build/IcecaveStudios/collections/test/suite/Icecave/Collections/LinkedListTest.php" line="447" assertions="3" time="0.005382"/>
      <testcase name="testSortWithComparator" class="Icecave\Collections\LinkedListTest" file="/home/travis/build/IcecaveStudios/collections/test/suite/Icecave/Collections/LinkedListTest.php" line="456" assertions="3" time="0.005203"/>
      <testcase name="testSortWithEmptyCollection" class="Icecave\Collections\LinkedListTest" file="/home/travis/build/IcecaveStudios/collections/test/suite/Icecave/Collections/LinkedListTest.php" line="469" assertions="3" time="0.004272"/>
      <testcase name="testSortWithSingleElement" class="Icecave\Collections\LinkedListTest" file="/home/travis/build/IcecaveStudios/collections/test/suite/Icecave/Collections/LinkedListTest.php" line="476" assertions="3" time="0.004472"/>
      <testcase name="testReverse" class="Icecave\Collections\LinkedListTest" file="/home/travis/build/IcecaveStudios/collections/test/suite/Icecave/Collections/LinkedListTest.php" line="485" assertions="3" time="0.004835"/>
      <testcase name="testAppend" class="Icecave\Collections\LinkedListTest" file="/home/travis/build/IcecaveStudios/collections/test/suite/Icecave/Collections/LinkedListTest.php" line="494" assertions="3" time="0.004919"/>
      <testcase name="testPushFront" class="Icecave\Collections\LinkedListTest" file="/home/travis/build/IcecaveStudios/collections/test/suite/Icecave/Collections/LinkedListTest.php" line="504" assertions="3" time="0.004519"/>
      <testcase name="testPopFront" class="Icecave\Collections\LinkedListTest" file="/home/travis/build/IcecaveStudios/collections/test/suite/Icecave/Collections/LinkedListTest.php" line="513" assertions="4" time="0.004838"/>
      <testcase name="testPopFrontLastElement" class="Icecave\Collections\LinkedListTest" file="/home/travis/build/IcecaveStudios/collections/test/suite/Icecave/Collections/LinkedListTest.php" line="521" assertions="4" time="0.005220"/>
      <testcase name="testPopFrontWithEmptyCollection" class="Icecave\Collections\LinkedListTest" file="/home/travis/build/IcecaveStudios/collections/test/suite/Icecave/Collections/LinkedListTest.php" line="529" assertions="3" time="0.005231"/>
      <testcase name="testTryPopFront" class="Icecave\Collections\LinkedListTest" file="/home/travis/build/IcecaveStudios/collections/test/suite/Icecave/Collections/LinkedListTest.php" line="535" assertions="5" time="0.005331"/>
      <testcase name="testTryPopFrontWithEmptyCollection" class="Icecave\Collections\LinkedListTest" file="/home/travis/build/IcecaveStudios/collections/test/suite/Icecave/Collections/LinkedListTest.php" line="545" assertions="4" time="0.004461"/>
      <testcase name="testPushBack" class="Icecave\Collections\LinkedListTest" file="/home/travis/build/IcecaveStudios/collections/test/suite/Icecave/Collections/LinkedListTest.php" line="552" assertions="3" time="0.004467"/>
      <testcase name="testPopBack" class="Icecave\Collections\LinkedListTest" file="/home/travis/build/IcecaveStudios/collections/test/suite/Icecave/Collections/LinkedListTest.php" line="561" assertions="4" time="0.005687"/>
      <testcase name="testPopBackLastElement" class="Icecave\Collections\LinkedListTest" file="/home/travis/build/IcecaveStudios/collections/test/suite/Icecave/Collections/LinkedListTest.php" line="569" assertions="4" time="0.004776"/>
      <testcase name="testPopBackWithEmptyCollection" class="Icecave\Collections\LinkedListTest" file="/home/travis/build/IcecaveStudios/collections/test/suite/Icecave/Collections/LinkedListTest.php" line="577" assertions="3" time="0.004646"/>
      <testcase name="testTryPopBack" class="Icecave\Collections\LinkedListTest" file="/home/travis/build/IcecaveStudios/collections/test/suite/Icecave/Collections/LinkedListTest.php" line="583" assertions="5" time="0.005200"/>
      <testcase name="testTryPopBackWithEmptyCollection" class="Icecave\Collections\LinkedListTest" file="/home/travis/build/IcecaveStudios/collections/test/suite/Icecave/Collections/LinkedListTest.php" line="593" assertions="4" time="0.004465"/>
      <testcase name="testResize" class="Icecave\Collections\LinkedListTest" file="/home/travis/build/IcecaveStudios/collections/test/suite/Icecave/Collections/LinkedListTest.php" line="600" assertions="3" time="0.004595"/>
      <testcase name="testResizeWithValue" class="Icecave\Collections\LinkedListTest" file="/home/travis/build/IcecaveStudios/collections/test/suite/Icecave/Collections/LinkedListTest.php" line="607" assertions="3" time="0.004590"/>
      <testcase name="testResizeToSmallerSize" class="Icecave\Collections\LinkedListTest" file="/home/travis/build/IcecaveStudios/collections/test/suite/Icecave/Collections/LinkedListTest.php" line="614" assertions="3" time="0.004896"/>
      <testcase name="testGet" class="Icecave\Collections\LinkedListTest" file="/home/travis/build/IcecaveStudios/collections/test/suite/Icecave/Collections/LinkedListTest.php" line="627" assertions="3" time="0.004836"/>
      <testcase name="testGetWithNegativeIndex" class="Icecave\Collections\LinkedListTest" file="/home/travis/build/IcecaveStudios/collections/test/suite/Icecave/Collections/LinkedListTest.php" line="634" assertions="3" time="0.004749"/>
      <testcase name="testGetWithInvalidIndex" class="Icecave\Collections\LinkedListTest" file="/home/travis/build/IcecaveStudios/collections/test/suite/Icecave/Collections/LinkedListTest.php" line="641" assertions="3" time="0.004791"/>
      <testcase name="testSlice" class="Icecave\Collections\LinkedListTest" file="/home/travis/build/IcecaveStudios/collections/test/suite/Icecave/Collections/LinkedListTest.php" line="647" assertions="4" time="0.005440"/>
      <testcase name="testSliceWithCount" class="Icecave\Collections\LinkedListTest" file="/home/travis/build/IcecaveStudios/collections/test/suite/Icecave/Collections/LinkedListTest.php" line="657" assertions="4" time="0.005250"/>
      <testcase name="testSliceWithNegativeCount" class="Icecave\Collections\LinkedListTest" file="/home/travis/build/IcecaveStudios/collections/test/suite/Icecave/Collections/LinkedListTest.php" line="667" assertions="4" time="0.005752"/>
      <testcase name="testSliceWithNegativeIndex" class="Icecave\Collections\LinkedListTest" file="/home/travis/build/IcecaveStudios/collections/test/suite/Icecave/Collections/LinkedListTest.php" line="677" assertions="4" time="0.005294"/>
      <testcase name="testSliceWithNegativeIndexAndCount" class="Icecave\Collections\LinkedListTest" file="/home/travis/build/IcecaveStudios/collections/test/suite/Icecave/Collections/LinkedListTest.php" line="687" assertions="4" time="0.005438"/>
      <testcase name="testRange" class="Icecave\Collections\LinkedListTest" file="/home/travis/build/IcecaveStudios/collections/test/suite/Icecave/Collections/LinkedListTest.php" line="697" assertions="4" time="0.005500"/>
      <testcase name="testRangeWithNegativeIndices" class="Icecave\Collections\LinkedListTest" file="/home/travis/build/IcecaveStudios/collections/test/suite/Icecave/Collections/LinkedListTest.php" line="707" assertions="4" time="0.005499"/>
      <testcase name="testRangeWithEndBeforeBegin" class="Icecave\Collections\LinkedListTest" file="/home/travis/build/IcecaveStudios/collections/test/suite/Icecave/Collections/LinkedListTest.php" line="717" assertions="4" time="0.005433"/>
      <testcase name="testIndexOf" class="Icecave\Collections\LinkedListTest" file="/home/travis/build/IcecaveStudios/collections/test/suite/Icecave/Collections/LinkedListTest.php" line="727" assertions="3" time="0.004872"/>
      <testcase name="testIndexOfWithStartIndex" class="Icecave\Collections\LinkedListTest" file="/home/travis/build/IcecaveStudios/collections/test/suite/Icecave/Collections/LinkedListTest.php" line="733" assertions="4" time="0.005853"/>
      <testcase name="testIndexOfWithNoMatch" class="Icecave\Collections\LinkedListTest" file="/home/travis/build/IcecaveStudios/collections/test/suite/Icecave/Collections/LinkedListTest.php" line="742" assertions="4" time="0.004915"/>
      <testcase name="testIndexOfLast" class="Icecave\Collections\LinkedListTest" file="/home/travis/build/IcecaveStudios/collections/test/suite/Icecave/Collections/LinkedListTest.php" line="750" assertions="3" time="0.005667"/>
      <testcase name="testIndexOfLastWithStartIndex" class="Icecave\Collections\LinkedListTest" file="/home/travis/build/IcecaveStudios/collections/test/suite/Icecave/Collections/LinkedListTest.php" line="756" assertions="4" time="0.006505"/>
      <testcase name="testIndexOfLastWithNoMatch" class="Icecave\Collections\LinkedListTest" file="/home/travis/build/IcecaveStudios/collections/test/suite/Icecave/Collections/LinkedListTest.php" line="765" assertions="4" time="0.005263"/>
      <testcase name="testFind" class="Icecave\Collections\LinkedListTest" file="/home/travis/build/IcecaveStudios/collections/test/suite/Icecave/Collections/LinkedListTest.php" line="773" assertions="3" time="0.005172"/>
      <testcase name="testFindLast" class="Icecave\Collections\LinkedListTest" file="/home/travis/build/IcecaveStudios/collections/test/suite/Icecave/Collections/LinkedListTest.php" line="783" assertions="3" time="0.005270"/>
      <testcase name="testSet" class="Icecave\Collections\LinkedListTest" file="/home/travis/build/IcecaveStudios/collections/test/suite/Icecave/Collections/LinkedListTest.php" line="797" assertions="3" time="0.004923"/>
      <testcase name="testSetWithNegativeIndex" class="Icecave\Collections\LinkedListTest" file="/home/travis/build/IcecaveStudios/collections/test/suite/Icecave/Collections/LinkedListTest.php" line="806" assertions="3" time="0.004787"/>
      <testcase name="testSetWithInvalidIndex" class="Icecave\Collections\LinkedListTest" file="/home/travis/build/IcecaveStudios/collections/test/suite/Icecave/Collections/LinkedListTest.php" line="815" assertions="3" time="0.004680"/>
      <testcase name="testInsert" class="Icecave\Collections\LinkedListTest" file="/home/travis/build/IcecaveStudios/collections/test/suite/Icecave/Collections/LinkedListTest.php" line="821" assertions="3" time="0.004874"/>
      <testcase name="testInsertWithNegativeIndex" class="Icecave\Collections\LinkedListTest" file="/home/travis/build/IcecaveStudios/collections/test/suite/Icecave/Collections/LinkedListTest.php" line="830" assertions="3" time="0.004997"/>
      <testcase name="testInsertAtEnd" class="Icecave\Collections\LinkedListTest" file="/home/travis/build/IcecaveStudios/collections/test/suite/Icecave/Collections/LinkedListTest.php" line="839" assertions="3" time="0.004855"/>
      <testcase name="testInsertWithInvalidIndex" class="Icecave\Collections\LinkedListTest" file="/home/travis/build/IcecaveStudios/collections/test/suite/Icecave/Collections/LinkedListTest.php" line="848" assertions="3" time="0.004981"/>
      <testcase name="testInsertMany" class="Icecave\Collections\LinkedListTest" file="/home/travis/build/IcecaveStudios/collections/test/suite/Icecave/Collections/LinkedListTest.php" line="854" assertions="3" time="0.005291"/>
      <testcase name="testInsertManyAtBegin" class="Icecave\Collections\LinkedListTest" file="/home/travis/build/IcecaveStudios/collections/test/suite/Icecave/Collections/LinkedListTest.php" line="863" assertions="3" time="0.005267"/>
      <testcase name="testInsertManyAtEnd" class="Icecave\Collections\LinkedListTest" file="/home/travis/build/IcecaveStudios/collections/test/suite/Icecave/Collections/LinkedListTest.php" line="872" assertions="3" time="0.005182"/>
      <testcase name="testInsertManyWithEmptyElements" class="Icecave\Collections\LinkedListTest" file="/home/travis/build/IcecaveStudios/collections/test/suite/Icecave/Collections/LinkedListTest.php" line="881" assertions="3" time="0.005380"/>
      <testcase name="testInsertManyWithNegativeIndex" class="Icecave\Collections\LinkedListTest" file="/home/travis/build/IcecaveStudios/collections/test/suite/Icecave/Collections/LinkedListTest.php" line="890" assertions="3" time="0.005394"/>
      <testcase name="testInsertManyWithInvalidIndex" class="Icecave\Collections\LinkedListTest" file="/home/travis/build/IcecaveStudios/collections/test/suite/Icecave/Collections/LinkedListTest.php" line="899" assertions="3" time="0.004924"/>
      <testcase name="testRemove" class="Icecave\Collections\LinkedListTest" file="/home/travis/build/IcecaveStudios/collections/test/suite/Icecave/Collections/LinkedListTest.php" line="905" assertions="3" time="0.005274"/>
      <testcase name="testRemoveWithNegativeIndex" class="Icecave\Collections\LinkedListTest" file="/home/travis/build/IcecaveStudios/collections/test/suite/Icecave/Collections/LinkedListTest.php" line="914" assertions="3" time="0.005035"/>
      <testcase name="testRemoveWithInvalidIndex" class="Icecave\Collections\LinkedListTest" file="/home/travis/build/IcecaveStudios/collections/test/suite/Icecave/Collections/LinkedListTest.php" line="923" assertions="3" time="0.004734"/>
      <testcase name="testRemoveMany" class="Icecave\Collections\LinkedListTest" file="/home/travis/build/IcecaveStudios/collections/test/suite/Icecave/Collections/LinkedListTest.php" line="929" assertions="3" time="0.004826"/>
      <testcase name="testRemoveManyEverything" class="Icecave\Collections\LinkedListTest" file="/home/travis/build/IcecaveStudios/collections/test/suite/Icecave/Collections/LinkedListTest.php" line="938" assertions="3" time="0.004851"/>
      <testcase name="testRemoveManyWithCount" class="Icecave\Collections\LinkedListTest" file="/home/travis/build/IcecaveStudios/collections/test/suite/Icecave/Collections/LinkedListTest.php" line="947" assertions="3" time="0.004813"/>
      <testcase name="testRemoveManyWithCountToEnd" class="Icecave\Collections\LinkedListTest" file="/home/travis/build/IcecaveStudios/collections/test/suite/Icecave/Collections/LinkedListTest.php" line="956" assertions="3" time="0.004833"/>
      <testcase name="testRemoveManyWithNegativeIndex" class="Icecave\Collections\LinkedListTest" file="/home/travis/build/IcecaveStudios/collections/test/suite/Icecave/Collections/LinkedListTest.php" line="965" assertions="3" time="0.004911"/>
      <testcase name="testRemoveManyWithInvalidIndex" class="Icecave\Collections\LinkedListTest" file="/home/travis/build/IcecaveStudios/collections/test/suite/Icecave/Collections/LinkedListTest.php" line="974" assertions="3" time="0.004730"/>
      <testcase name="testRemoveRange" class="Icecave\Collections\LinkedListTest" file="/home/travis/build/IcecaveStudios/collections/test/suite/Icecave/Collections/LinkedListTest.php" line="980" assertions="3" time="0.005336"/>
      <testcase name="testRemoveRangeToEnd" class="Icecave\Collections\LinkedListTest" file="/home/travis/build/IcecaveStudios/collections/test/suite/Icecave/Collections/LinkedListTest.php" line="989" assertions="3" time="0.005244"/>
      <testcase name="testRemoveRangeWithNegativeIndex" class="Icecave\Collections\LinkedListTest" file="/home/travis/build/IcecaveStudios/collections/test/suite/Icecave/Collections/LinkedListTest.php" line="998" assertions="3" time="0.005006"/>
      <testcase name="testRemoveRangeWithEndBeforeBegin" class="Icecave\Collections\LinkedListTest" file="/home/travis/build/IcecaveStudios/collections/test/suite/Icecave/Collections/LinkedListTest.php" line="1007" assertions="3" time="0.004967"/>
      <testcase name="testRemoveRangeWithInvalidIndex" class="Icecave\Collections\LinkedListTest" file="/home/travis/build/IcecaveStudios/collections/test/suite/Icecave/Collections/LinkedListTest.php" line="1016" assertions="3" time="0.004637"/>
      <testcase name="testReplace" class="Icecave\Collections\LinkedListTest" file="/home/travis/build/IcecaveStudios/collections/test/suite/Icecave/Collections/LinkedListTest.php" line="1022" assertions="3" time="0.005128"/>
      <testcase name="testReplaceWithCount" class="Icecave\Collections\LinkedListTest" file="/home/travis/build/IcecaveStudios/collections/test/suite/Icecave/Collections/LinkedListTest.php" line="1031" assertions="3" time="0.005266"/>
      <testcase name="testReplaceWithNegativeIndex" class="Icecave\Collections\LinkedListTest" file="/home/travis/build/IcecaveStudios/collections/test/suite/Icecave/Collections/LinkedListTest.php" line="1040" assertions="3" time="0.005210"/>
      <testcase name="testReplaceWithInvalidIndex" class="Icecave\Collections\LinkedListTest" file="/home/travis/build/IcecaveStudios/collections/test/suite/Icecave/Collections/LinkedListTest.php" line="1049" assertions="3" time="0.004702"/>
      <testcase name="testReplaceRange" class="Icecave\Collections\LinkedListTest" file="/home/travis/build/IcecaveStudios/collections/test/suite/Icecave/Collections/LinkedListTest.php" line="1055" assertions="3" time="0.005507"/>
      <testcase name="testReplaceRangeWithNegativeIndices" class="Icecave\Collections\LinkedListTest" file="/home/travis/build/IcecaveStudios/collections/test/suite/Icecave/Collections/LinkedListTest.php" line="1064" assertions="3" time="0.005374"/>
      <testcase name="testReplaceRangeWithZeroLength" class="Icecave\Collections\LinkedListTest" file="/home/travis/build/IcecaveStudios/collections/test/suite/Icecave/Collections/LinkedListTest.php" line="1073" assertions="3" time="0.005366"/>
      <testcase name="testReplaceRangeWithEndBeforeBegin" class="Icecave\Collections\LinkedListTest" file="/home/travis/build/IcecaveStudios/collections/test/suite/Icecave/Collections/LinkedListTest.php" line="1082" assertions="3" time="0.005439"/>
      <testcase name="testReplaceRangeWithInvalidIndex" class="Icecave\Collections\LinkedListTest" file="/home/travis/build/IcecaveStudios/collections/test/suite/Icecave/Collections/LinkedListTest.php" line="1091" assertions="3" time="0.004721"/>
      <testcase name="testSwap" class="Icecave\Collections\LinkedListTest" file="/home/travis/build/IcecaveStudios/collections/test/suite/Icecave/Collections/LinkedListTest.php" line="1097" assertions="3" time="0.004904"/>
      <testcase name="testSwapWithNegativeIndices" class="Icecave\Collections\LinkedListTest" file="/home/travis/build/IcecaveStudios/collections/test/suite/Icecave/Collections/LinkedListTest.php" line="1106" assertions="3" time="0.005111"/>
      <testcase name="testSwapWithInvalidIndex1" class="Icecave\Collections\LinkedListTest" file="/home/travis/build/IcecaveStudios/collections/test/suite/Icecave/Collections/LinkedListTest.php" line="1115" assertions="3" time="0.004792"/>
      <testcase name="testSwapWithInvalidIndex2" class="Icecave\Collections\LinkedListTest" file="/home/travis/build/IcecaveStudios/collections/test/suite/Icecave/Collections/LinkedListTest.php" line="1121" assertions="3" time="0.005083"/>
      <testcase name="testTrySwap" class="Icecave\Collections\LinkedListTest" file="/home/travis/build/IcecaveStudios/collections/test/suite/Icecave/Collections/LinkedListTest.php" line="1129" assertions="4" time="0.005171"/>
      <testcase name="testTrySwapWithNegativeIndices" class="Icecave\Collections\LinkedListTest" file="/home/travis/build/IcecaveStudios/collections/test/suite/Icecave/Collections/LinkedListTest.php" line="1138" assertions="4" time="0.005290"/>
      <testcase name="testTrySwapWithInvalidIndex1" class="Icecave\Collections\LinkedListTest" file="/home/travis/build/IcecaveStudios/collections/test/suite/Icecave/Collections/LinkedListTest.php" line="1147" assertions="3" time="0.004346"/>
      <testcase name="testTrySwapWithInvalidIndex2" class="Icecave\Collections\LinkedListTest" file="/home/travis/build/IcecaveStudios/collections/test/suite/Icecave/Collections/LinkedListTest.php" line="1152" assertions="3" time="0.005085"/>
      <testcase name="testCount" class="Icecave\Collections\LinkedListTest" file="/home/travis/build/IcecaveStudios/collections/test/suite/Icecave/Collections/LinkedListTest.php" line="1163" assertions="5" time="0.005183"/>
      <testcase name="testIteration" class="Icecave\Collections\LinkedListTest" file="/home/travis/build/IcecaveStudios/collections/test/suite/Icecave/Collections/LinkedListTest.php" line="1182" assertions="3" time="0.006055"/>
    </testsuite>
    <testsuite name="Icecave\Collections\MapTest" file="/home/travis/build/IcecaveStudios/collections/test/suite/Icecave/Collections/MapTest.php" namespace="Icecave\Collections" fullPackage="Icecave.Collections" tests="73" assertions="136" failures="0" errors="0" time="0.331213">
      <testcase name="testConstructor" class="Icecave\Collections\MapTest" file="/home/travis/build/IcecaveStudios/collections/test/suite/Icecave/Collections/MapTest.php" line="16" assertions="1" time="0.003432"/>
      <testcase name="testConstructorWithArray" class="Icecave\Collections\MapTest" file="/home/travis/build/IcecaveStudios/collections/test/suite/Icecave/Collections/MapTest.php" line="21" assertions="1" time="0.004488"/>
      <testcase name="testClone" class="Icecave\Collections\MapTest" file="/home/travis/build/IcecaveStudios/collections/test/suite/Icecave/Collections/MapTest.php" line="33" assertions="2" time="0.004477"/>
      <testcase name="testSerialization" class="Icecave\Collections\MapTest" file="/home/travis/build/IcecaveStudios/collections/test/suite/Icecave/Collections/MapTest.php" line="47" assertions="1" time="0.005190"/>
      <testcase name="testSerializationOfHashFunction" class="Icecave\Collections\MapTest" file="/home/travis/build/IcecaveStudios/collections/test/suite/Icecave/Collections/MapTest.php" line="63" assertions="1" time="0.004136"/>
      <testcase name="testSize" class="Icecave\Collections\MapTest" file="/home/travis/build/IcecaveStudios/collections/test/suite/Icecave/Collections/MapTest.php" line="77" assertions="3" time="0.004564"/>
      <testcase name="testIsEmpty" class="Icecave\Collections\MapTest" file="/home/travis/build/IcecaveStudios/collections/test/suite/Icecave/Collections/MapTest.php" line="92" assertions="3" time="0.004176"/>
      <testcase name="testToString" class="Icecave\Collections\MapTest" file="/home/travis/build/IcecaveStudios/collections/test/suite/Icecave/Collections/MapTest.php" line="105" assertions="3" time="0.006623"/>
      <testcase name="testClear" class="Icecave\Collections\MapTest" file="/home/travis/build/IcecaveStudios/collections/test/suite/Icecave/Collections/MapTest.php" line="124" assertions="1" time="0.004125"/>
      <testcase name="testIteratorTraits" class="Icecave\Collections\MapTest" file="/home/travis/build/IcecaveStudios/collections/test/suite/Icecave/Collections/MapTest.php" line="137" assertions="1" time="0.006014"/>
      <testcase name="testElements" class="Icecave\Collections\MapTest" file="/home/travis/build/IcecaveStudios/collections/test/suite/Icecave/Collections/MapTest.php" line="146" assertions="2" time="0.004631"/>
      <testcase name="testContains" class="Icecave\Collections\MapTest" file="/home/travis/build/IcecaveStudios/collections/test/suite/Icecave/Collections/MapTest.php" line="157" assertions="2" time="0.004263"/>
      <testcase name="testFiltered" class="Icecave\Collections\MapTest" file="/home/travis/build/IcecaveStudios/collections/test/suite/Icecave/Collections/MapTest.php" line="166" assertions="2" time="0.004871"/>
      <testcase name="testFilteredWithPredicate" class="Icecave\Collections\MapTest" file="/home/travis/build/IcecaveStudios/collections/test/suite/Icecave/Collections/MapTest.php" line="178" assertions="2" time="0.005700"/>
      <testcase name="testMap" class="Icecave\Collections\MapTest" file="/home/travis/build/IcecaveStudios/collections/test/suite/Icecave/Collections/MapTest.php" line="196" assertions="2" time="0.005117"/>
      <testcase name="testPartition" class="Icecave\Collections\MapTest" file="/home/travis/build/IcecaveStudios/collections/test/suite/Icecave/Collections/MapTest.php" line="212" assertions="6" time="0.005298"/>
      <testcase name="testEach" class="Icecave\Collections\MapTest" file="/home/travis/build/IcecaveStudios/collections/test/suite/Icecave/Collections/MapTest.php" line="236" assertions="1" time="0.004104"/>
      <testcase name="testAll" class="Icecave\Collections\MapTest" file="/home/travis/build/IcecaveStudios/collections/test/suite/Icecave/Collections/MapTest.php" line="258" assertions="2" time="0.004577"/>
      <testcase name="testAny" class="Icecave\Collections\MapTest" file="/home/travis/build/IcecaveStudios/collections/test/suite/Icecave/Collections/MapTest.php" line="281" assertions="2" time="0.004640"/>
      <testcase name="testFilter" class="Icecave\Collections\MapTest" file="/home/travis/build/IcecaveStudios/collections/test/suite/Icecave/Collections/MapTest.php" line="308" assertions="1" time="0.004165"/>
      <testcase name="testFilterWithPredicate" class="Icecave\Collections\MapTest" file="/home/travis/build/IcecaveStudios/collections/test/suite/Icecave/Collections/MapTest.php" line="319" assertions="1" time="0.004604"/>
      <testcase name="testApply" class="Icecave\Collections\MapTest" file="/home/travis/build/IcecaveStudios/collections/test/suite/Icecave/Collections/MapTest.php" line="336" assertions="1" time="0.004249"/>
      <testcase name="testHasKey" class="Icecave\Collections\MapTest" file="/home/travis/build/IcecaveStudios/collections/test/suite/Icecave/Collections/MapTest.php" line="355" assertions="2" time="0.004300"/>
      <testcase name="testGet" class="Icecave\Collections\MapTest" file="/home/travis/build/IcecaveStudios/collections/test/suite/Icecave/Collections/MapTest.php" line="364" assertions="1" time="0.003788"/>
      <testcase name="testGetFailure" class="Icecave\Collections\MapTest" file="/home/travis/build/IcecaveStudios/collections/test/suite/Icecave/Collections/MapTest.php" line="371" assertions="2" time="0.004293"/>
      <testcase name="testTryGet" class="Icecave\Collections\MapTest" file="/home/travis/build/IcecaveStudios/collections/test/suite/Icecave/Collections/MapTest.php" line="378" assertions="4" time="0.004617"/>
      <testcase name="testGetWithDefault" class="Icecave\Collections\MapTest" file="/home/travis/build/IcecaveStudios/collections/test/suite/Icecave/Collections/MapTest.php" line="391" assertions="3" time="0.004834"/>
      <testcase name="testCascade" class="Icecave\Collections\MapTest" file="/home/travis/build/IcecaveStudios/collections/test/suite/Icecave/Collections/MapTest.php" line="401" assertions="1" time="0.004183"/>
      <testcase name="testCascadeFailure" class="Icecave\Collections\MapTest" file="/home/travis/build/IcecaveStudios/collections/test/suite/Icecave/Collections/MapTest.php" line="408" assertions="2" time="0.004789"/>
      <testcase name="testCascadeWithDefault" class="Icecave\Collections\MapTest" file="/home/travis/build/IcecaveStudios/collections/test/suite/Icecave/Collections/MapTest.php" line="415" assertions="2" time="0.005064"/>
      <testcase name="testCascadeIterable" class="Icecave\Collections\MapTest" file="/home/travis/build/IcecaveStudios/collections/test/suite/Icecave/Collections/MapTest.php" line="424" assertions="1" time="0.004063"/>
      <testcase name="testCascadeIterableWithDefault" class="Icecave\Collections\MapTest" file="/home/travis/build/IcecaveStudios/collections/test/suite/Icecave/Collections/MapTest.php" line="431" assertions="2" time="0.004836"/>
      <testcase name="testKeys" class="Icecave\Collections\MapTest" file="/home/travis/build/IcecaveStudios/collections/test/suite/Icecave/Collections/MapTest.php" line="440" assertions="1" time="0.004155"/>
      <testcase name="testValues" class="Icecave\Collections\MapTest" file="/home/travis/build/IcecaveStudios/collections/test/suite/Icecave/Collections/MapTest.php" line="449" assertions="1" time="0.004014"/>
      <testcase name="testCombine" class="Icecave\Collections\MapTest" file="/home/travis/build/IcecaveStudios/collections/test/suite/Icecave/Collections/MapTest.php" line="458" assertions="1" time="0.004905"/>
      <testcase name="testProject" class="Icecave\Collections\MapTest" file="/home/travis/build/IcecaveStudios/collections/test/suite/Icecave/Collections/MapTest.php" line="472" assertions="1" time="0.005152"/>
      <testcase name="testProjectIterable" class="Icecave\Collections\MapTest" file="/home/travis/build/IcecaveStudios/collections/test/suite/Icecave/Collections/MapTest.php" line="483" assertions="1" time="0.004988"/>
      <testcase name="testSet" class="Icecave\Collections\MapTest" file="/home/travis/build/IcecaveStudios/collections/test/suite/Icecave/Collections/MapTest.php" line="498" assertions="3" time="0.004826"/>
      <testcase name="testAdd" class="Icecave\Collections\MapTest" file="/home/travis/build/IcecaveStudios/collections/test/suite/Icecave/Collections/MapTest.php" line="511" assertions="1" time="0.003955"/>
      <testcase name="testAddFailure" class="Icecave\Collections\MapTest" file="/home/travis/build/IcecaveStudios/collections/test/suite/Icecave/Collections/MapTest.php" line="518" assertions="2" time="0.004569"/>
      <testcase name="testTryAdd" class="Icecave\Collections\MapTest" file="/home/travis/build/IcecaveStudios/collections/test/suite/Icecave/Collections/MapTest.php" line="526" assertions="3" time="0.004548"/>
      <testcase name="testReplace" class="Icecave\Collections\MapTest" file="/home/travis/build/IcecaveStudios/collections/test/suite/Icecave/Collections/MapTest.php" line="533" assertions="2" time="0.004357"/>
      <testcase name="testReplaceFailure" class="Icecave\Collections\MapTest" file="/home/travis/build/IcecaveStudios/collections/test/suite/Icecave/Collections/MapTest.php" line="542" assertions="2" time="0.004557"/>
      <testcase name="testTryReplace" class="Icecave\Collections\MapTest" file="/home/travis/build/IcecaveStudios/collections/test/suite/Icecave/Collections/MapTest.php" line="548" assertions="3" time="0.004459"/>
      <testcase name="testTryReplaceFailure" class="Icecave\Collections\MapTest" file="/home/travis/build/IcecaveStudios/collections/test/suite/Icecave/Collections/MapTest.php" line="558" assertions="2" time="0.004109"/>
      <testcase name="testRemove" class="Icecave\Collections\MapTest" file="/home/travis/build/IcecaveStudios/collections/test/suite/Icecave/Collections/MapTest.php" line="564" assertions="2" time="0.004218"/>
      <testcase name="testRemoveFailure" class="Icecave\Collections\MapTest" file="/home/travis/build/IcecaveStudios/collections/test/suite/Icecave/Collections/MapTest.php" line="573" assertions="2" time="0.004317"/>
      <testcase name="testTryRemove" class="Icecave\Collections\MapTest" file="/home/travis/build/IcecaveStudios/collections/test/suite/Icecave/Collections/MapTest.php" line="579" assertions="5" time="0.005020"/>
      <testcase name="testMerge" class="Icecave\Collections\MapTest" file="/home/travis/build/IcecaveStudios/collections/test/suite/Icecave/Collections/MapTest.php" line="593" assertions="1" time="0.005158"/>
      <testcase name="testSwap" class="Icecave\Collections\MapTest" file="/home/travis/build/IcecaveStudios/collections/test/suite/Icecave/Collections/MapTest.php" line="607" assertions="1" time="0.004222"/>
      <testcase name="testSwapFailureWithUnknownSource" class="Icecave\Collections\MapTest" file="/home/travis/build/IcecaveStudios/collections/test/suite/Icecave/Collections/MapTest.php" line="617" assertions="2" time="0.004680"/>
      <testcase name="testSwapFailureWithUnknownTarget" class="Icecave\Collections\MapTest" file="/home/travis/build/IcecaveStudios/collections/test/suite/Icecave/Collections/MapTest.php" line="625" assertions="2" time="0.004650"/>
      <testcase name="testTrySwap" class="Icecave\Collections\MapTest" file="/home/travis/build/IcecaveStudios/collections/test/suite/Icecave/Collections/MapTest.php" line="633" assertions="2" time="0.004422"/>
      <testcase name="testTrySwapFailureWithUnknownSource" class="Icecave\Collections\MapTest" file="/home/travis/build/IcecaveStudios/collections/test/suite/Icecave/Collections/MapTest.php" line="643" assertions="2" time="0.004270"/>
      <testcase name="testTrySwapFailureWithUnknownTarget" class="Icecave\Collections\MapTest" file="/home/travis/build/IcecaveStudios/collections/test/suite/Icecave/Collections/MapTest.php" line="652" assertions="2" time="0.004331"/>
      <testcase name="testMove" class="Icecave\Collections\MapTest" file="/home/travis/build/IcecaveStudios/collections/test/suite/Icecave/Collections/MapTest.php" line="661" assertions="1" time="0.004392"/>
      <testcase name="testMoveFailure" class="Icecave\Collections\MapTest" file="/home/travis/build/IcecaveStudios/collections/test/suite/Icecave/Collections/MapTest.php" line="671" assertions="2" time="0.004558"/>
      <testcase name="testTryMove" class="Icecave\Collections\MapTest" file="/home/travis/build/IcecaveStudios/collections/test/suite/Icecave/Collections/MapTest.php" line="679" assertions="2" time="0.004571"/>
      <testcase name="testTryMoveFailure" class="Icecave\Collections\MapTest" file="/home/travis/build/IcecaveStudios/collections/test/suite/Icecave/Collections/MapTest.php" line="689" assertions="2" time="0.004338"/>
      <testcase name="testRename" class="Icecave\Collections\MapTest" file="/home/travis/build/IcecaveStudios/collections/test/suite/Icecave/Collections/MapTest.php" line="698" assertions="1" time="0.004165"/>
      <testcase name="testRenameFailureWithUnknownSource" class="Icecave\Collections\MapTest" file="/home/travis/build/IcecaveStudios/collections/test/suite/Icecave/Collections/MapTest.php" line="707" assertions="2" time="0.004488"/>
      <testcase name="testRenameFailureWithDuplicateTarget" class="Icecave\Collections\MapTest" file="/home/travis/build/IcecaveStudios/collections/test/suite/Icecave/Collections/MapTest.php" line="713" assertions="2" time="0.005053"/>
      <testcase name="testTryRename" class="Icecave\Collections\MapTest" file="/home/travis/build/IcecaveStudios/collections/test/suite/Icecave/Collections/MapTest.php" line="722" assertions="2" time="0.004377"/>
      <testcase name="testTryRenameFailureWithUnknownSource" class="Icecave\Collections\MapTest" file="/home/travis/build/IcecaveStudios/collections/test/suite/Icecave/Collections/MapTest.php" line="731" assertions="2" time="0.004320"/>
      <testcase name="testTryRenameFailureWithDuplicateTarget" class="Icecave\Collections\MapTest" file="/home/travis/build/IcecaveStudios/collections/test/suite/Icecave/Collections/MapTest.php" line="740" assertions="2" time="0.004478"/>
      <testcase name="testCount" class="Icecave\Collections\MapTest" file="/home/travis/build/IcecaveStudios/collections/test/suite/Icecave/Collections/MapTest.php" line="754" assertions="3" time="0.004665"/>
      <testcase name="testIteration" class="Icecave\Collections\MapTest" file="/home/travis/build/IcecaveStudios/collections/test/suite/Icecave/Collections/MapTest.php" line="773" assertions="1" time="0.004787"/>
      <testcase name="testIteratorKeyLimitationWorkaround" class="Icecave\Collections\MapTest" file="/home/travis/build/IcecaveStudios/collections/test/suite/Icecave/Collections/MapTest.php" line="787" assertions="2" time="0.004573"/>
      <testcase name="testOffsetExists" class="Icecave\Collections\MapTest" file="/home/travis/build/IcecaveStudios/collections/test/suite/Icecave/Collections/MapTest.php" line="811" assertions="2" time="0.004270"/>
      <testcase name="testOffsetGet" class="Icecave\Collections\MapTest" file="/home/travis/build/IcecaveStudios/collections/test/suite/Icecave/Collections/MapTest.php" line="820" assertions="1" time="0.004069"/>
      <testcase name="testOffsetGetFailure" class="Icecave\Collections\MapTest" file="/home/travis/build/IcecaveStudios/collections/test/suite/Icecave/Collections/MapTest.php" line="827" assertions="2" time="0.004444"/>
      <testcase name="testOffsetSet" class="Icecave\Collections\MapTest" file="/home/travis/build/IcecaveStudios/collections/test/suite/Icecave/Collections/MapTest.php" line="834" assertions="1" time="0.003712"/>
      <testcase name="testOffsetUnset" class="Icecave\Collections\MapTest" file="/home/travis/build/IcecaveStudios/collections/test/suite/Icecave/Collections/MapTest.php" line="841" assertions="1" time="0.003861"/>
    </testsuite>
    <testsuite name="Icecave\Collections\PriorityQueueTest" file="/home/travis/build/IcecaveStudios/collections/test/suite/Icecave/Collections/PriorityQueueTest.php" namespace="Icecave\Collections" fullPackage="Icecave.Collections" tests="17" assertions="33" failures="0" errors="0" time="0.074295">
      <testcase name="testConstructor" class="Icecave\Collections\PriorityQueueTest" file="/home/travis/build/IcecaveStudios/collections/test/suite/Icecave/Collections/PriorityQueueTest.php" line="19" assertions="1" time="0.006520"/>
      <testcase name="testConstructorWithArray" class="Icecave\Collections\PriorityQueueTest" file="/home/travis/build/IcecaveStudios/collections/test/suite/Icecave/Collections/PriorityQueueTest.php" line="24" assertions="1" time="0.004203"/>
      <testcase name="testSerialization" class="Icecave\Collections\PriorityQueueTest" file="/home/travis/build/IcecaveStudios/collections/test/suite/Icecave/Collections/PriorityQueueTest.php" line="30" assertions="4" time="0.005708"/>
      <testcase name="testSize" class="Icecave\Collections\PriorityQueueTest" file="/home/travis/build/IcecaveStudios/collections/test/suite/Icecave/Collections/PriorityQueueTest.php" line="49" assertions="3" time="0.004242"/>
      <testcase name="testIsEmpty" class="Icecave\Collections\PriorityQueueTest" file="/home/travis/build/IcecaveStudios/collections/test/suite/Icecave/Collections/PriorityQueueTest.php" line="64" assertions="3" time="0.004337"/>
      <testcase name="testToString" class="Icecave\Collections\PriorityQueueTest" file="/home/travis/build/IcecaveStudios/collections/test/suite/Icecave/Collections/PriorityQueueTest.php" line="77" assertions="2" time="0.004555"/>
      <testcase name="testClear" class="Icecave\Collections\PriorityQueueTest" file="/home/travis/build/IcecaveStudios/collections/test/suite/Icecave/Collections/PriorityQueueTest.php" line="92" assertions="1" time="0.003886"/>
      <testcase name="testNext" class="Icecave\Collections\PriorityQueueTest" file="/home/travis/build/IcecaveStudios/collections/test/suite/Icecave/Collections/PriorityQueueTest.php" line="105" assertions="1" time="0.003756"/>
      <testcase name="testNextWithEmptyCollection" class="Icecave\Collections\PriorityQueueTest" file="/home/travis/build/IcecaveStudios/collections/test/suite/Icecave/Collections/PriorityQueueTest.php" line="113" assertions="1" time="0.004033"/>
      <testcase name="testTryNext" class="Icecave\Collections\PriorityQueueTest" file="/home/travis/build/IcecaveStudios/collections/test/suite/Icecave/Collections/PriorityQueueTest.php" line="119" assertions="2" time="0.004102"/>
      <testcase name="testTryNextWithEmptyCollection" class="Icecave\Collections\PriorityQueueTest" file="/home/travis/build/IcecaveStudios/collections/test/suite/Icecave/Collections/PriorityQueueTest.php" line="129" assertions="2" time="0.003901"/>
      <testcase name="testPop" class="Icecave\Collections\PriorityQueueTest" file="/home/travis/build/IcecaveStudios/collections/test/suite/Icecave/Collections/PriorityQueueTest.php" line="136" assertions="2" time="0.004216"/>
      <testcase name="testPopWithEmptyCollection" class="Icecave\Collections\PriorityQueueTest" file="/home/travis/build/IcecaveStudios/collections/test/suite/Icecave/Collections/PriorityQueueTest.php" line="145" assertions="1" time="0.004110"/>
      <testcase name="testTryPop" class="Icecave\Collections\PriorityQueueTest" file="/home/travis/build/IcecaveStudios/collections/test/suite/Icecave/Collections/PriorityQueueTest.php" line="151" assertions="3" time="0.004669"/>
      <testcase name="testTryPopWithEmptyCollection" class="Icecave\Collections\PriorityQueueTest" file="/home/travis/build/IcecaveStudios/collections/test/suite/Icecave/Collections/PriorityQueueTest.php" line="162" assertions="2" time="0.003981"/>
      <testcase name="testPush" class="Icecave\Collections\PriorityQueueTest" file="/home/travis/build/IcecaveStudios/collections/test/suite/Icecave/Collections/PriorityQueueTest.php" line="169" assertions="3" time="0.004380"/>
      <testcase name="testPushWithExplicitPriority" class="Icecave\Collections\PriorityQueueTest" file="/home/travis/build/IcecaveStudios/collections/test/suite/Icecave/Collections/PriorityQueueTest.php" line="184" assertions="1" time="0.003696"/>
    </testsuite>
    <testsuite name="Icecave\Collections\QueueTest" file="/home/travis/build/IcecaveStudios/collections/test/suite/Icecave/Collections/QueueTest.php" namespace="Icecave\Collections" fullPackage="Icecave.Collections" tests="17" assertions="38" failures="0" errors="0" time="0.068053">
      <testcase name="testConstructor" class="Icecave\Collections\QueueTest" file="/home/travis/build/IcecaveStudios/collections/test/suite/Icecave/Collections/QueueTest.php" line="13" assertions="1" time="0.003378"/>
      <testcase name="testConstructorWithArray" class="Icecave\Collections\QueueTest" file="/home/travis/build/IcecaveStudios/collections/test/suite/Icecave/Collections/QueueTest.php" line="18" assertions="5" time="0.004775"/>
      <testcase name="testClone" class="Icecave\Collections\QueueTest" file="/home/travis/build/IcecaveStudios/collections/test/suite/Icecave/Collections/QueueTest.php" line="28" assertions="2" time="0.004016"/>
      <testcase name="testSerialization" class="Icecave\Collections\QueueTest" file="/home/travis/build/IcecaveStudios/collections/test/suite/Icecave/Collections/QueueTest.php" line="42" assertions="4" time="0.004955"/>
      <testcase name="testSize" class="Icecave\Collections\QueueTest" file="/home/travis/build/IcecaveStudios/collections/test/suite/Icecave/Collections/QueueTest.php" line="61" assertions="3" time="0.003978"/>
      <testcase name="testIsEmpty" class="Icecave\Collections\QueueTest" file="/home/travis/build/IcecaveStudios/collections/test/suite/Icecave/Collections/QueueTest.php" line="76" assertions="3" time="0.003941"/>
      <testcase name="testToString" class="Icecave\Collections\QueueTest" file="/home/travis/build/IcecaveStudios/collections/test/suite/Icecave/Collections/QueueTest.php" line="89" assertions="2" time="0.004317"/>
      <testcase name="testClear" class="Icecave\Collections\QueueTest" file="/home/travis/build/IcecaveStudios/collections/test/suite/Icecave/Collections/QueueTest.php" line="104" assertions="1" time="0.003697"/>
      <testcase name="testNext" class="Icecave\Collections\QueueTest" file="/home/travis/build/IcecaveStudios/collections/test/suite/Icecave/Collections/QueueTest.php" line="117" assertions="1" time="0.003634"/>
      <testcase name="testNextWithEmptyCollection" class="Icecave\Collections\QueueTest" file="/home/travis/build/IcecaveStudios/collections/test/suite/Icecave/Collections/QueueTest.php" line="125" assertions="1" time="0.003971"/>
      <testcase name="testTryNext" class="Icecave\Collections\QueueTest" file="/home/travis/build/IcecaveStudios/collections/test/suite/Icecave/Collections/QueueTest.php" line="131" assertions="2" time="0.004100"/>
      <testcase name="testTryNextWithEmptyCollection" class="Icecave\Collections\QueueTest" file="/home/travis/build/IcecaveStudios/collections/test/suite/Icecave/Collections/QueueTest.php" line="141" assertions="2" time="0.003583"/>
      <testcase name="testPop" class="Icecave\Collections\QueueTest" file="/home/travis/build/IcecaveStudios/collections/test/suite/Icecave/Collections/QueueTest.php" line="148" assertions="2" time="0.003901"/>
      <testcase name="testPopWithEmptyCollection" class="Icecave\Collections\QueueTest" file="/home/travis/build/IcecaveStudios/collections/test/suite/Icecave/Collections/QueueTest.php" line="157" assertions="1" time="0.003794"/>
      <testcase name="testTryPop" class="Icecave\Collections\QueueTest" file="/home/travis/build/IcecaveStudios/collections/test/suite/Icecave/Collections/QueueTest.php" line="163" assertions="3" time="0.004001"/>
      <testcase name="testTryPopWithEmptyCollection" class="Icecave\Collections\QueueTest" file="/home/travis/build/IcecaveStudios/collections/test/suite/Icecave/Collections/QueueTest.php" line="174" assertions="2" time="0.003779"/>
      <testcase name="testCount" class="Icecave\Collections\QueueTest" file="/home/travis/build/IcecaveStudios/collections/test/suite/Icecave/Collections/QueueTest.php" line="185" assertions="3" time="0.004232"/>
    </testsuite>
    <testsuite name="Icecave\Collections\SetTest" file="/home/travis/build/IcecaveStudios/collections/test/suite/Icecave/Collections/SetTest.php" namespace="Icecave\Collections" fullPackage="Icecave.Collections" tests="42" assertions="82" failures="0" errors="0" time="0.242341">
      <testcase name="testConstructor" class="Icecave\Collections\SetTest" file="/home/travis/build/IcecaveStudios/collections/test/suite/Icecave/Collections/SetTest.php" line="15" assertions="1" time="0.007218"/>
      <testcase name="testConstructorWithArray" class="Icecave\Collections\SetTest" file="/home/travis/build/IcecaveStudios/collections/test/suite/Icecave/Collections/SetTest.php" line="20" assertions="1" time="0.005096"/>
      <testcase name="testClone" class="Icecave\Collections\SetTest" file="/home/travis/build/IcecaveStudios/collections/test/suite/Icecave/Collections/SetTest.php" line="26" assertions="2" time="0.004435"/>
      <testcase name="testSerialization" class="Icecave\Collections\SetTest" file="/home/travis/build/IcecaveStudios/collections/test/suite/Icecave/Collections/SetTest.php" line="40" assertions="1" time="0.005085"/>
      <testcase name="testSerializationOfHashFunction" class="Icecave\Collections\SetTest" file="/home/travis/build/IcecaveStudios/collections/test/suite/Icecave/Collections/SetTest.php" line="56" assertions="1" time="0.004418"/>
      <testcase name="testSize" class="Icecave\Collections\SetTest" file="/home/travis/build/IcecaveStudios/collections/test/suite/Icecave/Collections/SetTest.php" line="70" assertions="3" time="0.004575"/>
      <testcase name="testIsEmpty" class="Icecave\Collections\SetTest" file="/home/travis/build/IcecaveStudios/collections/test/suite/Icecave/Collections/SetTest.php" line="85" assertions="3" time="0.004290"/>
      <testcase name="testToString" class="Icecave\Collections\SetTest" file="/home/travis/build/IcecaveStudios/collections/test/suite/Icecave/Collections/SetTest.php" line="98" assertions="3" time="0.006131"/>
      <testcase name="testClear" class="Icecave\Collections\SetTest" file="/home/travis/build/IcecaveStudios/collections/test/suite/Icecave/Collections/SetTest.php" line="117" assertions="1" time="0.003866"/>
[...]
      <testcase name="testTryPopFrontWithEmptyCollection" class="Icecave\Collections\VectorTest" file="/home/travis/build/IcecaveStudios/collections/test/suite/Icecave/Collections/VectorTest.php" line="516" assertions="2" time="0.003669"/>
      <testcase name="testPushBack" class="Icecave\Collections\VectorTest" file="/home/travis/build/IcecaveStudios/collections/test/suite/Icecave/Collections/VectorTest.php" line="523" assertions="1" time="0.004374"/>
      <testcase name="testPopBack" class="Icecave\Collections\VectorTest" file="/home/travis/build/IcecaveStudios/collections/test/suite/Icecave/Collections/VectorTest.php" line="532" assertions="2" time="0.004315"/>
      <testcase name="testPopBackWithEmptyCollection" class="Icecave\Collections\VectorTest" file="/home/travis/build/IcecaveStudios/collections/test/suite/Icecave/Collections/VectorTest.php" line="540" assertions="2" time="0.003965"/>
      <testcase name="testTryPopBack" class="Icecave\Collections\VectorTest" file="/home/travis/build/IcecaveStudios/collections/test/suite/Icecave/Collections/VectorTest.php" line="546" assertions="3" time="0.004490"/>
      <testcase name="testTryPopBackWithEmptyCollection" class="Icecave\Collections\VectorTest" file="/home/travis/build/IcecaveStudios/collections/test/suite/Icecave/Collections/VectorTest.php" line="556" assertions="2" time="0.003744"/>
      <testcase name="testResize" class="Icecave\Collections\VectorTest" file="/home/travis/build/IcecaveStudios/collections/test/suite/Icecave/Collections/VectorTest.php" line="563" assertions="1" time="0.003687"/>
      <testcase name="testResizeWithValue" class="Icecave\Collections\VectorTest" file="/home/travis/build/IcecaveStudios/collections/test/suite/Icecave/Collections/VectorTest.php" line="570" assertions="1" time="0.003710"/>
      <testcase name="testResizeToSmallerSize" class="Icecave\Collections\VectorTest" file="/home/travis/build/IcecaveStudios/collections/test/suite/Icecave/Collections/VectorTest.php" line="577" assertions="1" time="0.004015"/>
      <testcase name="testGet" class="Icecave\Collections\VectorTest" file="/home/travis/build/IcecaveStudios/collections/test/suite/Icecave/Collections/VectorTest.php" line="590" assertions="1" time="0.003923"/>
      <testcase name="testGetWithNegativeIndex" class="Icecave\Collections\VectorTest" file="/home/travis/build/IcecaveStudios/collections/test/suite/Icecave/Collections/VectorTest.php" line="597" assertions="1" time="0.004104"/>
      <testcase name="testGetWithInvalidIndex" class="Icecave\Collections\VectorTest" file="/home/travis/build/IcecaveStudios/collections/test/suite/Icecave/Collections/VectorTest.php" line="604" assertions="2" time="0.004011"/>
      <testcase name="testSlice" class="Icecave\Collections\VectorTest" file="/home/travis/build/IcecaveStudios/collections/test/suite/Icecave/Collections/VectorTest.php" line="610" assertions="2" time="0.005007"/>
      <testcase name="testSliceWithCount" class="Icecave\Collections\VectorTest" file="/home/travis/build/IcecaveStudios/collections/test/suite/Icecave/Collections/VectorTest.php" line="620" assertions="2" time="0.005123"/>
      <testcase name="testSliceWithCountOverflow" class="Icecave\Collections\VectorTest" file="/home/travis/build/IcecaveStudios/collections/test/suite/Icecave/Collections/VectorTest.php" line="630" assertions="2" time="0.004979"/>
      <testcase name="testSliceWithNegativeCount" class="Icecave\Collections\VectorTest" file="/home/travis/build/IcecaveStudios/collections/test/suite/Icecave/Collections/VectorTest.php" line="640" assertions="2" time="0.004500"/>
      <testcase name="testSliceWithNegativeIndex" class="Icecave\Collections\VectorTest" file="/home/travis/build/IcecaveStudios/collections/test/suite/Icecave/Collections/VectorTest.php" line="650" assertions="2" time="0.005030"/>
      <testcase name="testSliceWithNegativeIndexAndCount" class="Icecave\Collections\VectorTest" file="/home/travis/build/IcecaveStudios/collections/test/suite/Icecave/Collections/VectorTest.php" line="660" assertions="2" time="0.005030"/>
      <testcase name="testSliceWithInvalidIndex" class="Icecave\Collections\VectorTest" file="/home/travis/build/IcecaveStudios/collections/test/suite/Icecave/Collections/VectorTest.php" line="670" assertions="2" time="0.004028"/>
      <testcase name="testRange" class="Icecave\Collections\VectorTest" file="/home/travis/build/IcecaveStudios/collections/test/suite/Icecave/Collections/VectorTest.php" line="676" assertions="2" time="0.004924"/>
      <testcase name="testRangeWithNegativeIndices" class="Icecave\Collections\VectorTest" file="/home/travis/build/IcecaveStudios/collections/test/suite/Icecave/Collections/VectorTest.php" line="686" assertions="2" time="0.004889"/>
      <testcase name="testRangeWithEndBeforeBegin" class="Icecave\Collections\VectorTest" file="/home/travis/build/IcecaveStudios/collections/test/suite/Icecave/Collections/VectorTest.php" line="696" assertions="2" time="0.004363"/>
      <testcase name="testRangeWithInvalidBegin" class="Icecave\Collections\VectorTest" file="/home/travis/build/IcecaveStudios/collections/test/suite/Icecave/Collections/VectorTest.php" line="706" assertions="2" time="0.004320"/>
      <testcase name="testRangeWithInvalidEnd" class="Icecave\Collections\VectorTest" file="/home/travis/build/IcecaveStudios/collections/test/suite/Icecave/Collections/VectorTest.php" line="712" assertions="2" time="0.004952"/>
      <testcase name="testIndexOf" class="Icecave\Collections\VectorTest" file="/home/travis/build/IcecaveStudios/collections/test/suite/Icecave/Collections/VectorTest.php" line="720" assertions="1" time="0.004144"/>
      <testcase name="testIndexOfWithStartIndex" class="Icecave\Collections\VectorTest" file="/home/travis/build/IcecaveStudios/collections/test/suite/Icecave/Collections/VectorTest.php" line="726" assertions="2" time="0.005326"/>
      <testcase name="testIndexOfWithNoMatch" class="Icecave\Collections\VectorTest" file="/home/travis/build/IcecaveStudios/collections/test/suite/Icecave/Collections/VectorTest.php" line="735" assertions="2" time="0.004268"/>
      <testcase name="testIndexOfLast" class="Icecave\Collections\VectorTest" file="/home/travis/build/IcecaveStudios/collections/test/suite/Icecave/Collections/VectorTest.php" line="744" assertions="1" time="0.004101"/>
      <testcase name="testIndexOfLastWithStartIndex" class="Icecave\Collections\VectorTest" file="/home/travis/build/IcecaveStudios/collections/test/suite/Icecave/Collections/VectorTest.php" line="750" assertions="2" time="0.005226"/>
      <testcase name="testIndexOfLastWithNoMatch" class="Icecave\Collections\VectorTest" file="/home/travis/build/IcecaveStudios/collections/test/suite/Icecave/Collections/VectorTest.php" line="759" assertions="2" time="0.004216"/>
      <testcase name="testFind" class="Icecave\Collections\VectorTest" file="/home/travis/build/IcecaveStudios/collections/test/suite/Icecave/Collections/VectorTest.php" line="768" assertions="1" time="0.004100"/>
      <testcase name="testFindLast" class="Icecave\Collections\VectorTest" file="/home/travis/build/IcecaveStudios/collections/test/suite/Icecave/Collections/VectorTest.php" line="778" assertions="1" time="0.004055"/>
      <testcase name="testSet" class="Icecave\Collections\VectorTest" file="/home/travis/build/IcecaveStudios/collections/test/suite/Icecave/Collections/VectorTest.php" line="792" assertions="1" time="0.004033"/>
      <testcase name="testSetWithNegativeIndex" class="Icecave\Collections\VectorTest" file="/home/travis/build/IcecaveStudios/collections/test/suite/Icecave/Collections/VectorTest.php" line="801" assertions="1" time="0.003991"/>
      <testcase name="testSetWithInvalidIndex" class="Icecave\Collections\VectorTest" file="/home/travis/build/IcecaveStudios/collections/test/suite/Icecave/Collections/VectorTest.php" line="810" assertions="2" time="0.004019"/>
      <testcase name="testInsert" class="Icecave\Collections\VectorTest" file="/home/travis/build/IcecaveStudios/collections/test/suite/Icecave/Collections/VectorTest.php" line="816" assertions="1" time="0.004901"/>
      <testcase name="testInsertWithNegativeIndex" class="Icecave\Collections\VectorTest" file="/home/travis/build/IcecaveStudios/collections/test/suite/Icecave/Collections/VectorTest.php" line="825" assertions="1" time="0.004703"/>
      <testcase name="testInsertAtEnd" class="Icecave\Collections\VectorTest" file="/home/travis/build/IcecaveStudios/collections/test/suite/Icecave/Collections/VectorTest.php" line="834" assertions="1" time="0.004449"/>
      <testcase name="testInsertWithInvalidIndex" class="Icecave\Collections\VectorTest" file="/home/travis/build/IcecaveStudios/collections/test/suite/Icecave/Collections/VectorTest.php" line="843" assertions="2" time="0.004330"/>
      <testcase name="testInsertMany" class="Icecave\Collections\VectorTest" file="/home/travis/build/IcecaveStudios/collections/test/suite/Icecave/Collections/VectorTest.php" line="849" assertions="1" time="0.004654"/>
      <testcase name="testInsertManyAtEnd" class="Icecave\Collections\VectorTest" file="/home/travis/build/IcecaveStudios/collections/test/suite/Icecave/Collections/VectorTest.php" line="858" assertions="1" time="0.004488"/>
      <testcase name="testInsertManyWithEmptyElements" class="Icecave\Collections\VectorTest" file="/home/travis/build/IcecaveStudios/collections/test/suite/Icecave/Collections/VectorTest.php" line="867" assertions="1" time="0.004038"/>
      <testcase name="testInsertManyWithNegativeIndex" class="Icecave\Collections\VectorTest" file="/home/travis/build/IcecaveStudios/collections/test/suite/Icecave/Collections/VectorTest.php" line="876" assertions="1" time="0.004446"/>
      <testcase name="testInsertManyWithInvalidIndex" class="Icecave\Collections\VectorTest" file="/home/travis/build/IcecaveStudios/collections/test/suite/Icecave/Collections/VectorTest.php" line="885" assertions="2" time="0.004066"/>
      <testcase name="testRemove" class="Icecave\Collections\VectorTest" file="/home/travis/build/IcecaveStudios/collections/test/suite/Icecave/Collections/VectorTest.php" line="891" assertions="1" time="0.004364"/>
      <testcase name="testRemoveWithNegativeIndex" class="Icecave\Collections\VectorTest" file="/home/travis/build/IcecaveStudios/collections/test/suite/Icecave/Collections/VectorTest.php" line="900" assertions="1" time="0.004474"/>
      <testcase name="testRemoveWithInvalidIndex" class="Icecave\Collections\VectorTest" file="/home/travis/build/IcecaveStudios/collections/test/suite/Icecave/Collections/VectorTest.php" line="909" assertions="2" time="0.004288"/>
      <testcase name="testRemoveMany" class="Icecave\Collections\VectorTest" file="/home/travis/build/IcecaveStudios/collections/test/suite/Icecave/Collections/VectorTest.php" line="915" assertions="1" time="0.004083"/>
      <testcase name="testRemoveManyWithCount" class="Icecave\Collections\VectorTest" file="/home/travis/build/IcecaveStudios/collections/test/suite/Icecave/Collections/VectorTest.php" line="924" assertions="1" time="0.004383"/>
      <testcase name="testRemoveManyWithCountOverflow" class="Icecave\Collections\VectorTest" file="/home/travis/build/IcecaveStudios/collections/test/suite/Icecave/Collections/VectorTest.php" line="933" assertions="1" time="0.004060"/>
      <testcase name="testRemoveManyWithNegativeIndex" class="Icecave\Collections\VectorTest" file="/home/travis/build/IcecaveStudios/collections/test/suite/Icecave/Collections/VectorTest.php" line="942" assertions="1" time="0.004087"/>
      <testcase name="testRemoveManyWithInvalidIndex" class="Icecave\Collections\VectorTest" file="/home/travis/build/IcecaveStudios/collections/test/suite/Icecave/Collections/VectorTest.php" line="951" assertions="2" time="0.004027"/>
      <testcase name="testRemoveRange" class="Icecave\Collections\VectorTest" file="/home/travis/build/IcecaveStudios/collections/test/suite/Icecave/Collections/VectorTest.php" line="957" assertions="1" time="0.004204"/>
      <testcase name="testRemoveRangeToEnd" class="Icecave\Collections\VectorTest" file="/home/travis/build/IcecaveStudios/collections/test/suite/Icecave/Collections/VectorTest.php" line="966" assertions="1" time="0.004305"/>
      <testcase name="testRemoveRangeWithNegativeIndex" class="Icecave\Collections\VectorTest" file="/home/travis/build/IcecaveStudios/collections/test/suite/Icecave/Collections/VectorTest.php" line="975" assertions="1" time="0.004215"/>
      <testcase name="testRemoveRangeWithEndBeforeBegin" class="Icecave\Collections\VectorTest" file="/home/travis/build/IcecaveStudios/collections/test/suite/Icecave/Collections/VectorTest.php" line="984" assertions="1" time="0.004289"/>
      <testcase name="testRemoveRangeWithInvalidBegin" class="Icecave\Collections\VectorTest" file="/home/travis/build/IcecaveStudios/collections/test/suite/Icecave/Collections/VectorTest.php" line="993" assertions="2" time="0.004113"/>
      <testcase name="testRemoveRangeWithInvalidEnd" class="Icecave\Collections\VectorTest" file="/home/travis/build/IcecaveStudios/collections/test/suite/Icecave/Collections/VectorTest.php" line="999" assertions="2" time="0.004973"/>
      <testcase name="testReplace" class="Icecave\Collections\VectorTest" file="/home/travis/build/IcecaveStudios/collections/test/suite/Icecave/Collections/VectorTest.php" line="1007" assertions="1" time="0.004359"/>
      <testcase name="testReplaceWithCount" class="Icecave\Collections\VectorTest" file="/home/travis/build/IcecaveStudios/collections/test/suite/Icecave/Collections/VectorTest.php" line="1016" assertions="1" time="0.004298"/>
      <testcase name="testReplaceWithCountOverflow" class="Icecave\Collections\VectorTest" file="/home/travis/build/IcecaveStudios/collections/test/suite/Icecave/Collections/VectorTest.php" line="1025" assertions="1" time="0.004115"/>
      <testcase name="testReplaceWithNegativeIndex" class="Icecave\Collections\VectorTest" file="/home/travis/build/IcecaveStudios/collections/test/suite/Icecave/Collections/VectorTest.php" line="1034" assertions="1" time="0.004165"/>
      <testcase name="testReplaceWithInvalidIndex" class="Icecave\Collections\VectorTest" file="/home/travis/build/IcecaveStudios/collections/test/suite/Icecave/Collections/VectorTest.php" line="1043" assertions="2" time="0.004009"/>
      <testcase name="testReplaceRange" class="Icecave\Collections\VectorTest" file="/home/travis/build/IcecaveStudios/collections/test/suite/Icecave/Collections/VectorTest.php" line="1049" assertions="1" time="0.004350"/>
      <testcase name="testReplaceRangeWithNegativeIndices" class="Icecave\Collections\VectorTest" file="/home/travis/build/IcecaveStudios/collections/test/suite/Icecave/Collections/VectorTest.php" line="1058" assertions="1" time="0.004243"/>
      <testcase name="testReplaceRangeWithZeroLength" class="Icecave\Collections\VectorTest" file="/home/travis/build/IcecaveStudios/collections/test/suite/Icecave/Collections/VectorTest.php" line="1067" assertions="1" time="0.004522"/>
      <testcase name="testReplaceRangeWithEndBeforeBegin" class="Icecave\Collections\VectorTest" file="/home/travis/build/IcecaveStudios/collections/test/suite/Icecave/Collections/VectorTest.php" line="1076" assertions="1" time="0.004741"/>
      <testcase name="testReplaceRangeWithInvalidBegin" class="Icecave\Collections\VectorTest" file="/home/travis/build/IcecaveStudios/collections/test/suite/Icecave/Collections/VectorTest.php" line="1085" assertions="2" time="0.004105"/>
      <testcase name="testReplaceRangeWithInvalidEnd" class="Icecave\Collections\VectorTest" file="/home/travis/build/IcecaveStudios/collections/test/suite/Icecave/Collections/VectorTest.php" line="1091" assertions="2" time="0.004641"/>
      <testcase name="testSwap" class="Icecave\Collections\VectorTest" file="/home/travis/build/IcecaveStudios/collections/test/suite/Icecave/Collections/VectorTest.php" line="1099" assertions="1" time="0.004148"/>
      <testcase name="testSwapWithNegativeIndices" class="Icecave\Collections\VectorTest" file="/home/travis/build/IcecaveStudios/collections/test/suite/Icecave/Collections/VectorTest.php" line="1108" assertions="1" time="0.004288"/>
      <testcase name="testSwapWithInvalidIndex1" class="Icecave\Collections\VectorTest" file="/home/travis/build/IcecaveStudios/collections/test/suite/Icecave/Collections/VectorTest.php" line="1117" assertions="2" time="0.003983"/>
      <testcase name="testSwapWithInvalidIndex2" class="Icecave\Collections\VectorTest" file="/home/travis/build/IcecaveStudios/collections/test/suite/Icecave/Collections/VectorTest.php" line="1123" assertions="2" time="0.004617"/>
      <testcase name="testTrySwap" class="Icecave\Collections\VectorTest" file="/home/travis/build/IcecaveStudios/collections/test/suite/Icecave/Collections/VectorTest.php" line="1131" assertions="2" time="0.004271"/>
      <testcase name="testTrySwapWithNegativeIndices" class="Icecave\Collections\VectorTest" file="/home/travis/build/IcecaveStudios/collections/test/suite/Icecave/Collections/VectorTest.php" line="1140" assertions="2" time="0.004238"/>
      <testcase name="testTrySwapWithInvalidIndex1" class="Icecave\Collections\VectorTest" file="/home/travis/build/IcecaveStudios/collections/test/suite/Icecave/Collections/VectorTest.php" line="1149" assertions="1" time="0.003478"/>
      <testcase name="testTrySwapWithInvalidIndex2" class="Icecave\Collections\VectorTest" file="/home/travis/build/IcecaveStudios/collections/test/suite/Icecave/Collections/VectorTest.php" line="1154" assertions="1" time="0.004811"/>
      <testcase name="testCount" class="Icecave\Collections\VectorTest" file="/home/travis/build/IcecaveStudios/collections/test/suite/Icecave/Collections/VectorTest.php" line="1165" assertions="3" time="0.004981"/>
      <testcase name="testIteration" class="Icecave\Collections\VectorTest" file="/home/travis/build/IcecaveStudios/collections/test/suite/Icecave/Collections/VectorTest.php" line="1184" assertions="1" time="0.005980"/>
      <testcase name="testOffsetExists" class="Icecave\Collections\VectorTest" file="/home/travis/build/IcecaveStudios/collections/test/suite/Icecave/Collections/VectorTest.php" line="1199" assertions="2" time="0.004035"/>
      <testcase name="testOffsetGet" class="Icecave\Collections\VectorTest" file="/home/travis/build/IcecaveStudios/collections/test/suite/Icecave/Collections/VectorTest.php" line="1208" assertions="1" time="0.003880"/>
      <testcase name="testOffsetGetFailure" class="Icecave\Collections\VectorTest" file="/home/travis/build/IcecaveStudios/collections/test/suite/Icecave/Collections/VectorTest.php" line="1215" assertions="2" time="0.004271"/>
      <testcase name="testOffsetSet" class="Icecave\Collections\VectorTest" file="/home/travis/build/IcecaveStudios/collections/test/suite/Icecave/Collections/VectorTest.php" line="1222" assertions="2" time="0.004303"/>
      <testcase name="testOffsetUnset" class="Icecave\Collections\VectorTest" file="/home/travis/build/IcecaveStudios/collections/test/suite/Icecave/Collections/VectorTest.php" line="1233" assertions="1" time="0.004709"/>
      <testcase name="testCapacity" class="Icecave\Collections\VectorTest" file="/home/travis/build/IcecaveStudios/collections/test/suite/Icecave/Collections/VectorTest.php" line="1246" assertions="5" time="0.005414"/>
      <testcase name="testReserve" class="Icecave\Collections\VectorTest" file="/home/travis/build/IcecaveStudios/collections/test/suite/Icecave/Collections/VectorTest.php" line="1267" assertions="1" time="0.003757"/>
      <testcase name="testShrink" class="Icecave\Collections\VectorTest" file="/home/travis/build/IcecaveStudios/collections/test/suite/Icecave/Collections/VectorTest.php" line="1274" assertions="1" time="0.003838"/>
    </testsuite>
  </testsuite>
</testsuites>
