<?xml version="1.0" encoding="UTF-8"?>
<testsuites>
  <testsuite name="" tests="1167" assertions="2474" failures="0" errors="0" time="14.108543">
    <testsuite name="Icecave\Collections\CollectionTest" file="/home/travis/build/IcecaveStudios/collections/test/suite/Icecave/Collections/CollectionTest.php" namespace="Icecave\Collections" fullPackage="Icecave.Collections" tests="162" assertions="396" failures="0" errors="0" time="2.188008">
      <testsuite name="Icecave\Collections\CollectionTest::testIsEmpty" tests="5" assertions="10" failures="0" errors="0" time="0.066290">
        <testcase name="testIsEmpty with data set #0" assertions="2" time="0.018139"/>
        <testcase name="testIsEmpty with data set #1" assertions="2" time="0.009786"/>
        <testcase name="testIsEmpty with data set #2" assertions="2" time="0.009511"/>
        <testcase name="testIsEmpty with data set #3" assertions="2" time="0.009335"/>
        <testcase name="testIsEmpty with data set #4" assertions="2" time="0.019519"/>
      </testsuite>
      <testsuite name="Icecave\Collections\CollectionTest::testSize" tests="5" assertions="10" failures="0" errors="0" time="0.055547">
        <testcase name="testSize with data set #0" assertions="2" time="0.009835"/>
        <testcase name="testSize with data set #1" assertions="2" time="0.008880"/>
        <testcase name="testSize with data set #2" assertions="2" time="0.008960"/>
        <testcase name="testSize with data set #3" assertions="2" time="0.008834"/>
        <testcase name="testSize with data set #4" assertions="2" time="0.019038"/>
      </testsuite>
      <testsuite name="Icecave\Collections\CollectionTest::testGet" tests="5" assertions="10" failures="0" errors="0" time="0.056780">
        <testcase name="testGet with data set #0" assertions="2" time="0.008896"/>
        <testcase name="testGet with data set #1" assertions="2" time="0.010980"/>
        <testcase name="testGet with data set #2" assertions="2" time="0.009436"/>
        <testcase name="testGet with data set #3" assertions="2" time="0.010357"/>
        <testcase name="testGet with data set #4" assertions="2" time="0.017111"/>
      </testsuite>
      <testsuite name="Icecave\Collections\CollectionTest::testGetFailure" tests="5" assertions="15" failures="0" errors="0" time="0.071600">
        <testcase name="testGetFailure with data set #0" assertions="3" time="0.012798"/>
        <testcase name="testGetFailure with data set #1" assertions="3" time="0.011747"/>
        <testcase name="testGetFailure with data set #2" assertions="3" time="0.010670"/>
        <testcase name="testGetFailure with data set #3" assertions="3" time="0.012523"/>
        <testcase name="testGetFailure with data set #4" assertions="3" time="0.023862"/>
      </testsuite>
      <testsuite name="Icecave\Collections\CollectionTest::testTryGet" tests="5" assertions="15" failures="0" errors="0" time="0.059543">
        <testcase name="testTryGet with data set #0" assertions="3" time="0.010302"/>
        <testcase name="testTryGet with data set #1" assertions="3" time="0.010660"/>
        <testcase name="testTryGet with data set #2" assertions="3" time="0.010002"/>
        <testcase name="testTryGet with data set #3" assertions="3" time="0.010746"/>
        <testcase name="testTryGet with data set #4" assertions="3" time="0.017833"/>
      </testsuite>
      <testsuite name="Icecave\Collections\CollectionTest::testTryGetFailure" tests="5" assertions="15" failures="0" errors="0" time="0.065399">
        <testcase name="testTryGetFailure with data set #0" assertions="3" time="0.010179"/>
        <testcase name="testTryGetFailure with data set #1" assertions="3" time="0.011574"/>
        <testcase name="testTryGetFailure with data set #2" assertions="3" time="0.009524"/>
        <testcase name="testTryGetFailure with data set #3" assertions="3" time="0.011136"/>
        <testcase name="testTryGetFailure with data set #4" assertions="3" time="0.022986"/>
      </testsuite>
      <testsuite name="Icecave\Collections\CollectionTest::testGetWithDefault" tests="5" assertions="10" failures="0" errors="0" time="0.056338">
        <testcase name="testGetWithDefault with data set #0" assertions="2" time="0.009277"/>
        <testcase name="testGetWithDefault with data set #1" assertions="2" time="0.009947"/>
        <testcase name="testGetWithDefault with data set #2" assertions="2" time="0.009513"/>
        <testcase name="testGetWithDefault with data set #3" assertions="2" time="0.009970"/>
        <testcase name="testGetWithDefault with data set #4" assertions="2" time="0.017631"/>
      </testsuite>
      <testsuite name="Icecave\Collections\CollectionTest::testGetWithDefaultFailure" tests="5" assertions="10" failures="0" errors="0" time="0.063381">
        <testcase name="testGetWithDefaultFailure with data set #0" assertions="2" time="0.009477"/>
        <testcase name="testGetWithDefaultFailure with data set #1" assertions="2" time="0.010627"/>
        <testcase name="testGetWithDefaultFailure with data set #2" assertions="2" time="0.009691"/>
        <testcase name="testGetWithDefaultFailure with data set #3" assertions="2" time="0.010508"/>
        <testcase name="testGetWithDefaultFailure with data set #4" assertions="2" time="0.023078"/>
      </testsuite>
      <testsuite name="Icecave\Collections\CollectionTest::testHasKey" tests="5" assertions="20" failures="0" errors="0" time="0.096577">
        <testcase name="testHasKey with data set #0" assertions="4" time="0.010252"/>
        <testcase name="testHasKey with data set #1" assertions="4" time="0.010242"/>
        <testcase name="testHasKey with data set #2" assertions="4" time="0.011647"/>
        <testcase name="testHasKey with data set #3" assertions="4" time="0.013003"/>
        <testcase name="testHasKey with data set #4" assertions="4" time="0.051433"/>
      </testsuite>
      <testsuite name="Icecave\Collections\CollectionTest::testContains" tests="5" assertions="15" failures="0" errors="0" time="0.080552">
        <testcase name="testContains with data set #0" assertions="3" time="0.009556"/>
        <testcase name="testContains with data set #1" assertions="3" time="0.012610"/>
        <testcase name="testContains with data set #2" assertions="3" time="0.010056"/>
        <testcase name="testContains with data set #3" assertions="3" time="0.011604"/>
        <testcase name="testContains with data set #4" assertions="3" time="0.036726"/>
      </testsuite>
      <testsuite name="Icecave\Collections\CollectionTest::testKeys" tests="5" assertions="10" failures="0" errors="0" time="0.060152">
        <testcase name="testKeys with data set #0" assertions="2" time="0.009546"/>
        <testcase name="testKeys with data set #1" assertions="2" time="0.009425"/>
        <testcase name="testKeys with data set #2" assertions="2" time="0.009702"/>
        <testcase name="testKeys with data set #3" assertions="2" time="0.009034"/>
        <testcase name="testKeys with data set #4" assertions="2" time="0.022445"/>
      </testsuite>
      <testsuite name="Icecave\Collections\CollectionTest::testValues" tests="5" assertions="10" failures="0" errors="0" time="0.057306">
        <testcase name="testValues with data set #0" assertions="2" time="0.009155"/>
        <testcase name="testValues with data set #1" assertions="2" time="0.009541"/>
        <testcase name="testValues with data set #2" assertions="2" time="0.009284"/>
        <testcase name="testValues with data set #3" assertions="2" time="0.009363"/>
        <testcase name="testValues with data set #4" assertions="2" time="0.019963"/>
      </testsuite>
      <testsuite name="Icecave\Collections\CollectionTest::testElements" tests="5" assertions="10" failures="0" errors="0" time="0.061633">
        <testcase name="testElements with data set #0" assertions="2" time="0.010617"/>
        <testcase name="testElements with data set #1" assertions="2" time="0.010137"/>
        <testcase name="testElements with data set #2" assertions="2" time="0.008933"/>
        <testcase name="testElements with data set #3" assertions="2" time="0.009784"/>
        <testcase name="testElements with data set #4" assertions="2" time="0.022162"/>
      </testsuite>
      <testsuite name="Icecave\Collections\CollectionTest::testMap" tests="5" assertions="10" failures="0" errors="0" time="0.062960">
        <testcase name="testMap with data set #0" assertions="2" time="0.010359"/>
        <testcase name="testMap with data set #1" assertions="2" time="0.010295"/>
        <testcase name="testMap with data set #2" assertions="2" time="0.009630"/>
        <testcase name="testMap with data set #3" assertions="2" time="0.009885"/>
        <testcase name="testMap with data set #4" assertions="2" time="0.022791"/>
      </testsuite>
      <testsuite name="Icecave\Collections\CollectionTest::testMapWithArrayAccess" tests="5" assertions="15" failures="0" errors="0" time="0.183288">
        <testcase name="testMapWithArrayAccess with data set #0" assertions="3" time="0.043465"/>
        <testcase name="testMapWithArrayAccess with data set #1" assertions="3" time="0.031421"/>
        <testcase name="testMapWithArrayAccess with data set #2" assertions="3" time="0.032569"/>
        <testcase name="testMapWithArrayAccess with data set #3" assertions="3" time="0.032320"/>
        <testcase name="testMapWithArrayAccess with data set #4" assertions="3" time="0.043513"/>
      </testsuite>
      <testsuite name="Icecave\Collections\CollectionTest::testMapWithExplicitArray" tests="5" assertions="15" failures="0" errors="0" time="0.067333">
        <testcase name="testMapWithExplicitArray with data set #0" assertions="3" time="0.011094"/>
        <testcase name="testMapWithExplicitArray with data set #1" assertions="3" time="0.011409"/>
        <testcase name="testMapWithExplicitArray with data set #2" assertions="3" time="0.011077"/>
        <testcase name="testMapWithExplicitArray with data set #3" assertions="3" time="0.010358"/>
        <testcase name="testMapWithExplicitArray with data set #4" assertions="3" time="0.023395"/>
      </testsuite>
      <testsuite name="Icecave\Collections\CollectionTest::testFilter" tests="5" assertions="10" failures="0" errors="0" time="0.066104">
        <testcase name="testFilter with data set #0" assertions="2" time="0.010618"/>
        <testcase name="testFilter with data set #1" assertions="2" time="0.010605"/>
        <testcase name="testFilter with data set #2" assertions="2" time="0.010160"/>
        <testcase name="testFilter with data set #3" assertions="2" time="0.010941"/>
        <testcase name="testFilter with data set #4" assertions="2" time="0.023780"/>
      </testsuite>
      <testsuite name="Icecave\Collections\CollectionTest::testFilterWithArrayAccess" tests="5" assertions="15" failures="0" errors="0" time="0.140260">
        <testcase name="testFilterWithArrayAccess with data set #0" assertions="3" time="0.026848"/>
        <testcase name="testFilterWithArrayAccess with data set #1" assertions="3" time="0.025644"/>
        <testcase name="testFilterWithArrayAccess with data set #2" assertions="3" time="0.025493"/>
        <testcase name="testFilterWithArrayAccess with data set #3" assertions="3" time="0.024981"/>
        <testcase name="testFilterWithArrayAccess with data set #4" assertions="3" time="0.037294"/>
      </testsuite>
      <testsuite name="Icecave\Collections\CollectionTest::testFilterWithExplicitArray" tests="5" assertions="15" failures="0" errors="0" time="0.067122">
        <testcase name="testFilterWithExplicitArray with data set #0" assertions="3" time="0.010327"/>
        <testcase name="testFilterWithExplicitArray with data set #1" assertions="3" time="0.010927"/>
        <testcase name="testFilterWithExplicitArray with data set #2" assertions="3" time="0.011230"/>
        <testcase name="testFilterWithExplicitArray with data set #3" assertions="3" time="0.010858"/>
        <testcase name="testFilterWithExplicitArray with data set #4" assertions="3" time="0.023780"/>
      </testsuite>
      <testsuite name="Icecave\Collections\CollectionTest::testEach" tests="5" assertions="10" failures="0" errors="0" time="0.066942">
        <testcase name="testEach with data set #0" assertions="2" time="0.010781"/>
        <testcase name="testEach with data set #1" assertions="2" time="0.010103"/>
        <testcase name="testEach with data set #2" assertions="2" time="0.010615"/>
        <testcase name="testEach with data set #3" assertions="2" time="0.010221"/>
        <testcase name="testEach with data set #4" assertions="2" time="0.025222"/>
      </testsuite>
      <testsuite name="Icecave\Collections\CollectionTest::testAll" tests="5" assertions="15" failures="0" errors="0" time="0.066700">
        <testcase name="testAll with data set #0" assertions="3" time="0.009694"/>
        <testcase name="testAll with data set #1" assertions="3" time="0.010747"/>
        <testcase name="testAll with data set #2" assertions="3" time="0.009974"/>
        <testcase name="testAll with data set #3" assertions="3" time="0.009771"/>
        <testcase name="testAll with data set #4" assertions="3" time="0.026514"/>
      </testsuite>
      <testsuite name="Icecave\Collections\CollectionTest::testAny" tests="5" assertions="15" failures="0" errors="0" time="0.069987">
        <testcase name="testAny with data set #0" assertions="3" time="0.010513"/>
        <testcase name="testAny with data set #1" assertions="3" time="0.010774"/>
        <testcase name="testAny with data set #2" assertions="3" time="0.011007"/>
        <testcase name="testAny with data set #3" assertions="3" time="0.010776"/>
        <testcase name="testAny with data set #4" assertions="3" time="0.026917"/>
      </testsuite>
      <testsuite name="Icecave\Collections\CollectionTest::testIsSequential" tests="5" assertions="10" failures="0" errors="0" time="0.066594">
        <testcase name="testIsSequential with data set #0" assertions="2" time="0.011633"/>
        <testcase name="testIsSequential with data set #1" assertions="2" time="0.009740"/>
        <testcase name="testIsSequential with data set #2" assertions="2" time="0.009957"/>
        <testcase name="testIsSequential with data set #3" assertions="2" time="0.011629"/>
        <testcase name="testIsSequential with data set #4" assertions="2" time="0.023635"/>
      </testsuite>
      <testsuite name="Icecave\Collections\CollectionTest::testIteratorTraits" tests="11" assertions="22" failures="0" errors="0" time="0.133891">
        <testcase name="testIteratorTraits with data set #0" assertions="2" time="0.012203"/>
        <testcase name="testIteratorTraits with data set #1" assertions="2" time="0.012341"/>
        <testcase name="testIteratorTraits with data set #2" assertions="2" time="0.012243"/>
        <testcase name="testIteratorTraits with data set #3" assertions="2" time="0.012114"/>
        <testcase name="testIteratorTraits with data set #4" assertions="2" time="0.011973"/>
        <testcase name="testIteratorTraits with data set #5" assertions="2" time="0.012230"/>
        <testcase name="testIteratorTraits with data set #6" assertions="2" time="0.012224"/>
        <testcase name="testIteratorTraits with data set #7" assertions="2" time="0.012238"/>
        <testcase name="testIteratorTraits with data set #8" assertions="2" time="0.012158"/>
        <testcase name="testIteratorTraits with data set #9" assertions="2" time="0.012002"/>
        <testcase name="testIteratorTraits with data set #10" assertions="2" time="0.012164"/>
      </testsuite>
      <testcase name="testIteratorTraitsWithProvider" class="Icecave\Collections\CollectionTest" file="/home/travis/build/IcecaveStudios/collections/test/suite/Icecave/Collections/CollectionTest.php" line="394" assertions="3" time="0.014831"/>
      <testsuite name="Icecave\Collections\CollectionTest::testLowerBound" tests="12" assertions="24" failures="0" errors="0" time="0.111285">
        <testcase name="testLowerBound with data set &quot;not found, start&quot;" assertions="2" time="0.009493"/>
        <testcase name="testLowerBound with data set &quot;found, start&quot;" assertions="2" time="0.009469"/>
        <testcase name="testLowerBound with data set &quot;not found, midway&quot;" assertions="2" time="0.009285"/>
        <testcase name="testLowerBound with data set &quot;found, midway&quot;" assertions="2" time="0.009496"/>
        <testcase name="testLowerBound with data set &quot;not found, end&quot;" assertions="2" time="0.009294"/>
        <testcase name="testLowerBound with data set &quot;found, end&quot;" assertions="2" time="0.009558"/>
        <testcase name="testLowerBound with data set &quot;found, sub-range&quot;" assertions="2" time="0.009058"/>
        <testcase name="testLowerBound with data set &quot;not found, sub-range&quot;" assertions="2" time="0.009015"/>
        <testcase name="testLowerBound with data set &quot;found, start of sub-range&quot;" assertions="2" time="0.009310"/>
        <testcase name="testLowerBound with data set &quot;not found, start of sub-range&quot;" assertions="2" time="0.009260"/>
        <testcase name="testLowerBound with data set &quot;found, end of sub-range&quot;" assertions="2" time="0.009101"/>
        <testcase name="testLowerBound with data set &quot;not found, end of sub-range&quot;" assertions="2" time="0.008947"/>
      </testsuite>
      <testsuite name="Icecave\Collections\CollectionTest::testUpperBound" tests="12" assertions="24" failures="0" errors="0" time="0.112780">
        <testcase name="testUpperBound with data set &quot;not found, start&quot;" assertions="2" time="0.009412"/>
        <testcase name="testUpperBound with data set &quot;found, start&quot;" assertions="2" time="0.009451"/>
        <testcase name="testUpperBound with data set &quot;not found, midway&quot;" assertions="2" time="0.009462"/>
        <testcase name="testUpperBound with data set &quot;found, midway&quot;" assertions="2" time="0.009431"/>
        <testcase name="testUpperBound with data set &quot;not found, end&quot;" assertions="2" time="0.009655"/>
        <testcase name="testUpperBound with data set &quot;found, end&quot;" assertions="2" time="0.009440"/>
        <testcase name="testUpperBound with data set &quot;found, sub-range&quot;" assertions="2" time="0.009297"/>
        <testcase name="testUpperBound with data set &quot;not found, sub-range&quot;" assertions="2" time="0.009279"/>
        <testcase name="testUpperBound with data set &quot;found, start of sub-range&quot;" assertions="2" time="0.009227"/>
        <testcase name="testUpperBound with data set &quot;not found, start of sub-range&quot;" assertions="2" time="0.009330"/>
        <testcase name="testUpperBound with data set &quot;found, end of sub-range&quot;" assertions="2" time="0.009176"/>
        <testcase name="testUpperBound with data set &quot;not found, end of sub-range&quot;" assertions="2" time="0.009620"/>
      </testsuite>
      <testsuite name="Icecave\Collections\CollectionTest::testBinarySearch" tests="11" assertions="33" failures="0" errors="0" time="0.106834">
        <testcase name="testBinarySearch with data set &quot;not found, start&quot;" assertions="3" time="0.009940"/>
        <testcase name="testBinarySearch with data set &quot;found, start&quot;" assertions="3" time="0.009720"/>
        <testcase name="testBinarySearch with data set &quot;not found, midway&quot;" assertions="3" time="0.009815"/>
        <testcase name="testBinarySearch with data set &quot;found, end&quot;" assertions="3" time="0.009753"/>
        <testcase name="testBinarySearch with data set &quot;not found, end&quot;" assertions="3" time="0.009919"/>
        <testcase name="testBinarySearch with data set &quot;found, sub-range&quot;" assertions="3" time="0.009716"/>
        <testcase name="testBinarySearch with data set &quot;not found, sub-range&quot;" assertions="3" time="0.009665"/>
        <testcase name="testBinarySearch with data set &quot;found, start of sub-range&quot;" assertions="3" time="0.009575"/>
        <testcase name="testBinarySearch with data set &quot;not found, start of sub-range&quot;" assertions="3" time="0.009790"/>
        <testcase name="testBinarySearch with data set &quot;found, end of sub-range&quot;" assertions="3" time="0.009434"/>
        <testcase name="testBinarySearch with data set &quot;not found, end of sub-range&quot;" assertions="3" time="0.009507"/>
      </testsuite>
    </testsuite>
    <testsuite name="Icecave\Collections\CommonMapTest" file="/home/travis/build/IcecaveStudios/collections/test/suite/Icecave/Collections/CommonMapTest.php" namespace="Icecave\Collections" fullPackage="Icecave.Collections" tests="162" assertions="300" failures="0" errors="0" time="2.133119">
      <testcase name="testConstructor" class="Icecave\Collections\CommonMapTest" file="/home/travis/build/IcecaveStudios/collections/test/suite/Icecave/Collections/CommonMapTest.php" line="95" assertions="1" time="0.005210"/>
      <testcase name="testConstructor" class="Icecave\Collections\CommonMapTest" file="/home/travis/build/IcecaveStudios/collections/test/suite/Icecave/Collections/CommonMapTest.php" line="95" assertions="1" time="0.004591"/>
      <testcase name="testConstructorWithArray" class="Icecave\Collections\CommonMapTest" file="/home/travis/build/IcecaveStudios/collections/test/suite/Icecave/Collections/CommonMapTest.php" line="100" assertions="1" time="0.014220"/>
      <testcase name="testConstructorWithArray" class="Icecave\Collections\CommonMapTest" file="/home/travis/build/IcecaveStudios/collections/test/suite/Icecave/Collections/CommonMapTest.php" line="100" assertions="1" time="0.006617"/>
      <testcase name="testClone" class="Icecave\Collections\CommonMapTest" file="/home/travis/build/IcecaveStudios/collections/test/suite/Icecave/Collections/CommonMapTest.php" line="112" assertions="2" time="0.017964"/>
      <testcase name="testClone" class="Icecave\Collections\CommonMapTest" file="/home/travis/build/IcecaveStudios/collections/test/suite/Icecave/Collections/CommonMapTest.php" line="112" assertions="2" time="0.007414"/>
      <testcase name="testSize" class="Icecave\Collections\CommonMapTest" file="/home/travis/build/IcecaveStudios/collections/test/suite/Icecave/Collections/CommonMapTest.php" line="130" assertions="3" time="0.013408"/>
      <testcase name="testSize" class="Icecave\Collections\CommonMapTest" file="/home/travis/build/IcecaveStudios/collections/test/suite/Icecave/Collections/CommonMapTest.php" line="130" assertions="3" time="0.006882"/>
      <testcase name="testIsEmpty" class="Icecave\Collections\CommonMapTest" file="/home/travis/build/IcecaveStudios/collections/test/suite/Icecave/Collections/CommonMapTest.php" line="145" assertions="3" time="0.008070"/>
      <testcase name="testIsEmpty" class="Icecave\Collections\CommonMapTest" file="/home/travis/build/IcecaveStudios/collections/test/suite/Icecave/Collections/CommonMapTest.php" line="145" assertions="3" time="0.006023"/>
      <testcase name="testToString" class="Icecave\Collections\CommonMapTest" file="/home/travis/build/IcecaveStudios/collections/test/suite/Icecave/Collections/CommonMapTest.php" line="158" assertions="3" time="0.027904"/>
      <testcase name="testToString" class="Icecave\Collections\CommonMapTest" file="/home/travis/build/IcecaveStudios/collections/test/suite/Icecave/Collections/CommonMapTest.php" line="158" assertions="3" time="0.011068"/>
      <testcase name="testClear" class="Icecave\Collections\CommonMapTest" file="/home/travis/build/IcecaveStudios/collections/test/suite/Icecave/Collections/CommonMapTest.php" line="177" assertions="1" time="0.007700"/>
      <testcase name="testClear" class="Icecave\Collections\CommonMapTest" file="/home/travis/build/IcecaveStudios/collections/test/suite/Icecave/Collections/CommonMapTest.php" line="177" assertions="1" time="0.005161"/>
      <testcase name="testIteratorTraits" class="Icecave\Collections\CommonMapTest" file="/home/travis/build/IcecaveStudios/collections/test/suite/Icecave/Collections/CommonMapTest.php" line="190" assertions="1" time="0.008075"/>
      <testcase name="testIteratorTraits" class="Icecave\Collections\CommonMapTest" file="/home/travis/build/IcecaveStudios/collections/test/suite/Icecave/Collections/CommonMapTest.php" line="190" assertions="1" time="0.007885"/>
      <testcase name="testElements" class="Icecave\Collections\CommonMapTest" file="/home/travis/build/IcecaveStudios/collections/test/suite/Icecave/Collections/CommonMapTest.php" line="199" assertions="2" time="0.014458"/>
      <testcase name="testElements" class="Icecave\Collections\CommonMapTest" file="/home/travis/build/IcecaveStudios/collections/test/suite/Icecave/Collections/CommonMapTest.php" line="199" assertions="2" time="0.006388"/>
      <testcase name="testContains" class="Icecave\Collections\CommonMapTest" file="/home/travis/build/IcecaveStudios/collections/test/suite/Icecave/Collections/CommonMapTest.php" line="210" assertions="2" time="0.008649"/>
      <testcase name="testContains" class="Icecave\Collections\CommonMapTest" file="/home/travis/build/IcecaveStudios/collections/test/suite/Icecave/Collections/CommonMapTest.php" line="210" assertions="2" time="0.005465"/>
      <testcase name="testFilter" class="Icecave\Collections\CommonMapTest" file="/home/travis/build/IcecaveStudios/collections/test/suite/Icecave/Collections/CommonMapTest.php" line="219" assertions="2" time="0.018980"/>
      <testcase name="testFilter" class="Icecave\Collections\CommonMapTest" file="/home/travis/build/IcecaveStudios/collections/test/suite/Icecave/Collections/CommonMapTest.php" line="219" assertions="2" time="0.007900"/>
      <testcase name="testFilterWithPredicate" class="Icecave\Collections\CommonMapTest" file="/home/travis/build/IcecaveStudios/collections/test/suite/Icecave/Collections/CommonMapTest.php" line="231" assertions="2" time="0.027634"/>
      <testcase name="testFilterWithPredicate" class="Icecave\Collections\CommonMapTest" file="/home/travis/build/IcecaveStudios/collections/test/suite/Icecave/Collections/CommonMapTest.php" line="231" assertions="2" time="0.009377"/>
      <testcase name="testMap" class="Icecave\Collections\CommonMapTest" file="/home/travis/build/IcecaveStudios/collections/test/suite/Icecave/Collections/CommonMapTest.php" line="249" assertions="2" time="0.024195"/>
      <testcase name="testMap" class="Icecave\Collections\CommonMapTest" file="/home/travis/build/IcecaveStudios/collections/test/suite/Icecave/Collections/CommonMapTest.php" line="249" assertions="2" time="0.008464"/>
      <testcase name="testPartition" class="Icecave\Collections\CommonMapTest" file="/home/travis/build/IcecaveStudios/collections/test/suite/Icecave/Collections/CommonMapTest.php" line="265" assertions="6" time="0.020456"/>
      <testcase name="testPartition" class="Icecave\Collections\CommonMapTest" file="/home/travis/build/IcecaveStudios/collections/test/suite/Icecave/Collections/CommonMapTest.php" line="265" assertions="6" time="0.009200"/>
      <testcase name="testEach" class="Icecave\Collections\CommonMapTest" file="/home/travis/build/IcecaveStudios/collections/test/suite/Icecave/Collections/CommonMapTest.php" line="289" assertions="1" time="0.013962"/>
      <testcase name="testEach" class="Icecave\Collections\CommonMapTest" file="/home/travis/build/IcecaveStudios/collections/test/suite/Icecave/Collections/CommonMapTest.php" line="289" assertions="1" time="0.006314"/>
      <testcase name="testAll" class="Icecave\Collections\CommonMapTest" file="/home/travis/build/IcecaveStudios/collections/test/suite/Icecave/Collections/CommonMapTest.php" line="311" assertions="2" time="0.014355"/>
      <testcase name="testAll" class="Icecave\Collections\CommonMapTest" file="/home/travis/build/IcecaveStudios/collections/test/suite/Icecave/Collections/CommonMapTest.php" line="311" assertions="2" time="0.006717"/>
      <testcase name="testAny" class="Icecave\Collections\CommonMapTest" file="/home/travis/build/IcecaveStudios/collections/test/suite/Icecave/Collections/CommonMapTest.php" line="334" assertions="2" time="0.014274"/>
      <testcase name="testAny" class="Icecave\Collections\CommonMapTest" file="/home/travis/build/IcecaveStudios/collections/test/suite/Icecave/Collections/CommonMapTest.php" line="334" assertions="2" time="0.006530"/>
      <testcase name="testFilterInPlace" class="Icecave\Collections\CommonMapTest" file="/home/travis/build/IcecaveStudios/collections/test/suite/Icecave/Collections/CommonMapTest.php" line="361" assertions="1" time="0.016782"/>
      <testcase name="testFilterInPlace" class="Icecave\Collections\CommonMapTest" file="/home/travis/build/IcecaveStudios/collections/test/suite/Icecave/Collections/CommonMapTest.php" line="361" assertions="1" time="0.006788"/>
      <testcase name="testFilterInPlaceWithPredicate" class="Icecave\Collections\CommonMapTest" file="/home/travis/build/IcecaveStudios/collections/test/suite/Icecave/Collections/CommonMapTest.php" line="372" assertions="1" time="0.024112"/>
      <testcase name="testFilterInPlaceWithPredicate" class="Icecave\Collections\CommonMapTest" file="/home/travis/build/IcecaveStudios/collections/test/suite/Icecave/Collections/CommonMapTest.php" line="372" assertions="1" time="0.007851"/>
      <testcase name="testMapInPlace" class="Icecave\Collections\CommonMapTest" file="/home/travis/build/IcecaveStudios/collections/test/suite/Icecave/Collections/CommonMapTest.php" line="389" assertions="1" time="0.017412"/>
      <testcase name="testMapInPlace" class="Icecave\Collections\CommonMapTest" file="/home/travis/build/IcecaveStudios/collections/test/suite/Icecave/Collections/CommonMapTest.php" line="389" assertions="1" time="0.006727"/>
      <testcase name="testHasKey" class="Icecave\Collections\CommonMapTest" file="/home/travis/build/IcecaveStudios/collections/test/suite/Icecave/Collections/CommonMapTest.php" line="408" assertions="2" time="0.011828"/>
      <testcase name="testHasKey" class="Icecave\Collections\CommonMapTest" file="/home/travis/build/IcecaveStudios/collections/test/suite/Icecave/Collections/CommonMapTest.php" line="408" assertions="2" time="0.006085"/>
      <testcase name="testGet" class="Icecave\Collections\CommonMapTest" file="/home/travis/build/IcecaveStudios/collections/test/suite/Icecave/Collections/CommonMapTest.php" line="417" assertions="1" time="0.009483"/>
      <testcase name="testGet" class="Icecave\Collections\CommonMapTest" file="/home/travis/build/IcecaveStudios/collections/test/suite/Icecave/Collections/CommonMapTest.php" line="417" assertions="1" time="0.005452"/>
      <testcase name="testGetFailure" class="Icecave\Collections\CommonMapTest" file="/home/travis/build/IcecaveStudios/collections/test/suite/Icecave/Collections/CommonMapTest.php" line="424" assertions="2" time="0.006622"/>
      <testcase name="testGetFailure" class="Icecave\Collections\CommonMapTest" file="/home/travis/build/IcecaveStudios/collections/test/suite/Icecave/Collections/CommonMapTest.php" line="424" assertions="2" time="0.006162"/>
      <testcase name="testTryGet" class="Icecave\Collections\CommonMapTest" file="/home/travis/build/IcecaveStudios/collections/test/suite/Icecave/Collections/CommonMapTest.php" line="431" assertions="4" time="0.010995"/>
      <testcase name="testTryGet" class="Icecave\Collections\CommonMapTest" file="/home/travis/build/IcecaveStudios/collections/test/suite/Icecave/Collections/CommonMapTest.php" line="431" assertions="4" time="0.006499"/>
      <testcase name="testGetWithDefault" class="Icecave\Collections\CommonMapTest" file="/home/travis/build/IcecaveStudios/collections/test/suite/Icecave/Collections/CommonMapTest.php" line="444" assertions="3" time="0.011871"/>
      <testcase name="testGetWithDefault" class="Icecave\Collections\CommonMapTest" file="/home/travis/build/IcecaveStudios/collections/test/suite/Icecave/Collections/CommonMapTest.php" line="444" assertions="3" time="0.006845"/>
      <testcase name="testCascade" class="Icecave\Collections\CommonMapTest" file="/home/travis/build/IcecaveStudios/collections/test/suite/Icecave/Collections/CommonMapTest.php" line="454" assertions="1" time="0.012519"/>
      <testcase name="testCascade" class="Icecave\Collections\CommonMapTest" file="/home/travis/build/IcecaveStudios/collections/test/suite/Icecave/Collections/CommonMapTest.php" line="454" assertions="1" time="0.006078"/>
      <testcase name="testCascadeFailure" class="Icecave\Collections\CommonMapTest" file="/home/travis/build/IcecaveStudios/collections/test/suite/Icecave/Collections/CommonMapTest.php" line="461" assertions="2" time="0.009018"/>
      <testcase name="testCascadeFailure" class="Icecave\Collections\CommonMapTest" file="/home/travis/build/IcecaveStudios/collections/test/suite/Icecave/Collections/CommonMapTest.php" line="461" assertions="2" time="0.007062"/>
      <testcase name="testCascadeWithDefault" class="Icecave\Collections\CommonMapTest" file="/home/travis/build/IcecaveStudios/collections/test/suite/Icecave/Collections/CommonMapTest.php" line="468" assertions="2" time="0.015678"/>
      <testcase name="testCascadeWithDefault" class="Icecave\Collections\CommonMapTest" file="/home/travis/build/IcecaveStudios/collections/test/suite/Icecave/Collections/CommonMapTest.php" line="468" assertions="2" time="0.008561"/>
      <testcase name="testCascadeIterable" class="Icecave\Collections\CommonMapTest" file="/home/travis/build/IcecaveStudios/collections/test/suite/Icecave/Collections/CommonMapTest.php" line="477" assertions="1" time="0.012248"/>
      <testcase name="testCascadeIterable" class="Icecave\Collections\CommonMapTest" file="/home/travis/build/IcecaveStudios/collections/test/suite/Icecave/Collections/CommonMapTest.php" line="477" assertions="1" time="0.005951"/>
      <testcase name="testCascadeIterableWithDefault" class="Icecave\Collections\CommonMapTest" file="/home/travis/build/IcecaveStudios/collections/test/suite/Icecave/Collections/CommonMapTest.php" line="484" assertions="2" time="0.015405"/>
      <testcase name="testCascadeIterableWithDefault" class="Icecave\Collections\CommonMapTest" file="/home/travis/build/IcecaveStudios/collections/test/suite/Icecave/Collections/CommonMapTest.php" line="484" assertions="2" time="0.007452"/>
      <testcase name="testKeys" class="Icecave\Collections\CommonMapTest" file="/home/travis/build/IcecaveStudios/collections/test/suite/Icecave/Collections/CommonMapTest.php" line="493" assertions="1" time="0.014604"/>
      <testcase name="testKeys" class="Icecave\Collections\CommonMapTest" file="/home/travis/build/IcecaveStudios/collections/test/suite/Icecave/Collections/CommonMapTest.php" line="493" assertions="1" time="0.005846"/>
      <testcase name="testValues" class="Icecave\Collections\CommonMapTest" file="/home/travis/build/IcecaveStudios/collections/test/suite/Icecave/Collections/CommonMapTest.php" line="502" assertions="1" time="0.015149"/>
      <testcase name="testValues" class="Icecave\Collections\CommonMapTest" file="/home/travis/build/IcecaveStudios/collections/test/suite/Icecave/Collections/CommonMapTest.php" line="502" assertions="1" time="0.005951"/>
      <testcase name="testMerge" class="Icecave\Collections\CommonMapTest" file="/home/travis/build/IcecaveStudios/collections/test/suite/Icecave/Collections/CommonMapTest.php" line="511" assertions="1" time="0.025963"/>
      <testcase name="testMerge" class="Icecave\Collections\CommonMapTest" file="/home/travis/build/IcecaveStudios/collections/test/suite/Icecave/Collections/CommonMapTest.php" line="511" assertions="1" time="0.008372"/>
      <testcase name="testProject" class="Icecave\Collections\CommonMapTest" file="/home/travis/build/IcecaveStudios/collections/test/suite/Icecave/Collections/CommonMapTest.php" line="525" assertions="1" time="0.022751"/>
      <testcase name="testProject" class="Icecave\Collections\CommonMapTest" file="/home/travis/build/IcecaveStudios/collections/test/suite/Icecave/Collections/CommonMapTest.php" line="525" assertions="1" time="0.008115"/>
      <testcase name="testProjectIterable" class="Icecave\Collections\CommonMapTest" file="/home/travis/build/IcecaveStudios/collections/test/suite/Icecave/Collections/CommonMapTest.php" line="536" assertions="1" time="0.023354"/>
      <testcase name="testProjectIterable" class="Icecave\Collections\CommonMapTest" file="/home/travis/build/IcecaveStudios/collections/test/suite/Icecave/Collections/CommonMapTest.php" line="536" assertions="1" time="0.008329"/>
      <testcase name="testSet" class="Icecave\Collections\CommonMapTest" file="/home/travis/build/IcecaveStudios/collections/test/suite/Icecave/Collections/CommonMapTest.php" line="551" assertions="3" time="0.018105"/>
      <testcase name="testSet" class="Icecave\Collections\CommonMapTest" file="/home/travis/build/IcecaveStudios/collections/test/suite/Icecave/Collections/CommonMapTest.php" line="551" assertions="3" time="0.007609"/>
      <testcase name="testAdd" class="Icecave\Collections\CommonMapTest" file="/home/travis/build/IcecaveStudios/collections/test/suite/Icecave/Collections/CommonMapTest.php" line="564" assertions="1" time="0.010252"/>
      <testcase name="testAdd" class="Icecave\Collections\CommonMapTest" file="/home/travis/build/IcecaveStudios/collections/test/suite/Icecave/Collections/CommonMapTest.php" line="564" assertions="1" time="0.005957"/>
      <testcase name="testAddFailure" class="Icecave\Collections\CommonMapTest" file="/home/travis/build/IcecaveStudios/collections/test/suite/Icecave/Collections/CommonMapTest.php" line="571" assertions="2" time="0.012108"/>
      <testcase name="testAddFailure" class="Icecave\Collections\CommonMapTest" file="/home/travis/build/IcecaveStudios/collections/test/suite/Icecave/Collections/CommonMapTest.php" line="571" assertions="2" time="0.007192"/>
      <testcase name="testTryAdd" class="Icecave\Collections\CommonMapTest" file="/home/travis/build/IcecaveStudios/collections/test/suite/Icecave/Collections/CommonMapTest.php" line="579" assertions="3" time="0.013188"/>
      <testcase name="testTryAdd" class="Icecave\Collections\CommonMapTest" file="/home/travis/build/IcecaveStudios/collections/test/suite/Icecave/Collections/CommonMapTest.php" line="579" assertions="3" time="0.006628"/>
      <testcase name="testReplace" class="Icecave\Collections\CommonMapTest" file="/home/travis/build/IcecaveStudios/collections/test/suite/Icecave/Collections/CommonMapTest.php" line="586" assertions="2" time="0.014658"/>
      <testcase name="testReplace" class="Icecave\Collections\CommonMapTest" file="/home/travis/build/IcecaveStudios/collections/test/suite/Icecave/Collections/CommonMapTest.php" line="586" assertions="2" time="0.006223"/>
      <testcase name="testReplaceFailure" class="Icecave\Collections\CommonMapTest" file="/home/travis/build/IcecaveStudios/collections/test/suite/Icecave/Collections/CommonMapTest.php" line="595" assertions="2" time="0.007192"/>
      <testcase name="testReplaceFailure" class="Icecave\Collections\CommonMapTest" file="/home/travis/build/IcecaveStudios/collections/test/suite/Icecave/Collections/CommonMapTest.php" line="595" assertions="2" time="0.006221"/>
      <testcase name="testTryReplace" class="Icecave\Collections\CommonMapTest" file="/home/travis/build/IcecaveStudios/collections/test/suite/Icecave/Collections/CommonMapTest.php" line="601" assertions="3" time="0.014465"/>
      <testcase name="testTryReplace" class="Icecave\Collections\CommonMapTest" file="/home/travis/build/IcecaveStudios/collections/test/suite/Icecave/Collections/CommonMapTest.php" line="601" assertions="3" time="0.006458"/>
      <testcase name="testTryReplaceFailure" class="Icecave\Collections\CommonMapTest" file="/home/travis/build/IcecaveStudios/collections/test/suite/Icecave/Collections/CommonMapTest.php" line="611" assertions="2" time="0.007480"/>
      <testcase name="testTryReplaceFailure" class="Icecave\Collections\CommonMapTest" file="/home/travis/build/IcecaveStudios/collections/test/suite/Icecave/Collections/CommonMapTest.php" line="611" assertions="2" time="0.006180"/>
      <testcase name="testRemove" class="Icecave\Collections\CommonMapTest" file="/home/travis/build/IcecaveStudios/collections/test/suite/Icecave/Collections/CommonMapTest.php" line="617" assertions="2" time="0.013551"/>
      <testcase name="testRemove" class="Icecave\Collections\CommonMapTest" file="/home/travis/build/IcecaveStudios/collections/test/suite/Icecave/Collections/CommonMapTest.php" line="617" assertions="2" time="0.006100"/>
      <testcase name="testRemoveFailure" class="Icecave\Collections\CommonMapTest" file="/home/travis/build/IcecaveStudios/collections/test/suite/Icecave/Collections/CommonMapTest.php" line="626" assertions="2" time="0.007002"/>
      <testcase name="testRemoveFailure" class="Icecave\Collections\CommonMapTest" file="/home/travis/build/IcecaveStudios/collections/test/suite/Icecave/Collections/CommonMapTest.php" line="626" assertions="2" time="0.006373"/>
      <testcase name="testTryRemove" class="Icecave\Collections\CommonMapTest" file="/home/travis/build/IcecaveStudios/collections/test/suite/Icecave/Collections/CommonMapTest.php" line="632" assertions="5" time="0.012917"/>
      <testcase name="testTryRemove" class="Icecave\Collections\CommonMapTest" file="/home/travis/build/IcecaveStudios/collections/test/suite/Icecave/Collections/CommonMapTest.php" line="632" assertions="5" time="0.007471"/>
      <testcase name="testMergeInPlace" class="Icecave\Collections\CommonMapTest" file="/home/travis/build/IcecaveStudios/collections/test/suite/Icecave/Collections/CommonMapTest.php" line="646" assertions="1" time="0.025410"/>
      <testcase name="testMergeInPlace" class="Icecave\Collections\CommonMapTest" file="/home/travis/build/IcecaveStudios/collections/test/suite/Icecave/Collections/CommonMapTest.php" line="646" assertions="1" time="0.008277"/>
      <testcase name="testSwap" class="Icecave\Collections\CommonMapTest" file="/home/travis/build/IcecaveStudios/collections/test/suite/Icecave/Collections/CommonMapTest.php" line="660" assertions="1" time="0.032957"/>
      <testcase name="testSwap" class="Icecave\Collections\CommonMapTest" file="/home/travis/build/IcecaveStudios/collections/test/suite/Icecave/Collections/CommonMapTest.php" line="660" assertions="1" time="0.007854"/>
      <testcase name="testSwapFailureWithUnknownSource" class="Icecave\Collections\CommonMapTest" file="/home/travis/build/IcecaveStudios/collections/test/suite/Icecave/Collections/CommonMapTest.php" line="673" assertions="2" time="0.013275"/>
      <testcase name="testSwapFailureWithUnknownSource" class="Icecave\Collections\CommonMapTest" file="/home/travis/build/IcecaveStudios/collections/test/suite/Icecave/Collections/CommonMapTest.php" line="673" assertions="2" time="0.006838"/>
      <testcase name="testSwapFailureWithUnknownTarget" class="Icecave\Collections\CommonMapTest" file="/home/travis/build/IcecaveStudios/collections/test/suite/Icecave/Collections/CommonMapTest.php" line="681" assertions="2" time="0.012606"/>
      <testcase name="testSwapFailureWithUnknownTarget" class="Icecave\Collections\CommonMapTest" file="/home/travis/build/IcecaveStudios/collections/test/suite/Icecave/Collections/CommonMapTest.php" line="681" assertions="2" time="0.006768"/>
      <testcase name="testTrySwap" class="Icecave\Collections\CommonMapTest" file="/home/travis/build/IcecaveStudios/collections/test/suite/Icecave/Collections/CommonMapTest.php" line="689" assertions="2" time="0.032117"/>
      <testcase name="testTrySwap" class="Icecave\Collections\CommonMapTest" file="/home/travis/build/IcecaveStudios/collections/test/suite/Icecave/Collections/CommonMapTest.php" line="689" assertions="2" time="0.008237"/>
      <testcase name="testTrySwapFailureWithUnknownSource" class="Icecave\Collections\CommonMapTest" file="/home/travis/build/IcecaveStudios/collections/test/suite/Icecave/Collections/CommonMapTest.php" line="702" assertions="2" time="0.012977"/>
      <testcase name="testTrySwapFailureWithUnknownSource" class="Icecave\Collections\CommonMapTest" file="/home/travis/build/IcecaveStudios/collections/test/suite/Icecave/Collections/CommonMapTest.php" line="702" assertions="2" time="0.006947"/>
      <testcase name="testTrySwapFailureWithUnknownTarget" class="Icecave\Collections\CommonMapTest" file="/home/travis/build/IcecaveStudios/collections/test/suite/Icecave/Collections/CommonMapTest.php" line="711" assertions="2" time="0.013140"/>
      <testcase name="testTrySwapFailureWithUnknownTarget" class="Icecave\Collections\CommonMapTest" file="/home/travis/build/IcecaveStudios/collections/test/suite/Icecave/Collections/CommonMapTest.php" line="711" assertions="2" time="0.007055"/>
      <testsuite name="Icecave\Collections\CommonMapTest::testMove" tests="12" assertions="14" failures="0" errors="0" time="0.248957">
        <testcase name="testMove with data set &quot;lo-hi&quot;" assertions="1" time="0.035044"/>
        <testcase name="testMove with data set &quot;lo-hi&quot;" assertions="1" time="0.008199"/>
        <testcase name="testMove with data set &quot;hi-lo&quot;" assertions="1" time="0.031939"/>
        <testcase name="testMove with data set &quot;hi-lo&quot;" assertions="1" time="0.008268"/>
        <testcase name="testMove with data set &quot;new key lo-hi&quot;" assertions="1" time="0.034388"/>
        <testcase name="testMove with data set &quot;new key lo-hi&quot;" assertions="1" time="0.008664"/>
        <testcase name="testMove with data set &quot;new key hi-lo&quot;" assertions="1" time="0.033190"/>
        <testcase name="testMove with data set &quot;new key hi-lo&quot;" assertions="1" time="0.008167"/>
        <testcase name="testMove with data set &quot;same key&quot;" assertions="1" time="0.032105"/>
        <testcase name="testMove with data set &quot;same key&quot;" assertions="1" time="0.008956"/>
        <testcase name="testMove with data set &quot;failure&quot;" assertions="2" time="0.031590"/>
        <testcase name="testMove with data set &quot;failure&quot;" assertions="2" time="0.008447"/>
      </testsuite>
      <testsuite name="Icecave\Collections\CommonMapTest::testTryMove" tests="12" assertions="22" failures="0" errors="0" time="0.241507">
        <testcase name="testTryMove with data set &quot;lo-hi&quot;" assertions="2" time="0.032370"/>
        <testcase name="testTryMove with data set &quot;lo-hi&quot;" assertions="2" time="0.008488"/>
        <testcase name="testTryMove with data set &quot;hi-lo&quot;" assertions="2" time="0.033101"/>
        <testcase name="testTryMove with data set &quot;hi-lo&quot;" assertions="2" time="0.008602"/>
        <testcase name="testTryMove with data set &quot;new key lo-hi&quot;" assertions="2" time="0.032582"/>
        <testcase name="testTryMove with data set &quot;new key lo-hi&quot;" assertions="2" time="0.008453"/>
        <testcase name="testTryMove with data set &quot;new key hi-lo&quot;" assertions="2" time="0.032739"/>
        <testcase name="testTryMove with data set &quot;new key hi-lo&quot;" assertions="2" time="0.008242"/>
        <testcase name="testTryMove with data set &quot;same key&quot;" assertions="2" time="0.032152"/>
        <testcase name="testTryMove with data set &quot;same key&quot;" assertions="2" time="0.008190"/>
        <testcase name="testTryMove with data set &quot;failure&quot;" assertions="1" time="0.029560"/>
        <testcase name="testTryMove with data set &quot;failure&quot;" assertions="1" time="0.007027"/>
      </testsuite>
      <testsuite name="Icecave\Collections\CommonMapTest::testRename" tests="8" assertions="12" failures="0" errors="0" time="0.161653">
        <testcase name="testRename with data set &quot;lo-hi&quot;" assertions="1" time="0.031342"/>
        <testcase name="testRename with data set &quot;lo-hi&quot;" assertions="1" time="0.007975"/>
        <testcase name="testRename with data set &quot;hi-lo&quot;" assertions="1" time="0.034023"/>
        <testcase name="testRename with data set &quot;hi-lo&quot;" assertions="1" time="0.007921"/>
        <testcase name="testRename with data set &quot;failure - source key&quot;" assertions="2" time="0.032004"/>
        <testcase name="testRename with data set &quot;failure - source key&quot;" assertions="2" time="0.008414"/>
        <testcase name="testRename with data set &quot;failure - target key&quot;" assertions="2" time="0.031841"/>
        <testcase name="testRename with data set &quot;failure - target key&quot;" assertions="2" time="0.008133"/>
      </testsuite>
      <testsuite name="Icecave\Collections\CommonMapTest::testTryRename" tests="8" assertions="12" failures="0" errors="0" time="0.160024">
        <testcase name="testTryRename with data set &quot;lo-hi&quot;" assertions="2" time="0.032252"/>
        <testcase name="testTryRename with data set &quot;lo-hi&quot;" assertions="2" time="0.008372"/>
        <testcase name="testTryRename with data set &quot;hi-lo&quot;" assertions="2" time="0.032964"/>
        <testcase name="testTryRename with data set &quot;hi-lo&quot;" assertions="2" time="0.008078"/>
        <testcase name="testTryRename with data set &quot;failure - source key&quot;" assertions="1" time="0.033528"/>
        <testcase name="testTryRename with data set &quot;failure - source key&quot;" assertions="1" time="0.007289"/>
        <testcase name="testTryRename with data set &quot;failure - target key&quot;" assertions="1" time="0.029996"/>
        <testcase name="testTryRename with data set &quot;failure - target key&quot;" assertions="1" time="0.007545"/>
      </testsuite>
      <testcase name="testCount" class="Icecave\Collections\CommonMapTest" file="/home/travis/build/IcecaveStudios/collections/test/suite/Icecave/Collections/CommonMapTest.php" line="828" assertions="3" time="0.015483"/>
      <testcase name="testCount" class="Icecave\Collections\CommonMapTest" file="/home/travis/build/IcecaveStudios/collections/test/suite/Icecave/Collections/CommonMapTest.php" line="828" assertions="3" time="0.007084"/>
      <testcase name="testIteration" class="Icecave\Collections\CommonMapTest" file="/home/travis/build/IcecaveStudios/collections/test/suite/Icecave/Collections/CommonMapTest.php" line="847" assertions="1" time="0.017214"/>
      <testcase name="testIteration" class="Icecave\Collections\CommonMapTest" file="/home/travis/build/IcecaveStudios/collections/test/suite/Icecave/Collections/CommonMapTest.php" line="847" assertions="1" time="0.007345"/>
      <testcase name="testIteratorKeyLimitationWorkaround" class="Icecave\Collections\CommonMapTest" file="/home/travis/build/IcecaveStudios/collections/test/suite/Icecave/Collections/CommonMapTest.php" line="862" assertions="6" time="0.015288"/>
      <testcase name="testIteratorKeyLimitationWorkaround" class="Icecave\Collections\CommonMapTest" file="/home/travis/build/IcecaveStudios/collections/test/suite/Icecave/Collections/CommonMapTest.php" line="862" assertions="6" time="0.007794"/>
      <testcase name="testOffsetExists" class="Icecave\Collections\CommonMapTest" file="/home/travis/build/IcecaveStudios/collections/test/suite/Icecave/Collections/CommonMapTest.php" line="893" assertions="2" time="0.010830"/>
      <testcase name="testOffsetExists" class="Icecave\Collections\CommonMapTest" file="/home/travis/build/IcecaveStudios/collections/test/suite/Icecave/Collections/CommonMapTest.php" line="893" assertions="2" time="0.006701"/>
      <testcase name="testOffsetGet" class="Icecave\Collections\CommonMapTest" file="/home/travis/build/IcecaveStudios/collections/test/suite/Icecave/Collections/CommonMapTest.php" line="902" assertions="1" time="0.010039"/>
      <testcase name="testOffsetGet" class="Icecave\Collections\CommonMapTest" file="/home/travis/build/IcecaveStudios/collections/test/suite/Icecave/Collections/CommonMapTest.php" line="902" assertions="1" time="0.005858"/>
      <testcase name="testOffsetGetFailure" class="Icecave\Collections\CommonMapTest" file="/home/travis/build/IcecaveStudios/collections/test/suite/Icecave/Collections/CommonMapTest.php" line="909" assertions="2" time="0.007223"/>
      <testcase name="testOffsetGetFailure" class="Icecave\Collections\CommonMapTest" file="/home/travis/build/IcecaveStudios/collections/test/suite/Icecave/Collections/CommonMapTest.php" line="909" assertions="2" time="0.006484"/>
      <testcase name="testOffsetSet" class="Icecave\Collections\CommonMapTest" file="/home/travis/build/IcecaveStudios/collections/test/suite/Icecave/Collections/CommonMapTest.php" line="916" assertions="1" time="0.006999"/>
      <testcase name="testOffsetSet" class="Icecave\Collections\CommonMapTest" file="/home/travis/build/IcecaveStudios/collections/test/suite/Icecave/Collections/CommonMapTest.php" line="916" assertions="1" time="0.005457"/>
      <testcase name="testOffsetUnset" class="Icecave\Collections\CommonMapTest" file="/home/travis/build/IcecaveStudios/collections/test/suite/Icecave/Collections/CommonMapTest.php" line="923" assertions="1" time="0.006595"/>
      <testcase name="testOffsetUnset" class="Icecave\Collections\CommonMapTest" file="/home/travis/build/IcecaveStudios/collections/test/suite/Icecave/Collections/CommonMapTest.php" line="923" assertions="1" time="0.005367"/>
    </testsuite>
    <testsuite name="Icecave\Collections\CommonSetTest" file="/home/travis/build/IcecaveStudios/collections/test/suite/Icecave/Collections/CommonSetTest.php" namespace="Icecave\Collections" fullPackage="Icecave.Collections" tests="458" assertions="704" failures="0" errors="0" time="6.491593">
      <testcase name="testConstructor" class="Icecave\Collections\CommonSetTest" file="/home/travis/build/IcecaveStudios/collections/test/suite/Icecave/Collections/CommonSetTest.php" line="90" assertions="1" time="0.004878"/>
      <testcase name="testConstructor" class="Icecave\Collections\CommonSetTest" file="/home/travis/build/IcecaveStudios/collections/test/suite/Icecave/Collections/CommonSetTest.php" line="90" assertions="1" time="0.004770"/>
      <testcase name="testConstructorWithArray" class="Icecave\Collections\CommonSetTest" file="/home/travis/build/IcecaveStudios/collections/test/suite/Icecave/Collections/CommonSetTest.php" line="95" assertions="1" time="0.025259"/>
      <testcase name="testConstructorWithArray" class="Icecave\Collections\CommonSetTest" file="/home/travis/build/IcecaveStudios/collections/test/suite/Icecave/Collections/CommonSetTest.php" line="95" assertions="1" time="0.009646"/>
      <testcase name="testClone" class="Icecave\Collections\CommonSetTest" file="/home/travis/build/IcecaveStudios/collections/test/suite/Icecave/Collections/CommonSetTest.php" line="101" assertions="2" time="0.018131"/>
      <testcase name="testClone" class="Icecave\Collections\CommonSetTest" file="/home/travis/build/IcecaveStudios/collections/test/suite/Icecave/Collections/CommonSetTest.php" line="101" assertions="2" time="0.007818"/>
      <testcase name="testSize" class="Icecave\Collections\CommonSetTest" file="/home/travis/build/IcecaveStudios/collections/test/suite/Icecave/Collections/CommonSetTest.php" line="116" assertions="3" time="0.013979"/>
      <testcase name="testSize" class="Icecave\Collections\CommonSetTest" file="/home/travis/build/IcecaveStudios/collections/test/suite/Icecave/Collections/CommonSetTest.php" line="116" assertions="3" time="0.006789"/>
      <testcase name="testIsEmpty" class="Icecave\Collections\CommonSetTest" file="/home/travis/build/IcecaveStudios/collections/test/suite/Icecave/Collections/CommonSetTest.php" line="127" assertions="3" time="0.008986"/>
      <testcase name="testIsEmpty" class="Icecave\Collections\CommonSetTest" file="/home/travis/build/IcecaveStudios/collections/test/suite/Icecave/Collections/CommonSetTest.php" line="127" assertions="3" time="0.006714"/>
      <testcase name="testToString" class="Icecave\Collections\CommonSetTest" file="/home/travis/build/IcecaveStudios/collections/test/suite/Icecave/Collections/CommonSetTest.php" line="138" assertions="3" time="0.025626"/>
      <testcase name="testToString" class="Icecave\Collections\CommonSetTest" file="/home/travis/build/IcecaveStudios/collections/test/suite/Icecave/Collections/CommonSetTest.php" line="138" assertions="3" time="0.009725"/>
      <testcase name="testClear" class="Icecave\Collections\CommonSetTest" file="/home/travis/build/IcecaveStudios/collections/test/suite/Icecave/Collections/CommonSetTest.php" line="153" assertions="1" time="0.007025"/>
      <testcase name="testClear" class="Icecave\Collections\CommonSetTest" file="/home/travis/build/IcecaveStudios/collections/test/suite/Icecave/Collections/CommonSetTest.php" line="153" assertions="1" time="0.005524"/>
      <testcase name="testIteratorTraits" class="Icecave\Collections\CommonSetTest" file="/home/travis/build/IcecaveStudios/collections/test/suite/Icecave/Collections/CommonSetTest.php" line="165" assertions="1" time="0.008098"/>
      <testcase name="testIteratorTraits" class="Icecave\Collections\CommonSetTest" file="/home/travis/build/IcecaveStudios/collections/test/suite/Icecave/Collections/CommonSetTest.php" line="165" assertions="1" time="0.007934"/>
      <testcase name="testElements" class="Icecave\Collections\CommonSetTest" file="/home/travis/build/IcecaveStudios/collections/test/suite/Icecave/Collections/CommonSetTest.php" line="174" assertions="2" time="0.013060"/>
      <testcase name="testElements" class="Icecave\Collections\CommonSetTest" file="/home/travis/build/IcecaveStudios/collections/test/suite/Icecave/Collections/CommonSetTest.php" line="174" assertions="2" time="0.006200"/>
      <testcase name="testContains" class="Icecave\Collections\CommonSetTest" file="/home/travis/build/IcecaveStudios/collections/test/suite/Icecave/Collections/CommonSetTest.php" line="182" assertions="2" time="0.010315"/>
      <testcase name="testContains" class="Icecave\Collections\CommonSetTest" file="/home/travis/build/IcecaveStudios/collections/test/suite/Icecave/Collections/CommonSetTest.php" line="182" assertions="2" time="0.006806"/>
      <testcase name="testFilter" class="Icecave\Collections\CommonSetTest" file="/home/travis/build/IcecaveStudios/collections/test/suite/Icecave/Collections/CommonSetTest.php" line="190" assertions="2" time="0.016673"/>
      <testcase name="testFilter" class="Icecave\Collections\CommonSetTest" file="/home/travis/build/IcecaveStudios/collections/test/suite/Icecave/Collections/CommonSetTest.php" line="190" assertions="2" time="0.007187"/>
      <testcase name="testFilterWithPredicate" class="Icecave\Collections\CommonSetTest" file="/home/travis/build/IcecaveStudios/collections/test/suite/Icecave/Collections/CommonSetTest.php" line="199" assertions="2" time="0.025574"/>
      <testcase name="testFilterWithPredicate" class="Icecave\Collections\CommonSetTest" file="/home/travis/build/IcecaveStudios/collections/test/suite/Icecave/Collections/CommonSetTest.php" line="199" assertions="2" time="0.008126"/>
      <testcase name="testMap" class="Icecave\Collections\CommonSetTest" file="/home/travis/build/IcecaveStudios/collections/test/suite/Icecave/Collections/CommonSetTest.php" line="213" assertions="2" time="0.027350"/>
      <testcase name="testMap" class="Icecave\Collections\CommonSetTest" file="/home/travis/build/IcecaveStudios/collections/test/suite/Icecave/Collections/CommonSetTest.php" line="213" assertions="2" time="0.008056"/>
      <testcase name="testPartition" class="Icecave\Collections\CommonSetTest" file="/home/travis/build/IcecaveStudios/collections/test/suite/Icecave/Collections/CommonSetTest.php" line="227" assertions="6" time="0.030421"/>
      <testcase name="testPartition" class="Icecave\Collections\CommonSetTest" file="/home/travis/build/IcecaveStudios/collections/test/suite/Icecave/Collections/CommonSetTest.php" line="227" assertions="6" time="0.009891"/>
      <testcase name="testEach" class="Icecave\Collections\CommonSetTest" file="/home/travis/build/IcecaveStudios/collections/test/suite/Icecave/Collections/CommonSetTest.php" line="249" assertions="1" time="0.013140"/>
      <testcase name="testEach" class="Icecave\Collections\CommonSetTest" file="/home/travis/build/IcecaveStudios/collections/test/suite/Icecave/Collections/CommonSetTest.php" line="249" assertions="1" time="0.006053"/>
      <testcase name="testAll" class="Icecave\Collections\CommonSetTest" file="/home/travis/build/IcecaveStudios/collections/test/suite/Icecave/Collections/CommonSetTest.php" line="269" assertions="2" time="0.013504"/>
      <testcase name="testAll" class="Icecave\Collections\CommonSetTest" file="/home/travis/build/IcecaveStudios/collections/test/suite/Icecave/Collections/CommonSetTest.php" line="269" assertions="2" time="0.006616"/>
      <testcase name="testAny" class="Icecave\Collections\CommonSetTest" file="/home/travis/build/IcecaveStudios/collections/test/suite/Icecave/Collections/CommonSetTest.php" line="290" assertions="2" time="0.013911"/>
      <testcase name="testAny" class="Icecave\Collections\CommonSetTest" file="/home/travis/build/IcecaveStudios/collections/test/suite/Icecave/Collections/CommonSetTest.php" line="290" assertions="2" time="0.006780"/>
      <testcase name="testFilterInPlace" class="Icecave\Collections\CommonSetTest" file="/home/travis/build/IcecaveStudios/collections/test/suite/Icecave/Collections/CommonSetTest.php" line="315" assertions="1" time="0.014443"/>
      <testcase name="testFilterInPlace" class="Icecave\Collections\CommonSetTest" file="/home/travis/build/IcecaveStudios/collections/test/suite/Icecave/Collections/CommonSetTest.php" line="315" assertions="1" time="0.006679"/>
      <testcase name="testFilterInPlaceWithPredicate" class="Icecave\Collections\CommonSetTest" file="/home/travis/build/IcecaveStudios/collections/test/suite/Icecave/Collections/CommonSetTest.php" line="324" assertions="1" time="0.023757"/>
      <testcase name="testFilterInPlaceWithPredicate" class="Icecave\Collections\CommonSetTest" file="/home/travis/build/IcecaveStudios/collections/test/suite/Icecave/Collections/CommonSetTest.php" line="324" assertions="1" time="0.007341"/>
      <testcase name="testMapInPlace" class="Icecave\Collections\CommonSetTest" file="/home/travis/build/IcecaveStudios/collections/test/suite/Icecave/Collections/CommonSetTest.php" line="337" assertions="1" time="0.015032"/>
      <testcase name="testMapInPlace" class="Icecave\Collections\CommonSetTest" file="/home/travis/build/IcecaveStudios/collections/test/suite/Icecave/Collections/CommonSetTest.php" line="337" assertions="1" time="0.007342"/>
      <testcase name="testCount" class="Icecave\Collections\CommonSetTest" file="/home/travis/build/IcecaveStudios/collections/test/suite/Icecave/Collections/CommonSetTest.php" line="354" assertions="3" time="0.014158"/>
      <testcase name="testCount" class="Icecave\Collections\CommonSetTest" file="/home/travis/build/IcecaveStudios/collections/test/suite/Icecave/Collections/CommonSetTest.php" line="354" assertions="3" time="0.007052"/>
      <testcase name="testIteration" class="Icecave\Collections\CommonSetTest" file="/home/travis/build/IcecaveStudios/collections/test/suite/Icecave/Collections/CommonSetTest.php" line="369" assertions="1" time="0.015018"/>
      <testcase name="testIteration" class="Icecave\Collections\CommonSetTest" file="/home/travis/build/IcecaveStudios/collections/test/suite/Icecave/Collections/CommonSetTest.php" line="369" assertions="1" time="0.008015"/>
      <testcase name="testCascade" class="Icecave\Collections\CommonSetTest" file="/home/travis/build/IcecaveStudios/collections/test/suite/Icecave/Collections/CommonSetTest.php" line="383" assertions="1" time="0.020011"/>
      <testcase name="testCascade" class="Icecave\Collections\CommonSetTest" file="/home/travis/build/IcecaveStudios/collections/test/suite/Icecave/Collections/CommonSetTest.php" line="383" assertions="1" time="0.006577"/>
      <testcase name="testCascadeFailure" class="Icecave\Collections\CommonSetTest" file="/home/travis/build/IcecaveStudios/collections/test/suite/Icecave/Collections/CommonSetTest.php" line="390" assertions="2" time="0.008351"/>
      <testcase name="testCascadeFailure" class="Icecave\Collections\CommonSetTest" file="/home/travis/build/IcecaveStudios/collections/test/suite/Icecave/Collections/CommonSetTest.php" line="390" assertions="2" time="0.007057"/>
      <testcase name="testCascadeWithDefault" class="Icecave\Collections\CommonSetTest" file="/home/travis/build/IcecaveStudios/collections/test/suite/Icecave/Collections/CommonSetTest.php" line="397" assertions="2" time="0.022147"/>
      <testcase name="testCascadeWithDefault" class="Icecave\Collections\CommonSetTest" file="/home/travis/build/IcecaveStudios/collections/test/suite/Icecave/Collections/CommonSetTest.php" line="397" assertions="2" time="0.008384"/>
      <testcase name="testCascadeIterable" class="Icecave\Collections\CommonSetTest" file="/home/travis/build/IcecaveStudios/collections/test/suite/Icecave/Collections/CommonSetTest.php" line="406" assertions="1" time="0.019933"/>
      <testcase name="testCascadeIterable" class="Icecave\Collections\CommonSetTest" file="/home/travis/build/IcecaveStudios/collections/test/suite/Icecave/Collections/CommonSetTest.php" line="406" assertions="1" time="0.006574"/>
      <testcase name="testCascadeIterableWithDefault" class="Icecave\Collections\CommonSetTest" file="/home/travis/build/IcecaveStudios/collections/test/suite/Icecave/Collections/CommonSetTest.php" line="413" assertions="2" time="0.022710"/>
      <testcase name="testCascadeIterableWithDefault" class="Icecave\Collections\CommonSetTest" file="/home/travis/build/IcecaveStudios/collections/test/suite/Icecave/Collections/CommonSetTest.php" line="413" assertions="2" time="0.008656"/>
      <testcase name="testAdd" class="Icecave\Collections\CommonSetTest" file="/home/travis/build/IcecaveStudios/collections/test/suite/Icecave/Collections/CommonSetTest.php" line="422" assertions="6" time="0.017402"/>
      <testcase name="testAdd" class="Icecave\Collections\CommonSetTest" file="/home/travis/build/IcecaveStudios/collections/test/suite/Icecave/Collections/CommonSetTest.php" line="422" assertions="6" time="0.009067"/>
      <testcase name="testAddIgnoresDuplicates" class="Icecave\Collections\CommonSetTest" file="/home/travis/build/IcecaveStudios/collections/test/suite/Icecave/Collections/CommonSetTest.php" line="435" assertions="1" time="0.009743"/>
      <testcase name="testAddIgnoresDuplicates" class="Icecave\Collections\CommonSetTest" file="/home/travis/build/IcecaveStudios/collections/test/suite/Icecave/Collections/CommonSetTest.php" line="435" assertions="1" time="0.006664"/>
      <testcase name="testAddMaintainsSortOrder" class="Icecave\Collections\CommonSetTest" file="/home/travis/build/IcecaveStudios/collections/test/suite/Icecave/Collections/CommonSetTest.php" line="443" assertions="1" time="0.015544"/>
      <testcase name="testAddMaintainsSortOrder" class="Icecave\Collections\CommonSetTest" file="/home/travis/build/IcecaveStudios/collections/test/suite/Icecave/Collections/CommonSetTest.php" line="443" assertions="1" time="0.006945"/>
      <testcase name="testAddMany" class="Icecave\Collections\CommonSetTest" file="/home/travis/build/IcecaveStudios/collections/test/suite/Icecave/Collections/CommonSetTest.php" line="452" assertions="1" time="0.019184"/>
      <testcase name="testAddMany" class="Icecave\Collections\CommonSetTest" file="/home/travis/build/IcecaveStudios/collections/test/suite/Icecave/Collections/CommonSetTest.php" line="452" assertions="1" time="0.006620"/>
      <testcase name="testRemove" class="Icecave\Collections\CommonSetTest" file="/home/travis/build/IcecaveStudios/collections/test/suite/Icecave/Collections/CommonSetTest.php" line="459" assertions="3" time="0.012118"/>
      <testcase name="testRemove" class="Icecave\Collections\CommonSetTest" file="/home/travis/build/IcecaveStudios/collections/test/suite/Icecave/Collections/CommonSetTest.php" line="459" assertions="3" time="0.007513"/>
      <testcase name="testRemoveMany" class="Icecave\Collections\CommonSetTest" file="/home/travis/build/IcecaveStudios/collections/test/suite/Icecave/Collections/CommonSetTest.php" line="468" assertions="1" time="0.031896"/>
      <testcase name="testRemoveMany" class="Icecave\Collections\CommonSetTest" file="/home/travis/build/IcecaveStudios/collections/test/suite/Icecave/Collections/CommonSetTest.php" line="468" assertions="1" time="0.008104"/>
      <testsuite name="Icecave\Collections\CommonSetTest::testIsEqualSet" tests="26" assertions="52" failures="0" errors="0" time="0.389023">
        <testcase name="testIsEqualSet with data set &quot;empty&quot;" assertions="2" time="0.008997"/>
        <testcase name="testIsEqualSet with data set &quot;empty&quot;" assertions="2" time="0.007732"/>
        <testcase name="testIsEqualSet with data set &quot;empty lhs&quot;" assertions="2" time="0.013207"/>
        <testcase name="testIsEqualSet with data set &quot;empty lhs&quot;" assertions="2" time="0.008727"/>
        <testcase name="testIsEqualSet with data set &quot;empty rhs&quot;" assertions="2" time="0.014574"/>
        <testcase name="testIsEqualSet with data set &quot;empty rhs&quot;" assertions="2" time="0.008267"/>
        <testcase name="testIsEqualSet with data set &quot;non-intersecting less&quot;" assertions="2" time="0.022297"/>
        <testcase name="testIsEqualSet with data set &quot;non-intersecting less&quot;" assertions="2" time="0.009152"/>
        <testcase name="testIsEqualSet with data set &quot;non-intersecting greater&quot;" assertions="2" time="0.020950"/>
        <testcase name="testIsEqualSet with data set &quot;non-intersecting greater&quot;" assertions="2" time="0.009486"/>
        <testcase name="testIsEqualSet with data set &quot;interleaved #1&quot;" assertions="2" time="0.021654"/>
        <testcase name="testIsEqualSet with data set &quot;interleaved #1&quot;" assertions="2" time="0.009735"/>
        <testcase name="testIsEqualSet with data set &quot;interleaved #2&quot;" assertions="2" time="0.021549"/>
        <testcase name="testIsEqualSet with data set &quot;interleaved #2&quot;" assertions="2" time="0.010008"/>
        <testcase name="testIsEqualSet with data set &quot;partial matches&quot;" assertions="2" time="0.021497"/>
        <testcase name="testIsEqualSet with data set &quot;partial matches&quot;" assertions="2" time="0.009524"/>
        <testcase name="testIsEqualSet with data set &quot;equal set&quot;" assertions="2" time="0.029265"/>
        <testcase name="testIsEqualSet with data set &quot;equal set&quot;" assertions="2" time="0.009431"/>
        <testcase name="testIsEqualSet with data set &quot;proper superset&quot;" assertions="2" time="0.021126"/>
        <testcase name="testIsEqualSet with data set &quot;proper superset&quot;" assertions="2" time="0.009589"/>
        <testcase name="testIsEqualSet with data set &quot;proper subset&quot;" assertions="2" time="0.021692"/>
        <testcase name="testIsEqualSet with data set &quot;proper subset&quot;" assertions="2" time="0.010075"/>
        <testcase name="testIsEqualSet with data set &quot;intersecting at tail/head&quot;" assertions="2" time="0.025765"/>
        <testcase name="testIsEqualSet with data set &quot;intersecting at tail/head&quot;" assertions="2" time="0.009300"/>
        <testcase name="testIsEqualSet with data set &quot;intersecting at head/tail&quot;" assertions="2" time="0.026366"/>
        <testcase name="testIsEqualSet with data set &quot;intersecting at head/tail&quot;" assertions="2" time="0.009058"/>
      </testsuite>
      <testcase name="testIsEqualSetIncompatible" class="Icecave\Collections\CommonSetTest" file="/home/travis/build/IcecaveStudios/collections/test/suite/Icecave/Collections/CommonSetTest.php" line="489" assertions="2" time="0.005707"/>
      <testcase name="testIsEqualSetIncompatible" class="Icecave\Collections\CommonSetTest" file="/home/travis/build/IcecaveStudios/collections/test/suite/Icecave/Collections/CommonSetTest.php" line="489" assertions="2" time="0.005576"/>
      <testsuite name="Icecave\Collections\CommonSetTest::testIsSuperSet" tests="26" assertions="26" failures="0" errors="0" time="0.366187">
        <testcase name="testIsSuperSet with data set &quot;empty&quot;" assertions="1" time="0.007020"/>
        <testcase name="testIsSuperSet with data set &quot;empty&quot;" assertions="1" time="0.006983"/>
        <testcase name="testIsSuperSet with data set &quot;empty lhs&quot;" assertions="1" time="0.012024"/>
        <testcase name="testIsSuperSet with data set &quot;empty lhs&quot;" assertions="1" time="0.007495"/>
        <testcase name="testIsSuperSet with data set &quot;empty rhs&quot;" assertions="1" time="0.011533"/>
        <testcase name="testIsSuperSet with data set &quot;empty rhs&quot;" assertions="1" time="0.006988"/>
        <testcase name="testIsSuperSet with data set &quot;non-intersecting less&quot;" assertions="1" time="0.018820"/>
        <testcase name="testIsSuperSet with data set &quot;non-intersecting less&quot;" assertions="1" time="0.008256"/>
        <testcase name="testIsSuperSet with data set &quot;non-intersecting greater&quot;" assertions="1" time="0.018427"/>
        <testcase name="testIsSuperSet with data set &quot;non-intersecting greater&quot;" assertions="1" time="0.008152"/>
        <testcase name="testIsSuperSet with data set &quot;interleaved #1&quot;" assertions="1" time="0.024460"/>
        <testcase name="testIsSuperSet with data set &quot;interleaved #1&quot;" assertions="1" time="0.008496"/>
        <testcase name="testIsSuperSet with data set &quot;interleaved #2&quot;" assertions="1" time="0.020404"/>
        <testcase name="testIsSuperSet with data set &quot;interleaved #2&quot;" assertions="1" time="0.008805"/>
        <testcase name="testIsSuperSet with data set &quot;partial matches&quot;" assertions="1" time="0.025456"/>
        <testcase name="testIsSuperSet with data set &quot;partial matches&quot;" assertions="1" time="0.008264"/>
        <testcase name="testIsSuperSet with data set &quot;equal set&quot;" assertions="1" time="0.021515"/>
        <testcase name="testIsSuperSet with data set &quot;equal set&quot;" assertions="1" time="0.008261"/>
        <testcase name="testIsSuperSet with data set &quot;proper superset&quot;" assertions="1" time="0.030023"/>
        <testcase name="testIsSuperSet with data set &quot;proper superset&quot;" assertions="1" time="0.010027"/>
        <testcase name="testIsSuperSet with data set &quot;proper subset&quot;" assertions="1" time="0.023256"/>
        <testcase name="testIsSuperSet with data set &quot;proper subset&quot;" assertions="1" time="0.010437"/>
        <testcase name="testIsSuperSet with data set &quot;intersecting at tail/head&quot;" assertions="1" time="0.022032"/>
        <testcase name="testIsSuperSet with data set &quot;intersecting at tail/head&quot;" assertions="1" time="0.009491"/>
        <testcase name="testIsSuperSet with data set &quot;intersecting at head/tail&quot;" assertions="1" time="0.020145"/>
        <testcase name="testIsSuperSet with data set &quot;intersecting at head/tail&quot;" assertions="1" time="0.009417"/>
      </testsuite>
      <testcase name="testIsSuperSetIncompatible" class="Icecave\Collections\CommonSetTest" file="/home/travis/build/IcecaveStudios/collections/test/suite/Icecave/Collections/CommonSetTest.php" line="506" assertions="2" time="0.006428"/>
      <testcase name="testIsSuperSetIncompatible" class="Icecave\Collections\CommonSetTest" file="/home/travis/build/IcecaveStudios/collections/test/suite/Icecave/Collections/CommonSetTest.php" line="506" assertions="2" time="0.006684"/>
      <testsuite name="Icecave\Collections\CommonSetTest::testIsSubSet" tests="26" assertions="26" failures="0" errors="0" time="0.343179">
        <testcase name="testIsSubSet with data set &quot;empty&quot;" assertions="1" time="0.007034"/>
        <testcase name="testIsSubSet with data set &quot;empty&quot;" assertions="1" time="0.006590"/>
        <testcase name="testIsSubSet with data set &quot;empty lhs&quot;" assertions="1" time="0.011769"/>
        <testcase name="testIsSubSet with data set &quot;empty lhs&quot;" assertions="1" time="0.007837"/>
        <testcase name="testIsSubSet with data set &quot;empty rhs&quot;" assertions="1" time="0.012261"/>
        <testcase name="testIsSubSet with data set &quot;empty rhs&quot;" assertions="1" time="0.007130"/>
        <testcase name="testIsSubSet with data set &quot;non-intersecting less&quot;" assertions="1" time="0.018635"/>
        <testcase name="testIsSubSet with data set &quot;non-intersecting less&quot;" assertions="1" time="0.008224"/>
        <testcase name="testIsSubSet with data set &quot;non-intersecting greater&quot;" assertions="1" time="0.018994"/>
        <testcase name="testIsSubSet with data set &quot;non-intersecting greater&quot;" assertions="1" time="0.008210"/>
        <testcase name="testIsSubSet with data set &quot;interleaved #1&quot;" assertions="1" time="0.019456"/>
        <testcase name="testIsSubSet with data set &quot;interleaved #1&quot;" assertions="1" time="0.008451"/>
        <testcase name="testIsSubSet with data set &quot;interleaved #2&quot;" assertions="1" time="0.024899"/>
        <testcase name="testIsSubSet with data set &quot;interleaved #2&quot;" assertions="1" time="0.008718"/>
        <testcase name="testIsSubSet with data set &quot;partial matches&quot;" assertions="1" time="0.019756"/>
        <testcase name="testIsSubSet with data set &quot;partial matches&quot;" assertions="1" time="0.008603"/>
        <testcase name="testIsSubSet with data set &quot;equal set&quot;" assertions="1" time="0.022354"/>
        <testcase name="testIsSubSet with data set &quot;equal set&quot;" assertions="1" time="0.008137"/>
        <testcase name="testIsSubSet with data set &quot;proper superset&quot;" assertions="1" time="0.020188"/>
        <testcase name="testIsSubSet with data set &quot;proper superset&quot;" assertions="1" time="0.008587"/>
        <testcase name="testIsSubSet with data set &quot;proper subset&quot;" assertions="1" time="0.024369"/>
        <testcase name="testIsSubSet with data set &quot;proper subset&quot;" assertions="1" time="0.008638"/>
        <testcase name="testIsSubSet with data set &quot;intersecting at tail/head&quot;" assertions="1" time="0.018235"/>
        <testcase name="testIsSubSet with data set &quot;intersecting at tail/head&quot;" assertions="1" time="0.008393"/>
        <testcase name="testIsSubSet with data set &quot;intersecting at head/tail&quot;" assertions="1" time="0.019305"/>
        <testcase name="testIsSubSet with data set &quot;intersecting at head/tail&quot;" assertions="1" time="0.008406"/>
      </testsuite>
      <testcase name="testIsSubSetIncompatible" class="Icecave\Collections\CommonSetTest" file="/home/travis/build/IcecaveStudios/collections/test/suite/Icecave/Collections/CommonSetTest.php" line="523" assertions="2" time="0.005516"/>
      <testcase name="testIsSubSetIncompatible" class="Icecave\Collections\CommonSetTest" file="/home/travis/build/IcecaveStudios/collections/test/suite/Icecave/Collections/CommonSetTest.php" line="523" assertions="2" time="0.005476"/>
      <testsuite name="Icecave\Collections\CommonSetTest::testIsProperSuperSet" tests="26" assertions="26" failures="0" errors="0" time="0.358011">
        <testcase name="testIsProperSuperSet with data set &quot;empty&quot;" assertions="1" time="0.007366"/>
        <testcase name="testIsProperSuperSet with data set &quot;empty&quot;" assertions="1" time="0.006529"/>
[...]
      <testcase name="testRangeWithEndBeforeBegin" class="Icecave\Collections\VectorTest" file="/home/travis/build/IcecaveStudios/collections/test/suite/Icecave/Collections/VectorTest.php" line="760" assertions="2" time="0.008129"/>
      <testcase name="testRangeWithInvalidBegin" class="Icecave\Collections\VectorTest" file="/home/travis/build/IcecaveStudios/collections/test/suite/Icecave/Collections/VectorTest.php" line="770" assertions="2" time="0.007134"/>
      <testcase name="testRangeWithInvalidEnd" class="Icecave\Collections\VectorTest" file="/home/travis/build/IcecaveStudios/collections/test/suite/Icecave/Collections/VectorTest.php" line="776" assertions="2" time="0.008480"/>
      <testsuite name="Icecave\Collections\VectorTest::testIndexOf" tests="6" assertions="6" failures="0" errors="0" time="0.048925">
        <testcase name="testIndexOf with data set &quot;empty&quot;" assertions="1" time="0.007345"/>
        <testcase name="testIndexOf with data set &quot;match&quot;" assertions="1" time="0.007968"/>
        <testcase name="testIndexOf with data set &quot;no match&quot;" assertions="1" time="0.008685"/>
        <testcase name="testIndexOf with data set &quot;begin index&quot;" assertions="1" time="0.008028"/>
        <testcase name="testIndexOf with data set &quot;range match&quot;" assertions="1" time="0.009097"/>
        <testcase name="testIndexOf with data set &quot;range no match&quot;" assertions="1" time="0.007802"/>
      </testsuite>
      <testsuite name="Icecave\Collections\VectorTest::testIndexOfLast" tests="6" assertions="6" failures="0" errors="0" time="0.048133">
        <testcase name="testIndexOfLast with data set &quot;empty&quot;" assertions="1" time="0.007428"/>
        <testcase name="testIndexOfLast with data set &quot;match&quot;" assertions="1" time="0.007944"/>
        <testcase name="testIndexOfLast with data set &quot;no match&quot;" assertions="1" time="0.008114"/>
        <testcase name="testIndexOfLast with data set &quot;begin index&quot;" assertions="1" time="0.008074"/>
        <testcase name="testIndexOfLast with data set &quot;range match&quot;" assertions="1" time="0.007936"/>
        <testcase name="testIndexOfLast with data set &quot;range no match&quot;" assertions="1" time="0.008637"/>
      </testsuite>
      <testsuite name="Icecave\Collections\VectorTest::testFind" tests="6" assertions="6" failures="0" errors="0" time="0.048573">
        <testcase name="testFind with data set &quot;empty&quot;" assertions="1" time="0.007164"/>
        <testcase name="testFind with data set &quot;match&quot;" assertions="1" time="0.008134"/>
        <testcase name="testFind with data set &quot;no match&quot;" assertions="1" time="0.008270"/>
        <testcase name="testFind with data set &quot;begin index&quot;" assertions="1" time="0.008612"/>
        <testcase name="testFind with data set &quot;range match&quot;" assertions="1" time="0.007826"/>
        <testcase name="testFind with data set &quot;range no match&quot;" assertions="1" time="0.008567"/>
      </testsuite>
      <testsuite name="Icecave\Collections\VectorTest::testFindLast" tests="6" assertions="6" failures="0" errors="0" time="0.047145">
        <testcase name="testFindLast with data set &quot;empty&quot;" assertions="1" time="0.007849"/>
        <testcase name="testFindLast with data set &quot;match&quot;" assertions="1" time="0.007705"/>
        <testcase name="testFindLast with data set &quot;no match&quot;" assertions="1" time="0.008087"/>
        <testcase name="testFindLast with data set &quot;begin index&quot;" assertions="1" time="0.007895"/>
        <testcase name="testFindLast with data set &quot;range match&quot;" assertions="1" time="0.007890"/>
        <testcase name="testFindLast with data set &quot;range no match&quot;" assertions="1" time="0.007719"/>
      </testsuite>
      <testcase name="testSet" class="Icecave\Collections\VectorTest" file="/home/travis/build/IcecaveStudios/collections/test/suite/Icecave/Collections/VectorTest.php" line="868" assertions="1" time="0.007774"/>
      <testcase name="testSetWithNegativeIndex" class="Icecave\Collections\VectorTest" file="/home/travis/build/IcecaveStudios/collections/test/suite/Icecave/Collections/VectorTest.php" line="877" assertions="1" time="0.007801"/>
      <testcase name="testSetWithInvalidIndex" class="Icecave\Collections\VectorTest" file="/home/travis/build/IcecaveStudios/collections/test/suite/Icecave/Collections/VectorTest.php" line="886" assertions="2" time="0.007132"/>
      <testcase name="testInsert" class="Icecave\Collections\VectorTest" file="/home/travis/build/IcecaveStudios/collections/test/suite/Icecave/Collections/VectorTest.php" line="892" assertions="2" time="0.009470"/>
      <testcase name="testInsertWithNegativeIndex" class="Icecave\Collections\VectorTest" file="/home/travis/build/IcecaveStudios/collections/test/suite/Icecave/Collections/VectorTest.php" line="901" assertions="2" time="0.009644"/>
      <testcase name="testInsertAtEnd" class="Icecave\Collections\VectorTest" file="/home/travis/build/IcecaveStudios/collections/test/suite/Icecave/Collections/VectorTest.php" line="910" assertions="2" time="0.009597"/>
      <testcase name="testInsertWithInvalidIndex" class="Icecave\Collections\VectorTest" file="/home/travis/build/IcecaveStudios/collections/test/suite/Icecave/Collections/VectorTest.php" line="919" assertions="2" time="0.007404"/>
      <testcase name="testInsertMany" class="Icecave\Collections\VectorTest" file="/home/travis/build/IcecaveStudios/collections/test/suite/Icecave/Collections/VectorTest.php" line="925" assertions="1" time="0.008591"/>
      <testcase name="testInsertManyAtEnd" class="Icecave\Collections\VectorTest" file="/home/travis/build/IcecaveStudios/collections/test/suite/Icecave/Collections/VectorTest.php" line="934" assertions="1" time="0.008861"/>
      <testcase name="testInsertManyWithEmptyElements" class="Icecave\Collections\VectorTest" file="/home/travis/build/IcecaveStudios/collections/test/suite/Icecave/Collections/VectorTest.php" line="943" assertions="1" time="0.008100"/>
      <testcase name="testInsertManyWithNegativeIndex" class="Icecave\Collections\VectorTest" file="/home/travis/build/IcecaveStudios/collections/test/suite/Icecave/Collections/VectorTest.php" line="952" assertions="1" time="0.008558"/>
      <testcase name="testInsertManyWithInvalidIndex" class="Icecave\Collections\VectorTest" file="/home/travis/build/IcecaveStudios/collections/test/suite/Icecave/Collections/VectorTest.php" line="961" assertions="2" time="0.007165"/>
      <testcase name="testInsertManyWithUncountableIterator" class="Icecave\Collections\VectorTest" file="/home/travis/build/IcecaveStudios/collections/test/suite/Icecave/Collections/VectorTest.php" line="967" assertions="1" time="0.010810"/>
      <testcase name="testInsertManyWithUncountableIteratorAndExistingCapacity" class="Icecave\Collections\VectorTest" file="/home/travis/build/IcecaveStudios/collections/test/suite/Icecave/Collections/VectorTest.php" line="976" assertions="1" time="0.011581"/>
      <testcase name="testInsertManyAtStartWithUncountableIterator" class="Icecave\Collections\VectorTest" file="/home/travis/build/IcecaveStudios/collections/test/suite/Icecave/Collections/VectorTest.php" line="986" assertions="1" time="0.010001"/>
      <testcase name="testInsertManyAtEndWithUncountableIterator" class="Icecave\Collections\VectorTest" file="/home/travis/build/IcecaveStudios/collections/test/suite/Icecave/Collections/VectorTest.php" line="993" assertions="1" time="0.010419"/>
      <testcase name="testInsertManyWithUncountableIteratorAndMoreElementsThanFirstExpansion" class="Icecave\Collections\VectorTest" file="/home/travis/build/IcecaveStudios/collections/test/suite/Icecave/Collections/VectorTest.php" line="1002" assertions="4" time="0.013925"/>
      <testcase name="testInsertRange" class="Icecave\Collections\VectorTest" file="/home/travis/build/IcecaveStudios/collections/test/suite/Icecave/Collections/VectorTest.php" line="1016" assertions="2" time="0.009576"/>
      <testcase name="testInsertRangeEmpty" class="Icecave\Collections\VectorTest" file="/home/travis/build/IcecaveStudios/collections/test/suite/Icecave/Collections/VectorTest.php" line="1027" assertions="1" time="0.008729"/>
      <testcase name="testRemove" class="Icecave\Collections\VectorTest" file="/home/travis/build/IcecaveStudios/collections/test/suite/Icecave/Collections/VectorTest.php" line="1038" assertions="2" time="0.010791"/>
      <testcase name="testRemoveWithNegativeIndex" class="Icecave\Collections\VectorTest" file="/home/travis/build/IcecaveStudios/collections/test/suite/Icecave/Collections/VectorTest.php" line="1047" assertions="2" time="0.009170"/>
      <testcase name="testRemoveWithInvalidIndex" class="Icecave\Collections\VectorTest" file="/home/travis/build/IcecaveStudios/collections/test/suite/Icecave/Collections/VectorTest.php" line="1056" assertions="2" time="0.007254"/>
      <testcase name="testRemoveMany" class="Icecave\Collections\VectorTest" file="/home/travis/build/IcecaveStudios/collections/test/suite/Icecave/Collections/VectorTest.php" line="1062" assertions="4" time="0.010520"/>
      <testcase name="testRemoveManyWithCount" class="Icecave\Collections\VectorTest" file="/home/travis/build/IcecaveStudios/collections/test/suite/Icecave/Collections/VectorTest.php" line="1071" assertions="3" time="0.009645"/>
      <testcase name="testRemoveManyWithCountOverflow" class="Icecave\Collections\VectorTest" file="/home/travis/build/IcecaveStudios/collections/test/suite/Icecave/Collections/VectorTest.php" line="1080" assertions="4" time="0.010710"/>
      <testcase name="testRemoveManyWithNegativeIndex" class="Icecave\Collections\VectorTest" file="/home/travis/build/IcecaveStudios/collections/test/suite/Icecave/Collections/VectorTest.php" line="1089" assertions="3" time="0.009764"/>
      <testcase name="testRemoveManyWithInvalidIndex" class="Icecave\Collections\VectorTest" file="/home/travis/build/IcecaveStudios/collections/test/suite/Icecave/Collections/VectorTest.php" line="1098" assertions="2" time="0.007973"/>
      <testcase name="testRemoveRange" class="Icecave\Collections\VectorTest" file="/home/travis/build/IcecaveStudios/collections/test/suite/Icecave/Collections/VectorTest.php" line="1104" assertions="3" time="0.009980"/>
      <testcase name="testRemoveRangeToEnd" class="Icecave\Collections\VectorTest" file="/home/travis/build/IcecaveStudios/collections/test/suite/Icecave/Collections/VectorTest.php" line="1113" assertions="3" time="0.009917"/>
      <testcase name="testRemoveRangeWithNegativeIndex" class="Icecave\Collections\VectorTest" file="/home/travis/build/IcecaveStudios/collections/test/suite/Icecave/Collections/VectorTest.php" line="1122" assertions="3" time="0.009857"/>
      <testcase name="testRemoveRangeWithEndBeforeBegin" class="Icecave\Collections\VectorTest" file="/home/travis/build/IcecaveStudios/collections/test/suite/Icecave/Collections/VectorTest.php" line="1131" assertions="1" time="0.008067"/>
      <testcase name="testRemoveRangeWithInvalidBegin" class="Icecave\Collections\VectorTest" file="/home/travis/build/IcecaveStudios/collections/test/suite/Icecave/Collections/VectorTest.php" line="1140" assertions="2" time="0.007292"/>
      <testcase name="testRemoveRangeWithInvalidEnd" class="Icecave\Collections\VectorTest" file="/home/travis/build/IcecaveStudios/collections/test/suite/Icecave/Collections/VectorTest.php" line="1146" assertions="2" time="0.008447"/>
      <testcase name="testReplace" class="Icecave\Collections\VectorTest" file="/home/travis/build/IcecaveStudios/collections/test/suite/Icecave/Collections/VectorTest.php" line="1154" assertions="2" time="0.009270"/>
      <testcase name="testReplaceWithCount" class="Icecave\Collections\VectorTest" file="/home/travis/build/IcecaveStudios/collections/test/suite/Icecave/Collections/VectorTest.php" line="1163" assertions="1" time="0.008159"/>
      <testcase name="testReplaceWithCountOverflow" class="Icecave\Collections\VectorTest" file="/home/travis/build/IcecaveStudios/collections/test/suite/Icecave/Collections/VectorTest.php" line="1172" assertions="2" time="0.009069"/>
      <testcase name="testReplaceWithRemoveMore" class="Icecave\Collections\VectorTest" file="/home/travis/build/IcecaveStudios/collections/test/suite/Icecave/Collections/VectorTest.php" line="1181" assertions="2" time="0.009282"/>
      <testcase name="testReplaceWithNegativeIndex" class="Icecave\Collections\VectorTest" file="/home/travis/build/IcecaveStudios/collections/test/suite/Icecave/Collections/VectorTest.php" line="1190" assertions="1" time="0.008658"/>
      <testcase name="testReplaceWithInvalidIndex" class="Icecave\Collections\VectorTest" file="/home/travis/build/IcecaveStudios/collections/test/suite/Icecave/Collections/VectorTest.php" line="1199" assertions="2" time="0.007363"/>
      <testcase name="testReplaceWithUncountableIterator" class="Icecave\Collections\VectorTest" file="/home/travis/build/IcecaveStudios/collections/test/suite/Icecave/Collections/VectorTest.php" line="1205" assertions="6" time="0.016669"/>
      <testcase name="testReplaceWithUncountableIteratorAndCount" class="Icecave\Collections\VectorTest" file="/home/travis/build/IcecaveStudios/collections/test/suite/Icecave/Collections/VectorTest.php" line="1214" assertions="5" time="0.015996"/>
      <testcase name="testReplaceWithUncountableIteratorAddMore" class="Icecave\Collections\VectorTest" file="/home/travis/build/IcecaveStudios/collections/test/suite/Icecave/Collections/VectorTest.php" line="1223" assertions="4" time="0.014494"/>
      <testcase name="testReplaceWithUncountableIteratorRemoveMore" class="Icecave\Collections\VectorTest" file="/home/travis/build/IcecaveStudios/collections/test/suite/Icecave/Collections/VectorTest.php" line="1232" assertions="6" time="0.016432"/>
      <testcase name="testReplaceRange" class="Icecave\Collections\VectorTest" file="/home/travis/build/IcecaveStudios/collections/test/suite/Icecave/Collections/VectorTest.php" line="1241" assertions="1" time="0.008607"/>
      <testcase name="testReplaceRangeWithNegativeIndices" class="Icecave\Collections\VectorTest" file="/home/travis/build/IcecaveStudios/collections/test/suite/Icecave/Collections/VectorTest.php" line="1250" assertions="1" time="0.008434"/>
      <testcase name="testReplaceRangeWithZeroLength" class="Icecave\Collections\VectorTest" file="/home/travis/build/IcecaveStudios/collections/test/suite/Icecave/Collections/VectorTest.php" line="1259" assertions="3" time="0.010395"/>
      <testcase name="testReplaceRangeWithEndBeforeBegin" class="Icecave\Collections\VectorTest" file="/home/travis/build/IcecaveStudios/collections/test/suite/Icecave/Collections/VectorTest.php" line="1268" assertions="3" time="0.010550"/>
      <testcase name="testReplaceRangeWithInvalidBegin" class="Icecave\Collections\VectorTest" file="/home/travis/build/IcecaveStudios/collections/test/suite/Icecave/Collections/VectorTest.php" line="1277" assertions="2" time="0.007210"/>
      <testcase name="testReplaceRangeWithInvalidEnd" class="Icecave\Collections\VectorTest" file="/home/travis/build/IcecaveStudios/collections/test/suite/Icecave/Collections/VectorTest.php" line="1283" assertions="2" time="0.008685"/>
      <testcase name="testSwap" class="Icecave\Collections\VectorTest" file="/home/travis/build/IcecaveStudios/collections/test/suite/Icecave/Collections/VectorTest.php" line="1291" assertions="1" time="0.007808"/>
      <testcase name="testSwapWithNegativeIndices" class="Icecave\Collections\VectorTest" file="/home/travis/build/IcecaveStudios/collections/test/suite/Icecave/Collections/VectorTest.php" line="1300" assertions="1" time="0.007831"/>
      <testcase name="testSwapWithInvalidIndex1" class="Icecave\Collections\VectorTest" file="/home/travis/build/IcecaveStudios/collections/test/suite/Icecave/Collections/VectorTest.php" line="1309" assertions="2" time="0.007377"/>
      <testcase name="testSwapWithInvalidIndex2" class="Icecave\Collections\VectorTest" file="/home/travis/build/IcecaveStudios/collections/test/suite/Icecave/Collections/VectorTest.php" line="1315" assertions="2" time="0.008793"/>
      <testcase name="testTrySwap" class="Icecave\Collections\VectorTest" file="/home/travis/build/IcecaveStudios/collections/test/suite/Icecave/Collections/VectorTest.php" line="1323" assertions="2" time="0.008195"/>
      <testcase name="testTrySwapWithNegativeIndices" class="Icecave\Collections\VectorTest" file="/home/travis/build/IcecaveStudios/collections/test/suite/Icecave/Collections/VectorTest.php" line="1332" assertions="2" time="0.007965"/>
      <testcase name="testTrySwapWithInvalidIndex1" class="Icecave\Collections\VectorTest" file="/home/travis/build/IcecaveStudios/collections/test/suite/Icecave/Collections/VectorTest.php" line="1341" assertions="1" time="0.006439"/>
      <testcase name="testTrySwapWithInvalidIndex2" class="Icecave\Collections\VectorTest" file="/home/travis/build/IcecaveStudios/collections/test/suite/Icecave/Collections/VectorTest.php" line="1346" assertions="1" time="0.007622"/>
      <testcase name="testCount" class="Icecave\Collections\VectorTest" file="/home/travis/build/IcecaveStudios/collections/test/suite/Icecave/Collections/VectorTest.php" line="1357" assertions="3" time="0.009487"/>
      <testcase name="testIteration" class="Icecave\Collections\VectorTest" file="/home/travis/build/IcecaveStudios/collections/test/suite/Icecave/Collections/VectorTest.php" line="1376" assertions="1" time="0.011393"/>
      <testcase name="testSeek" class="Icecave\Collections\VectorTest" file="/home/travis/build/IcecaveStudios/collections/test/suite/Icecave/Collections/VectorTest.php" line="1391" assertions="1" time="0.008071"/>
      <testcase name="testSeekBackwards" class="Icecave\Collections\VectorTest" file="/home/travis/build/IcecaveStudios/collections/test/suite/Icecave/Collections/VectorTest.php" line="1402" assertions="1" time="0.008451"/>
      <testcase name="testOffsetExists" class="Icecave\Collections\VectorTest" file="/home/travis/build/IcecaveStudios/collections/test/suite/Icecave/Collections/VectorTest.php" line="1421" assertions="2" time="0.007590"/>
      <testcase name="testOffsetGet" class="Icecave\Collections\VectorTest" file="/home/travis/build/IcecaveStudios/collections/test/suite/Icecave/Collections/VectorTest.php" line="1430" assertions="1" time="0.006832"/>
      <testcase name="testOffsetGetFailure" class="Icecave\Collections\VectorTest" file="/home/travis/build/IcecaveStudios/collections/test/suite/Icecave/Collections/VectorTest.php" line="1437" assertions="2" time="0.007498"/>
      <testcase name="testOffsetSet" class="Icecave\Collections\VectorTest" file="/home/travis/build/IcecaveStudios/collections/test/suite/Icecave/Collections/VectorTest.php" line="1444" assertions="2" time="0.007602"/>
      <testcase name="testOffsetUnset" class="Icecave\Collections\VectorTest" file="/home/travis/build/IcecaveStudios/collections/test/suite/Icecave/Collections/VectorTest.php" line="1455" assertions="2" time="0.009338"/>
      <testcase name="testCapacity" class="Icecave\Collections\VectorTest" file="/home/travis/build/IcecaveStudios/collections/test/suite/Icecave/Collections/VectorTest.php" line="1468" assertions="5" time="0.010612"/>
      <testcase name="testReserve" class="Icecave\Collections\VectorTest" file="/home/travis/build/IcecaveStudios/collections/test/suite/Icecave/Collections/VectorTest.php" line="1489" assertions="11" time="0.015458"/>
      <testcase name="testShrink" class="Icecave\Collections\VectorTest" file="/home/travis/build/IcecaveStudios/collections/test/suite/Icecave/Collections/VectorTest.php" line="1496" assertions="1" time="0.007105"/>
    </testsuite>
  </testsuite>
</testsuites>
